{"/Users/yusukeyoshioka/projects/youtube/ai-chat/ai-chat-api/src/jobs/knowledgeBaseQueue.ts": {"path":"/Users/yusukeyoshioka/projects/youtube/ai-chat/ai-chat-api/src/jobs/knowledgeBaseQueue.ts","statementMap":{"0":{"start":{"line":1,"column":0},"end":{"line":1,"column":24}},"1":{"start":{"line":2,"column":0},"end":{"line":2,"column":76}},"2":{"start":{"line":3,"column":0},"end":{"line":3,"column":39}},"3":{"start":{"line":5,"column":13},"end":{"line":10,"column":3}},"4":{"start":{"line":13,"column":0},"end":{"line":31,"column":3}},"5":{"start":{"line":13,"column":57},"end":{"line":31,"column":2}},"6":{"start":{"line":14,"column":47},"end":{"line":14,"column":55}},"7":{"start":{"line":16,"column":2},"end":{"line":19,"column":5}},"8":{"start":{"line":21,"column":2},"end":{"line":30,"column":3}},"9":{"start":{"line":22,"column":4},"end":{"line":22,"column":69}},"10":{"start":{"line":23,"column":4},"end":{"line":23,"column":70}},"11":{"start":{"line":25,"column":4},"end":{"line":28,"column":7}},"12":{"start":{"line":29,"column":4},"end":{"line":29,"column":16}},"13":{"start":{"line":34,"column":0},"end":{"line":36,"column":3}},"14":{"start":{"line":35,"column":2},"end":{"line":35,"column":59}}},"fnMap":{"0":{"name":"(anonymous_8)","decl":{"start":{"line":13,"column":43},"end":{"line":13,"column":50}},"loc":{"start":{"line":13,"column":57},"end":{"line":31,"column":2}}},"1":{"name":"(anonymous_9)","decl":{"start":{"line":13,"column":57},"end":{"line":13,"column":null}},"loc":{"start":{"line":13,"column":57},"end":{"line":31,"column":1}}},"2":{"name":"(anonymous_10)","decl":{"start":{"line":34,"column":34},"end":{"line":34,"column":35}},"loc":{"start":{"line":34,"column":52},"end":{"line":36,"column":1}}}},"branchMap":{"0":{"loc":{"start":{"line":7,"column":10},"end":{"line":7,"column":47}},"type":"binary-expr","locations":[{"start":{"line":7,"column":10},"end":{"line":7,"column":32}},{"start":{"line":7,"column":36},"end":{"line":7,"column":47}}]},"1":{"loc":{"start":{"line":8,"column":19},"end":{"line":8,"column":51}},"type":"binary-expr","locations":[{"start":{"line":8,"column":19},"end":{"line":8,"column":41}},{"start":{"line":8,"column":45},"end":{"line":8,"column":51}}]}},"s":{"0":0,"1":0,"2":0,"3":0,"4":0,"5":0,"6":0,"7":0,"8":0,"9":0,"10":0,"11":0,"12":0,"13":0,"14":0},"f":{"0":0,"1":0,"2":0},"b":{"0":[0,0],"1":[0,0]}}
,"/Users/yusukeyoshioka/projects/youtube/ai-chat/ai-chat-api/src/jobs/trainingQueue.ts": {"path":"/Users/yusukeyoshioka/projects/youtube/ai-chat/ai-chat-api/src/jobs/trainingQueue.ts","statementMap":{"0":{"start":{"line":1,"column":0},"end":{"line":1,"column":24}},"1":{"start":{"line":2,"column":0},"end":{"line":2,"column":62}},"2":{"start":{"line":3,"column":0},"end":{"line":3,"column":39}},"3":{"start":{"line":5,"column":13},"end":{"line":10,"column":3}},"4":{"start":{"line":13,"column":0},"end":{"line":46,"column":3}},"5":{"start":{"line":13,"column":56},"end":{"line":46,"column":2}},"6":{"start":{"line":21,"column":6},"end":{"line":21,"column":14}},"7":{"start":{"line":23,"column":2},"end":{"line":26,"column":5}},"8":{"start":{"line":28,"column":2},"end":{"line":45,"column":3}},"9":{"start":{"line":29,"column":4},"end":{"line":36,"column":7}},"10":{"start":{"line":38,"column":4},"end":{"line":38,"column":66}},"11":{"start":{"line":40,"column":4},"end":{"line":43,"column":7}},"12":{"start":{"line":44,"column":4},"end":{"line":44,"column":16}}},"fnMap":{"0":{"name":"(anonymous_8)","decl":{"start":{"line":13,"column":42},"end":{"line":13,"column":49}},"loc":{"start":{"line":13,"column":56},"end":{"line":46,"column":2}}},"1":{"name":"(anonymous_9)","decl":{"start":{"line":13,"column":56},"end":{"line":13,"column":null}},"loc":{"start":{"line":13,"column":56},"end":{"line":46,"column":1}}}},"branchMap":{"0":{"loc":{"start":{"line":7,"column":10},"end":{"line":7,"column":47}},"type":"binary-expr","locations":[{"start":{"line":7,"column":10},"end":{"line":7,"column":32}},{"start":{"line":7,"column":36},"end":{"line":7,"column":47}}]},"1":{"loc":{"start":{"line":8,"column":19},"end":{"line":8,"column":51}},"type":"binary-expr","locations":[{"start":{"line":8,"column":19},"end":{"line":8,"column":41}},{"start":{"line":8,"column":45},"end":{"line":8,"column":51}}]}},"s":{"0":0,"1":0,"2":0,"3":0,"4":0,"5":0,"6":0,"7":0,"8":0,"9":0,"10":0,"11":0,"12":0},"f":{"0":0,"1":0},"b":{"0":[0,0],"1":[0,0]}}
,"/Users/yusukeyoshioka/projects/youtube/ai-chat/ai-chat-api/src/lib/analytics.ts": {"path":"/Users/yusukeyoshioka/projects/youtube/ai-chat/ai-chat-api/src/lib/analytics.ts","statementMap":{"0":{"start":{"line":1,"column":0},"end":{"line":1,"column":34}},"1":{"start":{"line":38,"column":2},"end":{"line":58,"column":3}},"2":{"start":{"line":39,"column":4},"end":{"line":54,"column":7}},"3":{"start":{"line":56,"column":4},"end":{"line":56,"column":51}},"4":{"start":{"line":37,"column":0},"end":{"line":37,"column":22}},"5":{"start":{"line":65,"column":2},"end":{"line":70,"column":4}},"6":{"start":{"line":64,"column":0},"end":{"line":64,"column":16}},"7":{"start":{"line":77,"column":20},"end":{"line":77,"column":47}},"8":{"start":{"line":78,"column":13},"end":{"line":78,"column":57}},"9":{"start":{"line":79,"column":20},"end":{"line":79,"column":61}},"10":{"start":{"line":81,"column":2},"end":{"line":83,"column":18}},"11":{"start":{"line":76,"column":0},"end":{"line":76,"column":16}},"12":{"start":{"line":89,"column":13},"end":{"line":113,"column":11}},"13":{"start":{"line":127,"column":2},"end":{"line":133,"column":5}},"14":{"start":{"line":118,"column":0},"end":{"line":118,"column":22}},"15":{"start":{"line":149,"column":2},"end":{"line":156,"column":5}},"16":{"start":{"line":139,"column":0},"end":{"line":139,"column":22}},"17":{"start":{"line":174,"column":2},"end":{"line":184,"column":5}},"18":{"start":{"line":162,"column":0},"end":{"line":162,"column":22}},"19":{"start":{"line":217,"column":19},"end":{"line":224,"column":null}},"20":{"start":{"line":228,"column":22},"end":{"line":228,"column":70}},"21":{"start":{"line":231,"column":24},"end":{"line":234,"column":4}},"22":{"start":{"line":236,"column":29},"end":{"line":239,"column":4}},"23":{"start":{"line":241,"column":22},"end":{"line":241,"column":70}},"24":{"start":{"line":244,"column":29},"end":{"line":247,"column":4}},"25":{"start":{"line":248,"column":25},"end":{"line":248,"column":50}},"26":{"start":{"line":251,"column":27},"end":{"line":255,"column":4}},"27":{"start":{"line":257,"column":47},"end":{"line":257,"column":49}},"28":{"start":{"line":258,"column":2},"end":{"line":260,"column":5}},"29":{"start":{"line":259,"column":4},"end":{"line":259,"column":50}},"30":{"start":{"line":263,"column":17},"end":{"line":271,"column":4}},"31":{"start":{"line":273,"column":24},"end":{"line":273,"column":null}},"32":{"start":{"line":278,"column":2},"end":{"line":295,"column":5}},"33":{"start":{"line":279,"column":17},"end":{"line":279,"column":60}},"34":{"start":{"line":280,"column":4},"end":{"line":286,"column":5}},"35":{"start":{"line":281,"column":6},"end":{"line":285,"column":9}},"36":{"start":{"line":288,"column":21},"end":{"line":288,"column":45}},"37":{"start":{"line":289,"column":4},"end":{"line":289,"column":55}},"38":{"start":{"line":291,"column":19},"end":{"line":291,"column":52}},"39":{"start":{"line":292,"column":4},"end":{"line":292,"column":43}},"40":{"start":{"line":292,"column":16},"end":{"line":292,"column":43}},"41":{"start":{"line":294,"column":4},"end":{"line":294,"column":64}},"42":{"start":{"line":294,"column":25},"end":{"line":294,"column":64}},"43":{"start":{"line":297,"column":21},"end":{"line":304,"column":49}},"44":{"start":{"line":298,"column":29},"end":{"line":303,"column":6}},"45":{"start":{"line":304,"column":20},"end":{"line":304,"column":48}},"46":{"start":{"line":307,"column":23},"end":{"line":313,"column":4}},"47":{"start":{"line":315,"column":19},"end":{"line":318,"column":5}},"48":{"start":{"line":315,"column":47},"end":{"line":318,"column":4}},"49":{"start":{"line":321,"column":22},"end":{"line":326,"column":4}},"50":{"start":{"line":328,"column":27},"end":{"line":328,"column":29}},"51":{"start":{"line":329,"column":22},"end":{"line":329,"column":23}},"52":{"start":{"line":331,"column":2},"end":{"line":355,"column":3}},"53":{"start":{"line":332,"column":18},"end":{"line":338,"column":6}},"54":{"start":{"line":340,"column":22},"end":{"line":340,"column":34}},"55":{"start":{"line":342,"column":6},"end":{"line":346,"column":13}},"56":{"start":{"line":348,"column":4},"end":{"line":352,"column":7}},"57":{"start":{"line":354,"column":4},"end":{"line":354,"column":30}},"58":{"start":{"line":357,"column":2},"end":{"line":365,"column":4}},"59":{"start":{"line":190,"column":0},"end":{"line":190,"column":22}}},"fnMap":{"0":{"name":"trackEvent","decl":{"start":{"line":37,"column":22},"end":{"line":37,"column":32}},"loc":{"start":{"line":37,"column":57},"end":{"line":59,"column":null}}},"1":{"name":"getEventContext","decl":{"start":{"line":64,"column":16},"end":{"line":64,"column":31}},"loc":{"start":{"line":64,"column":44},"end":{"line":71,"column":1}}},"2":{"name":"generateSessionId","decl":{"start":{"line":76,"column":16},"end":{"line":76,"column":33}},"loc":{"start":{"line":76,"column":46},"end":{"line":84,"column":1}}},"3":{"name":"trackIdentify","decl":{"start":{"line":118,"column":22},"end":{"line":118,"column":35}},"loc":{"start":{"line":126,"column":1},"end":{"line":134,"column":null}}},"4":{"name":"trackMessageSent","decl":{"start":{"line":139,"column":22},"end":{"line":139,"column":38}},"loc":{"start":{"line":148,"column":1},"end":{"line":157,"column":null}}},"5":{"name":"trackConversion","decl":{"start":{"line":162,"column":22},"end":{"line":162,"column":37}},"loc":{"start":{"line":173,"column":1},"end":{"line":185,"column":null}}},"6":{"name":"getAnalytics","decl":{"start":{"line":190,"column":22},"end":{"line":190,"column":34}},"loc":{"start":{"line":196,"column":1},"end":{"line":366,"column":null}}},"7":{"name":"(anonymous_19)","decl":{"start":{"line":258,"column":27},"end":{"line":258,"column":28}},"loc":{"start":{"line":258,"column":36},"end":{"line":260,"column":3}}},"8":{"name":"(anonymous_20)","decl":{"start":{"line":278,"column":17},"end":{"line":278,"column":18}},"loc":{"start":{"line":278,"column":27},"end":{"line":295,"column":3}}},"9":{"name":"(anonymous_21)","decl":{"start":{"line":298,"column":9},"end":{"line":298,"column":10}},"loc":{"start":{"line":298,"column":29},"end":{"line":303,"column":6}}},"10":{"name":"(anonymous_22)","decl":{"start":{"line":304,"column":10},"end":{"line":304,"column":11}},"loc":{"start":{"line":304,"column":20},"end":{"line":304,"column":48}}},"11":{"name":"(anonymous_23)","decl":{"start":{"line":315,"column":36},"end":{"line":315,"column":37}},"loc":{"start":{"line":315,"column":47},"end":{"line":318,"column":4}}}},"branchMap":{"0":{"loc":{"start":{"line":48,"column":20},"end":{"line":48,"column":43}},"type":"binary-expr","locations":[{"start":{"line":48,"column":20},"end":{"line":48,"column":37}},{"start":{"line":48,"column":41},"end":{"line":48,"column":43}}]},"1":{"loc":{"start":{"line":49,"column":19},"end":{"line":49,"column":44}},"type":"cond-expr","locations":[{"start":{"line":49,"column":33},"end":{"line":49,"column":35}},{"start":{"line":49,"column":33},"end":{"line":49,"column":44}}]},"2":{"loc":{"start":{"line":49,"column":19},"end":{"line":49,"column":35}},"type":"binary-expr","locations":[{"start":{"line":49,"column":19},"end":{"line":49,"column":35}},{"start":{"line":49,"column":33},"end":{"line":49,"column":35}}]},"3":{"loc":{"start":{"line":50,"column":19},"end":{"line":50,"column":44}},"type":"cond-expr","locations":[{"start":{"line":50,"column":33},"end":{"line":50,"column":35}},{"start":{"line":50,"column":33},"end":{"line":50,"column":44}}]},"4":{"loc":{"start":{"line":50,"column":19},"end":{"line":50,"column":35}},"type":"binary-expr","locations":[{"start":{"line":50,"column":19},"end":{"line":50,"column":35}},{"start":{"line":50,"column":33},"end":{"line":50,"column":35}}]},"5":{"loc":{"start":{"line":51,"column":18},"end":{"line":51,"column":42}},"type":"cond-expr","locations":[{"start":{"line":51,"column":32},"end":{"line":51,"column":34}},{"start":{"line":51,"column":32},"end":{"line":51,"column":42}}]},"6":{"loc":{"start":{"line":51,"column":18},"end":{"line":51,"column":34}},"type":"binary-expr","locations":[{"start":{"line":51,"column":18},"end":{"line":51,"column":34}},{"start":{"line":51,"column":32},"end":{"line":51,"column":34}}]},"7":{"loc":{"start":{"line":52,"column":17},"end":{"line":52,"column":40}},"type":"cond-expr","locations":[{"start":{"line":52,"column":31},"end":{"line":52,"column":33}},{"start":{"line":52,"column":31},"end":{"line":52,"column":40}}]},"8":{"loc":{"start":{"line":52,"column":17},"end":{"line":52,"column":33}},"type":"binary-expr","locations":[{"start":{"line":52,"column":17},"end":{"line":52,"column":33}},{"start":{"line":52,"column":31},"end":{"line":52,"column":33}}]},"9":{"loc":{"start":{"line":67,"column":15},"end":{"line":67,"column":53}},"type":"binary-expr","locations":[{"start":{"line":67,"column":15},"end":{"line":67,"column":21}},{"start":{"line":67,"column":25},"end":{"line":67,"column":53}}]},"10":{"loc":{"start":{"line":77,"column":20},"end":{"line":77,"column":47}},"type":"binary-expr","locations":[{"start":{"line":77,"column":20},"end":{"line":77,"column":41}},{"start":{"line":77,"column":45},"end":{"line":77,"column":47}}]},"11":{"loc":{"start":{"line":78,"column":13},"end":{"line":78,"column":57}},"type":"binary-expr","locations":[{"start":{"line":78,"column":13},"end":{"line":78,"column":19}},{"start":{"line":78,"column":23},"end":{"line":78,"column":51}},{"start":{"line":78,"column":55},"end":{"line":78,"column":57}}]},"12":{"loc":{"start":{"line":131,"column":14},"end":{"line":131,"column":33}},"type":"binary-expr","locations":[{"start":{"line":131,"column":14},"end":{"line":131,"column":27}},{"start":{"line":131,"column":31},"end":{"line":131,"column":33}}]},"13":{"loc":{"start":{"line":154,"column":19},"end":{"line":154,"column":47}},"type":"binary-expr","locations":[{"start":{"line":154,"column":19},"end":{"line":154,"column":37}},{"start":{"line":154,"column":41},"end":{"line":154,"column":47}}]},"14":{"loc":{"start":{"line":181,"column":16},"end":{"line":181,"column":40}},"type":"binary-expr","locations":[{"start":{"line":181,"column":16},"end":{"line":181,"column":31}},{"start":{"line":181,"column":35},"end":{"line":181,"column":40}}]},"15":{"loc":{"start":{"line":219,"column":8},"end":{"line":219,"column":56}},"type":"binary-expr","locations":[{"start":{"line":219,"column":8},"end":{"line":219,"column":23}},{"start":{"line":219,"column":27},"end":{"line":219,"column":56}}]},"16":{"loc":{"start":{"line":224,"column":8},"end":{"line":224,"column":69}},"type":"binary-expr","locations":[{"start":{"line":224,"column":8},"end":{"line":224,"column":25}},{"start":{"line":224,"column":29},"end":{"line":224,"column":69}}]},"17":{"loc":{"start":{"line":280,"column":4},"end":{"line":286,"column":5}},"type":"if","locations":[{"start":{"line":280,"column":4},"end":{"line":286,"column":5}},{"start":{},"end":{}}]},"18":{"loc":{"start":{"line":291,"column":19},"end":{"line":291,"column":52}},"type":"binary-expr","locations":[{"start":{"line":291,"column":19},"end":{"line":291,"column":31}},{"start":{"line":291,"column":35},"end":{"line":291,"column":52}}]},"19":{"loc":{"start":{"line":292,"column":4},"end":{"line":292,"column":43}},"type":"if","locations":[{"start":{"line":292,"column":4},"end":{"line":292,"column":43}},{"start":{},"end":{}}]},"20":{"loc":{"start":{"line":294,"column":4},"end":{"line":294,"column":64}},"type":"if","locations":[{"start":{"line":294,"column":4},"end":{"line":294,"column":64}},{"start":{},"end":{}}]},"21":{"loc":{"start":{"line":316,"column":9},"end":{"line":316,"column":27}},"type":"binary-expr","locations":[{"start":{"line":316,"column":9},"end":{"line":316,"column":21}},{"start":{"line":316,"column":25},"end":{"line":316,"column":27}}]},"22":{"loc":{"start":{"line":342,"column":6},"end":{"line":346,"column":13}},"type":"cond-expr","locations":[{"start":{"line":343,"column":10},"end":{"line":343,"column":13}},{"start":{"line":344,"column":10},"end":{"line":346,"column":13}}]},"23":{"loc":{"start":{"line":344,"column":10},"end":{"line":346,"column":13}},"type":"cond-expr","locations":[{"start":{"line":345,"column":12},"end":{"line":345,"column":45}},{"start":{"line":346,"column":12},"end":{"line":346,"column":13}}]}},"s":{"0":0,"1":0,"2":0,"3":0,"4":0,"5":0,"6":0,"7":0,"8":0,"9":0,"10":0,"11":0,"12":0,"13":0,"14":0,"15":0,"16":0,"17":0,"18":0,"19":0,"20":0,"21":0,"22":0,"23":0,"24":0,"25":0,"26":0,"27":0,"28":0,"29":0,"30":0,"31":0,"32":0,"33":0,"34":0,"35":0,"36":0,"37":0,"38":0,"39":0,"40":0,"41":0,"42":0,"43":0,"44":0,"45":0,"46":0,"47":0,"48":0,"49":0,"50":0,"51":0,"52":0,"53":0,"54":0,"55":0,"56":0,"57":0,"58":0,"59":0},"f":{"0":0,"1":0,"2":0,"3":0,"4":0,"5":0,"6":0,"7":0,"8":0,"9":0,"10":0,"11":0},"b":{"0":[0,0],"1":[0,0],"2":[0,0],"3":[0,0],"4":[0,0],"5":[0,0],"6":[0,0],"7":[0,0],"8":[0,0],"9":[0,0],"10":[0,0],"11":[0,0,0],"12":[0,0],"13":[0,0],"14":[0,0],"15":[0,0],"16":[0,0],"17":[0,0],"18":[0,0],"19":[0,0],"20":[0,0],"21":[0,0],"22":[0,0],"23":[0,0]}}
,"/Users/yusukeyoshioka/projects/youtube/ai-chat/ai-chat-api/src/lib/dataRetention.ts": {"path":"/Users/yusukeyoshioka/projects/youtube/ai-chat/ai-chat-api/src/lib/dataRetention.ts","statementMap":{"0":{"start":{"line":1,"column":0},"end":{"line":1,"column":34}},"1":{"start":{"line":2,"column":0},"end":{"line":2,"column":39}},"2":{"start":{"line":8,"column":4},"end":{"line":10,"column":5}},"3":{"start":{"line":9,"column":6},"end":{"line":9,"column":65}},"4":{"start":{"line":11,"column":4},"end":{"line":11,"column":41}},"5":{"start":{"line":15,"column":4},"end":{"line":15,"column":63}},"6":{"start":{"line":17,"column":4},"end":{"line":46,"column":5}},"7":{"start":{"line":18,"column":22},"end":{"line":23,"column":8}},"8":{"start":{"line":26,"column":6},"end":{"line":39,"column":9}},"9":{"start":{"line":27,"column":27},"end":{"line":27,"column":72}},"10":{"start":{"line":28,"column":8},"end":{"line":38,"column":9}},"11":{"start":{"line":29,"column":10},"end":{"line":31,"column":12}},"12":{"start":{"line":33,"column":10},"end":{"line":36,"column":12}},"13":{"start":{"line":37,"column":10},"end":{"line":37,"column":49}},"14":{"start":{"line":41,"column":6},"end":{"line":41,"column":63}},"15":{"start":{"line":43,"column":6},"end":{"line":43,"column":70}},"16":{"start":{"line":44,"column":6},"end":{"line":44,"column":37}},"17":{"start":{"line":45,"column":6},"end":{"line":45,"column":18}},"18":{"start":{"line":50,"column":24},"end":{"line":50,"column":34}},"19":{"start":{"line":51,"column":4},"end":{"line":51,"column":59}},"20":{"start":{"line":54,"column":25},"end":{"line":61,"column":6}},"21":{"start":{"line":63,"column":4},"end":{"line":65,"column":5}},"22":{"start":{"line":64,"column":6},"end":{"line":64,"column":15}},"23":{"start":{"line":67,"column":19},"end":{"line":67,"column":52}},"24":{"start":{"line":67,"column":45},"end":{"line":67,"column":51}},"25":{"start":{"line":70,"column":28},"end":{"line":80,"column":6}},"26":{"start":{"line":82,"column":4},"end":{"line":82,"column":33}},"27":{"start":{"line":86,"column":23},"end":{"line":86,"column":33}},"28":{"start":{"line":87,"column":4},"end":{"line":87,"column":57}},"29":{"start":{"line":91,"column":4},"end":{"line":103,"column":5}},"30":{"start":{"line":92,"column":31},"end":{"line":96,"column":8}},"31":{"start":{"line":98,"column":6},"end":{"line":98,"column":38}},"32":{"start":{"line":101,"column":6},"end":{"line":101,"column":76}},"33":{"start":{"line":102,"column":6},"end":{"line":102,"column":15}},"34":{"start":{"line":107,"column":26},"end":{"line":107,"column":36}},"35":{"start":{"line":108,"column":4},"end":{"line":108,"column":56}},"36":{"start":{"line":112,"column":33},"end":{"line":125,"column":6}},"37":{"start":{"line":127,"column":4},"end":{"line":129,"column":5}},"38":{"start":{"line":128,"column":6},"end":{"line":128,"column":15}},"39":{"start":{"line":131,"column":23},"end":{"line":131,"column":60}},"40":{"start":{"line":131,"column":55},"end":{"line":131,"column":59}},"41":{"start":{"line":134,"column":28},"end":{"line":175,"column":6}},"42":{"start":{"line":134,"column":67},"end":{"line":175,"column":6}},"43":{"start":{"line":136,"column":30},"end":{"line":144,"column":8}},"44":{"start":{"line":147,"column":29},"end":{"line":153,"column":8}},"45":{"start":{"line":156,"column":27},"end":{"line":160,"column":8}},"46":{"start":{"line":163,"column":31},"end":{"line":167,"column":8}},"47":{"start":{"line":169,"column":6},"end":{"line":174,"column":8}},"48":{"start":{"line":177,"column":4},"end":{"line":177,"column":63}},"49":{"start":{"line":178,"column":4},"end":{"line":178,"column":37}},"50":{"start":{"line":182,"column":26},"end":{"line":182,"column":36}},"51":{"start":{"line":183,"column":4},"end":{"line":183,"column":56}},"52":{"start":{"line":187,"column":4},"end":{"line":198,"column":5}},"53":{"start":{"line":188,"column":26},"end":{"line":191,"column":8}},"54":{"start":{"line":193,"column":6},"end":{"line":193,"column":33}},"55":{"start":{"line":196,"column":6},"end":{"line":196,"column":62}},"56":{"start":{"line":197,"column":6},"end":{"line":197,"column":15}},"57":{"start":{"line":203,"column":21},"end":{"line":223,"column":5}},"58":{"start":{"line":204,"column":18},"end":{"line":204,"column":28}},"59":{"start":{"line":205,"column":22},"end":{"line":205,"column":32}},"60":{"start":{"line":206,"column":6},"end":{"line":206,"column":35}},"61":{"start":{"line":209,"column":6},"end":{"line":211,"column":7}},"62":{"start":{"line":210,"column":8},"end":{"line":210,"column":47}},"63":{"start":{"line":213,"column":26},"end":{"line":213,"column":59}},"64":{"start":{"line":215,"column":6},"end":{"line":218,"column":22}},"65":{"start":{"line":215,"column":28},"end":{"line":218,"column":9}},"66":{"start":{"line":216,"column":8},"end":{"line":216,"column":44}},"67":{"start":{"line":217,"column":8},"end":{"line":217,"column":78}},"68":{"start":{"line":217,"column":26},"end":{"line":217,"column":55}},"69":{"start":{"line":220,"column":6},"end":{"line":222,"column":8}},"70":{"start":{"line":225,"column":4},"end":{"line":225,"column":15}},"71":{"start":{"line":238,"column":20},"end":{"line":238,"column":30}},"72":{"start":{"line":239,"column":4},"end":{"line":239,"column":33}},"73":{"start":{"line":240,"column":4},"end":{"line":242,"column":5}},"74":{"start":{"line":241,"column":6},"end":{"line":241,"column":45}},"75":{"start":{"line":244,"column":4},"end":{"line":272,"column":6}},"76":{"start":{"line":4,"column":0},"end":{"line":4,"column":13}},"77":{"start":{"line":276,"column":13},"end":{"line":276,"column":71}}},"fnMap":{"0":{"name":"(anonymous_13)","decl":{"start":{"line":7,"column":2},"end":{"line":7,"column":8}},"loc":{"start":{"line":7,"column":20},"end":{"line":12,"column":3}}},"1":{"name":"(anonymous_14)","decl":{"start":{"line":14,"column":8},"end":{"line":14,"column":30}},"loc":{"start":{"line":14,"column":30},"end":{"line":47,"column":null}}},"2":{"name":"(anonymous_16)","decl":{"start":{"line":26,"column":22},"end":{"line":26,"column":23}},"loc":{"start":{"line":26,"column":40},"end":{"line":39,"column":7}}},"3":{"name":"(anonymous_17)","decl":{"start":{"line":49,"column":16},"end":{"line":49,"column":34}},"loc":{"start":{"line":49,"column":34},"end":{"line":83,"column":null}}},"4":{"name":"(anonymous_19)","decl":{"start":{"line":67,"column":36},"end":{"line":67,"column":37}},"loc":{"start":{"line":67,"column":45},"end":{"line":67,"column":51}}},"5":{"name":"(anonymous_20)","decl":{"start":{"line":85,"column":16},"end":{"line":85,"column":40}},"loc":{"start":{"line":85,"column":40},"end":{"line":104,"column":null}}},"6":{"name":"(anonymous_22)","decl":{"start":{"line":106,"column":16},"end":{"line":106,"column":38}},"loc":{"start":{"line":106,"column":38},"end":{"line":179,"column":null}}},"7":{"name":"(anonymous_24)","decl":{"start":{"line":131,"column":48},"end":{"line":131,"column":49}},"loc":{"start":{"line":131,"column":55},"end":{"line":131,"column":59}}},"8":{"name":"(anonymous_25)","decl":{"start":{"line":134,"column":54},"end":{"line":134,"column":61}},"loc":{"start":{"line":134,"column":67},"end":{"line":175,"column":6}}},"9":{"name":"(anonymous_26)","decl":{"start":{"line":134,"column":67},"end":{"line":134,"column":null}},"loc":{"start":{"line":134,"column":67},"end":{"line":175,"column":5}}},"10":{"name":"(anonymous_27)","decl":{"start":{"line":181,"column":16},"end":{"line":181,"column":33}},"loc":{"start":{"line":181,"column":33},"end":{"line":199,"column":null}}},"11":{"name":"(anonymous_29)","decl":{"start":{"line":201,"column":8},"end":{"line":201,"column":31}},"loc":{"start":{"line":201,"column":31},"end":{"line":226,"column":null}}},"12":{"name":"(anonymous_31)","decl":{"start":{"line":203,"column":21},"end":{"line":203,"column":24}},"loc":{"start":{"line":203,"column":26},"end":{"line":223,"column":5}}},"13":{"name":"(anonymous_32)","decl":{"start":{"line":215,"column":17},"end":{"line":215,"column":26}},"loc":{"start":{"line":215,"column":28},"end":{"line":218,"column":9}}},"14":{"name":"(anonymous_33)","decl":{"start":{"line":215,"column":28},"end":{"line":215,"column":null}},"loc":{"start":{"line":215,"column":28},"end":{"line":218,"column":7}}},"15":{"name":"(anonymous_34)","decl":{"start":{"line":217,"column":20},"end":{"line":217,"column":23}},"loc":{"start":{"line":217,"column":26},"end":{"line":217,"column":55}}},"16":{"name":"(anonymous_35)","decl":{"start":{"line":228,"column":8},"end":{"line":228,"column":26}},"loc":{"start":{"line":228,"column":26},"end":{"line":273,"column":null}}}},"branchMap":{"0":{"loc":{"start":{"line":8,"column":4},"end":{"line":10,"column":5}},"type":"if","locations":[{"start":{"line":8,"column":4},"end":{"line":10,"column":5}},{"start":{},"end":{}}]},"1":{"loc":{"start":{"line":28,"column":8},"end":{"line":38,"column":9}},"type":"if","locations":[{"start":{"line":28,"column":8},"end":{"line":38,"column":9}},{"start":{"line":32,"column":15},"end":{"line":38,"column":9}}]},"2":{"loc":{"start":{"line":63,"column":4},"end":{"line":65,"column":5}},"type":"if","locations":[{"start":{"line":63,"column":4},"end":{"line":65,"column":5}},{"start":{},"end":{}}]},"3":{"loc":{"start":{"line":127,"column":4},"end":{"line":129,"column":5}},"type":"if","locations":[{"start":{"line":127,"column":4},"end":{"line":129,"column":5}},{"start":{},"end":{}}]},"4":{"loc":{"start":{"line":209,"column":6},"end":{"line":211,"column":7}},"type":"if","locations":[{"start":{"line":209,"column":6},"end":{"line":211,"column":7}},{"start":{},"end":{}}]},"5":{"loc":{"start":{"line":240,"column":4},"end":{"line":242,"column":5}},"type":"if","locations":[{"start":{"line":240,"column":4},"end":{"line":242,"column":5}},{"start":{},"end":{}}]}},"s":{"0":0,"1":0,"2":0,"3":0,"4":0,"5":0,"6":0,"7":0,"8":0,"9":0,"10":0,"11":0,"12":0,"13":0,"14":0,"15":0,"16":0,"17":0,"18":0,"19":0,"20":0,"21":0,"22":0,"23":0,"24":0,"25":0,"26":0,"27":0,"28":0,"29":0,"30":0,"31":0,"32":0,"33":0,"34":0,"35":0,"36":0,"37":0,"38":0,"39":0,"40":0,"41":0,"42":0,"43":0,"44":0,"45":0,"46":0,"47":0,"48":0,"49":0,"50":0,"51":0,"52":0,"53":0,"54":0,"55":0,"56":0,"57":0,"58":0,"59":0,"60":0,"61":0,"62":0,"63":0,"64":0,"65":0,"66":0,"67":0,"68":0,"69":0,"70":0,"71":0,"72":0,"73":0,"74":0,"75":0,"76":0,"77":0},"f":{"0":0,"1":0,"2":0,"3":0,"4":0,"5":0,"6":0,"7":0,"8":0,"9":0,"10":0,"11":0,"12":0,"13":0,"14":0,"15":0,"16":0},"b":{"0":[0,0],"1":[0,0],"2":[0,0],"3":[0,0],"4":[0,0],"5":[0,0]}}
,"/Users/yusukeyoshioka/projects/youtube/ai-chat/ai-chat-api/src/lib/emailTemplates.ts": {"path":"/Users/yusukeyoshioka/projects/youtube/ai-chat/ai-chat-api/src/lib/emailTemplates.ts","statementMap":{"0":{"start":{"line":18,"column":2},"end":{"line":142,"column":4}},"1":{"start":{"line":17,"column":0},"end":{"line":17,"column":16}},"2":{"start":{"line":149,"column":2},"end":{"line":308,"column":4}},"3":{"start":{"line":146,"column":0},"end":{"line":146,"column":16}},"4":{"start":{"line":315,"column":2},"end":{"line":541,"column":4}},"5":{"start":{"line":312,"column":0},"end":{"line":312,"column":16}},"6":{"start":{"line":545,"column":37},"end":{"line":574,"column":2}},"7":{"start":{"line":545,"column":60},"end":{"line":574,"column":2}},"8":{"start":{"line":545,"column":13},"end":{"line":545,"column":37}},"9":{"start":{"line":577,"column":41},"end":{"line":604,"column":2}},"10":{"start":{"line":577,"column":65},"end":{"line":604,"column":2}},"11":{"start":{"line":577,"column":13},"end":{"line":577,"column":41}}},"fnMap":{"0":{"name":"getWelcomeEmailTemplate","decl":{"start":{"line":17,"column":16},"end":{"line":17,"column":39}},"loc":{"start":{"line":17,"column":60},"end":{"line":143,"column":1}}},"1":{"name":"getUsageGuideEmailTemplate","decl":{"start":{"line":146,"column":16},"end":{"line":146,"column":42}},"loc":{"start":{"line":147,"column":22},"end":{"line":309,"column":1}}},"2":{"name":"getSuccessStoriesEmailTemplate","decl":{"start":{"line":312,"column":16},"end":{"line":312,"column":46}},"loc":{"start":{"line":313,"column":22},"end":{"line":542,"column":1}}},"3":{"name":"(anonymous_3)","decl":{"start":{"line":545,"column":37},"end":{"line":545,"column":38}},"loc":{"start":{"line":545,"column":60},"end":{"line":574,"column":2}}},"4":{"name":"(anonymous_4)","decl":{"start":{"line":577,"column":41},"end":{"line":577,"column":42}},"loc":{"start":{"line":577,"column":65},"end":{"line":604,"column":2}}}},"branchMap":{},"s":{"0":0,"1":0,"2":0,"3":0,"4":0,"5":0,"6":0,"7":0,"8":0,"9":0,"10":0,"11":0},"f":{"0":0,"1":0,"2":0,"3":0,"4":0},"b":{}}
,"/Users/yusukeyoshioka/projects/youtube/ai-chat/ai-chat-api/src/lib/logger.ts": {"path":"/Users/yusukeyoshioka/projects/youtube/ai-chat/ai-chat-api/src/lib/logger.ts","statementMap":{"0":{"start":{"line":1,"column":13},"end":{"line":14,"column":2}},"1":{"start":{"line":3,"column":4},"end":{"line":3,"column":69}},"2":{"start":{"line":6,"column":4},"end":{"line":6,"column":72}},"3":{"start":{"line":9,"column":4},"end":{"line":9,"column":70}},"4":{"start":{"line":12,"column":4},"end":{"line":12,"column":72}}},"fnMap":{"0":{"name":"(anonymous_0)","decl":{"start":{"line":2,"column":8},"end":{"line":2,"column":9}},"loc":{"start":{"line":2,"column":44},"end":{"line":4,"column":3}}},"1":{"name":"(anonymous_1)","decl":{"start":{"line":5,"column":9},"end":{"line":5,"column":10}},"loc":{"start":{"line":5,"column":45},"end":{"line":7,"column":3}}},"2":{"name":"(anonymous_2)","decl":{"start":{"line":8,"column":8},"end":{"line":8,"column":9}},"loc":{"start":{"line":8,"column":44},"end":{"line":10,"column":3}}},"3":{"name":"(anonymous_3)","decl":{"start":{"line":11,"column":9},"end":{"line":11,"column":10}},"loc":{"start":{"line":11,"column":45},"end":{"line":13,"column":3}}}},"branchMap":{"0":{"loc":{"start":{"line":3,"column":35},"end":{"line":3,"column":67}},"type":"cond-expr","locations":[{"start":{"line":3,"column":42},"end":{"line":3,"column":62}},{"start":{"line":3,"column":65},"end":{"line":3,"column":67}}]},"1":{"loc":{"start":{"line":6,"column":38},"end":{"line":6,"column":70}},"type":"cond-expr","locations":[{"start":{"line":6,"column":45},"end":{"line":6,"column":65}},{"start":{"line":6,"column":68},"end":{"line":6,"column":70}}]},"2":{"loc":{"start":{"line":9,"column":36},"end":{"line":9,"column":68}},"type":"cond-expr","locations":[{"start":{"line":9,"column":43},"end":{"line":9,"column":63}},{"start":{"line":9,"column":66},"end":{"line":9,"column":68}}]},"3":{"loc":{"start":{"line":12,"column":38},"end":{"line":12,"column":70}},"type":"cond-expr","locations":[{"start":{"line":12,"column":45},"end":{"line":12,"column":65}},{"start":{"line":12,"column":68},"end":{"line":12,"column":70}}]}},"s":{"0":0,"1":0,"2":0,"3":0,"4":0},"f":{"0":0,"1":0,"2":0,"3":0},"b":{"0":[0,0],"1":[0,0],"2":[0,0],"3":[0,0]}}
,"/Users/yusukeyoshioka/projects/youtube/ai-chat/ai-chat-api/src/lib/onboardingService.ts": {"path":"/Users/yusukeyoshioka/projects/youtube/ai-chat/ai-chat-api/src/lib/onboardingService.ts","statementMap":{"0":{"start":{"line":1,"column":0},"end":{"line":1,"column":null}},"1":{"start":{"line":23,"column":10},"end":{"line":23,"column":65}},"2":{"start":{"line":31,"column":18},"end":{"line":38,"column":null}},"3":{"start":{"line":41,"column":4},"end":{"line":41,"column":50}},"4":{"start":{"line":42,"column":4},"end":{"line":42,"column":49}},"5":{"start":{"line":44,"column":4},"end":{"line":49,"column":6}},"6":{"start":{"line":46,"column":8},"end":{"line":46,"column":50}},"7":{"start":{"line":51,"column":4},"end":{"line":56,"column":6}},"8":{"start":{"line":53,"column":8},"end":{"line":53,"column":54}},"9":{"start":{"line":58,"column":4},"end":{"line":58,"column":75}},"10":{"start":{"line":62,"column":21},"end":{"line":62,"column":47}},"11":{"start":{"line":63,"column":4},"end":{"line":63,"column":57}},"12":{"start":{"line":63,"column":50},"end":{"line":63,"column":57}},"13":{"start":{"line":65,"column":43},"end":{"line":72,"column":6}},"14":{"start":{"line":74,"column":26},"end":{"line":74,"column":65}},"15":{"start":{"line":76,"column":4},"end":{"line":86,"column":5}},"16":{"start":{"line":77,"column":6},"end":{"line":77,"column":58}},"17":{"start":{"line":78,"column":6},"end":{"line":78,"column":41}},"18":{"start":{"line":79,"column":6},"end":{"line":79,"column":63}},"19":{"start":{"line":80,"column":6},"end":{"line":80,"column":61}},"20":{"start":{"line":82,"column":6},"end":{"line":85,"column":8}},"21":{"start":{"line":90,"column":21},"end":{"line":90,"column":47}},"22":{"start":{"line":91,"column":4},"end":{"line":91,"column":55}},"23":{"start":{"line":91,"column":48},"end":{"line":91,"column":55}},"24":{"start":{"line":93,"column":43},"end":{"line":100,"column":6}},"25":{"start":{"line":102,"column":26},"end":{"line":102,"column":68}},"26":{"start":{"line":104,"column":4},"end":{"line":114,"column":5}},"27":{"start":{"line":105,"column":6},"end":{"line":105,"column":58}},"28":{"start":{"line":106,"column":6},"end":{"line":106,"column":39}},"29":{"start":{"line":107,"column":6},"end":{"line":107,"column":61}},"30":{"start":{"line":108,"column":6},"end":{"line":108,"column":65}},"31":{"start":{"line":110,"column":6},"end":{"line":113,"column":8}},"32":{"start":{"line":118,"column":21},"end":{"line":118,"column":47}},"33":{"start":{"line":119,"column":4},"end":{"line":119,"column":57}},"34":{"start":{"line":119,"column":50},"end":{"line":119,"column":57}},"35":{"start":{"line":121,"column":43},"end":{"line":128,"column":6}},"36":{"start":{"line":130,"column":26},"end":{"line":130,"column":72}},"37":{"start":{"line":132,"column":4},"end":{"line":142,"column":5}},"38":{"start":{"line":133,"column":6},"end":{"line":133,"column":58}},"39":{"start":{"line":134,"column":6},"end":{"line":134,"column":41}},"40":{"start":{"line":135,"column":6},"end":{"line":135,"column":63}},"41":{"start":{"line":136,"column":6},"end":{"line":136,"column":69}},"42":{"start":{"line":138,"column":6},"end":{"line":141,"column":8}},"43":{"start":{"line":146,"column":4},"end":{"line":153,"column":5}},"44":{"start":{"line":147,"column":6},"end":{"line":147,"column":43}},"45":{"start":{"line":148,"column":6},"end":{"line":148,"column":31}},"46":{"start":{"line":149,"column":6},"end":{"line":149,"column":50}},"47":{"start":{"line":150,"column":6},"end":{"line":150,"column":65}},"48":{"start":{"line":151,"column":6},"end":{"line":151,"column":41}},"49":{"start":{"line":152,"column":6},"end":{"line":152,"column":13}},"50":{"start":{"line":160,"column":4},"end":{"line":170,"column":5}},"51":{"start":{"line":161,"column":24},"end":{"line":166,"column":8}},"52":{"start":{"line":167,"column":6},"end":{"line":167,"column":53}},"53":{"start":{"line":169,"column":6},"end":{"line":169,"column":59}},"54":{"start":{"line":174,"column":4},"end":{"line":174,"column":46}},"55":{"start":{"line":181,"column":21},"end":{"line":181,"column":47}},"56":{"start":{"line":182,"column":4},"end":{"line":184,"column":5}},"57":{"start":{"line":183,"column":6},"end":{"line":183,"column":63}},"58":{"start":{"line":186,"column":4},"end":{"line":201,"column":5}},"59":{"start":{"line":188,"column":8},"end":{"line":188,"column":44}},"60":{"start":{"line":189,"column":8},"end":{"line":189,"column":44}},"61":{"start":{"line":190,"column":8},"end":{"line":190,"column":14}},"62":{"start":{"line":192,"column":8},"end":{"line":192,"column":42}},"63":{"start":{"line":193,"column":8},"end":{"line":193,"column":47}},"64":{"start":{"line":194,"column":8},"end":{"line":194,"column":14}},"65":{"start":{"line":196,"column":8},"end":{"line":196,"column":44}},"66":{"start":{"line":197,"column":8},"end":{"line":197,"column":51}},"67":{"start":{"line":198,"column":8},"end":{"line":198,"column":14}},"68":{"start":{"line":200,"column":8},"end":{"line":200,"column":46}},"69":{"start":{"line":205,"column":13},"end":{"line":205,"column":57}},"70":{"start":{"line":213,"column":2},"end":{"line":213,"column":61}},"71":{"start":{"line":207,"column":0},"end":{"line":207,"column":22}},"72":{"start":{"line":217,"column":2},"end":{"line":217,"column":55}},"73":{"start":{"line":216,"column":0},"end":{"line":216,"column":16}}},"fnMap":{"0":{"name":"(anonymous_7)","decl":{"start":{"line":22,"column":0},"end":{"line":22,"column":6}},"loc":{"start":{"line":22,"column":0},"end":{"line":203,"column":1}}},"1":{"name":"(anonymous_8)","decl":{"start":{"line":25,"column":8},"end":{"line":25,"column":32}},"loc":{"start":{"line":30,"column":3},"end":{"line":59,"column":null}}},"2":{"name":"(anonymous_10)","decl":{"start":{"line":45,"column":6},"end":{"line":45,"column":9}},"loc":{"start":{"line":45,"column":11},"end":{"line":47,"column":7}}},"3":{"name":"(anonymous_11)","decl":{"start":{"line":52,"column":6},"end":{"line":52,"column":9}},"loc":{"start":{"line":52,"column":11},"end":{"line":54,"column":7}}},"4":{"name":"(anonymous_12)","decl":{"start":{"line":61,"column":16},"end":{"line":61,"column":32}},"loc":{"start":{"line":61,"column":47},"end":{"line":87,"column":null}}},"5":{"name":"(anonymous_14)","decl":{"start":{"line":89,"column":16},"end":{"line":89,"column":35}},"loc":{"start":{"line":89,"column":50},"end":{"line":115,"column":null}}},"6":{"name":"(anonymous_16)","decl":{"start":{"line":117,"column":16},"end":{"line":117,"column":39}},"loc":{"start":{"line":117,"column":54},"end":{"line":143,"column":null}}},"7":{"name":"(anonymous_18)","decl":{"start":{"line":145,"column":16},"end":{"line":145,"column":25}},"loc":{"start":{"line":145,"column":61},"end":{"line":154,"column":null}}},"8":{"name":"(anonymous_20)","decl":{"start":{"line":156,"column":16},"end":{"line":156,"column":31}},"loc":{"start":{"line":158,"column":21},"end":{"line":171,"column":null}}},"9":{"name":"(anonymous_22)","decl":{"start":{"line":173,"column":2},"end":{"line":173,"column":21}},"loc":{"start":{"line":173,"column":36},"end":{"line":175,"column":3}}},"10":{"name":"(anonymous_23)","decl":{"start":{"line":177,"column":8},"end":{"line":177,"column":19}},"loc":{"start":{"line":179,"column":46},"end":{"line":202,"column":null}}},"11":{"name":"initializeUserOnboarding","decl":{"start":{"line":207,"column":22},"end":{"line":207,"column":46}},"loc":{"start":{"line":212,"column":1},"end":{"line":214,"column":null}}},"12":{"name":"getUserOnboardingStatus","decl":{"start":{"line":216,"column":16},"end":{"line":216,"column":39}},"loc":{"start":{"line":216,"column":54},"end":{"line":218,"column":1}}}},"branchMap":{"0":{"loc":{"start":{"line":63,"column":4},"end":{"line":63,"column":57}},"type":"if","locations":[{"start":{"line":63,"column":4},"end":{"line":63,"column":57}},{"start":{},"end":{}}]},"1":{"loc":{"start":{"line":63,"column":8},"end":{"line":63,"column":48}},"type":"binary-expr","locations":[{"start":{"line":63,"column":8},"end":{"line":63,"column":17}},{"start":{"line":63,"column":21},"end":{"line":63,"column":48}}]},"2":{"loc":{"start":{"line":91,"column":4},"end":{"line":91,"column":55}},"type":"if","locations":[{"start":{"line":91,"column":4},"end":{"line":91,"column":55}},{"start":{},"end":{}}]},"3":{"loc":{"start":{"line":91,"column":8},"end":{"line":91,"column":46}},"type":"binary-expr","locations":[{"start":{"line":91,"column":8},"end":{"line":91,"column":17}},{"start":{"line":91,"column":21},"end":{"line":91,"column":46}}]},"4":{"loc":{"start":{"line":119,"column":4},"end":{"line":119,"column":57}},"type":"if","locations":[{"start":{"line":119,"column":4},"end":{"line":119,"column":57}},{"start":{},"end":{}}]},"5":{"loc":{"start":{"line":119,"column":8},"end":{"line":119,"column":48}},"type":"binary-expr","locations":[{"start":{"line":119,"column":8},"end":{"line":119,"column":17}},{"start":{"line":119,"column":21},"end":{"line":119,"column":48}}]},"6":{"loc":{"start":{"line":146,"column":4},"end":{"line":153,"column":5}},"type":"if","locations":[{"start":{"line":146,"column":4},"end":{"line":153,"column":5}},{"start":{},"end":{}}]},"7":{"loc":{"start":{"line":174,"column":11},"end":{"line":174,"column":45}},"type":"binary-expr","locations":[{"start":{"line":174,"column":11},"end":{"line":174,"column":37}},{"start":{"line":174,"column":41},"end":{"line":174,"column":45}}]},"8":{"loc":{"start":{"line":182,"column":4},"end":{"line":184,"column":5}},"type":"if","locations":[{"start":{"line":182,"column":4},"end":{"line":184,"column":5}},{"start":{},"end":{}}]},"9":{"loc":{"start":{"line":186,"column":4},"end":{"line":201,"column":5}},"type":"switch","locations":[{"start":{"line":187,"column":6},"end":{"line":190,"column":14}},{"start":{"line":191,"column":6},"end":{"line":194,"column":14}},{"start":{"line":195,"column":6},"end":{"line":198,"column":14}},{"start":{"line":199,"column":6},"end":{"line":200,"column":46}}]}},"s":{"0":0,"1":0,"2":0,"3":0,"4":0,"5":0,"6":0,"7":0,"8":0,"9":0,"10":0,"11":0,"12":0,"13":0,"14":0,"15":0,"16":0,"17":0,"18":0,"19":0,"20":0,"21":0,"22":0,"23":0,"24":0,"25":0,"26":0,"27":0,"28":0,"29":0,"30":0,"31":0,"32":0,"33":0,"34":0,"35":0,"36":0,"37":0,"38":0,"39":0,"40":0,"41":0,"42":0,"43":0,"44":0,"45":0,"46":0,"47":0,"48":0,"49":0,"50":0,"51":0,"52":0,"53":0,"54":0,"55":0,"56":0,"57":0,"58":0,"59":0,"60":0,"61":0,"62":0,"63":0,"64":0,"65":0,"66":0,"67":0,"68":0,"69":0,"70":0,"71":0,"72":0,"73":0},"f":{"0":0,"1":0,"2":0,"3":0,"4":0,"5":0,"6":0,"7":0,"8":0,"9":0,"10":0,"11":0,"12":0},"b":{"0":[0,0],"1":[0,0],"2":[0,0],"3":[0,0],"4":[0,0],"5":[0,0],"6":[0,0],"7":[0,0],"8":[0,0],"9":[0,0,0,0]}}
,"/Users/yusukeyoshioka/projects/youtube/ai-chat/ai-chat-api/src/lib/prisma.ts": {"path":"/Users/yusukeyoshioka/projects/youtube/ai-chat/ai-chat-api/src/lib/prisma.ts","statementMap":{"0":{"start":{"line":2,"column":0},"end":{"line":2,"column":46}},"1":{"start":{"line":8,"column":24},"end":{"line":8,"column":null}},"2":{"start":{"line":12,"column":13},"end":{"line":12,"column":67}},"3":{"start":{"line":14,"column":0},"end":{"line":16,"column":1}},"4":{"start":{"line":15,"column":2},"end":{"line":15,"column":34}}},"fnMap":{},"branchMap":{"0":{"loc":{"start":{"line":12,"column":22},"end":{"line":12,"column":66}},"type":"binary-expr","locations":[{"start":{"line":12,"column":22},"end":{"line":12,"column":44}},{"start":{"line":12,"column":48},"end":{"line":12,"column":66}}]},"1":{"loc":{"start":{"line":14,"column":0},"end":{"line":16,"column":1}},"type":"if","locations":[{"start":{"line":14,"column":0},"end":{"line":16,"column":1}},{"start":{},"end":{}}]}},"s":{"0":0,"1":0,"2":0,"3":0,"4":0},"f":{},"b":{"0":[0,0],"1":[0,0]}}
,"/Users/yusukeyoshioka/projects/youtube/ai-chat/ai-chat-api/src/lib/sentry.ts": {"path":"/Users/yusukeyoshioka/projects/youtube/ai-chat/ai-chat-api/src/lib/sentry.ts","statementMap":{"0":{"start":{"line":1,"column":0},"end":{"line":1,"column":39}},"1":{"start":{"line":2,"column":0},"end":{"line":2,"column":66}},"2":{"start":{"line":12,"column":10},"end":{"line":12,"column":44}},"3":{"start":{"line":13,"column":10},"end":{"line":13,"column":25}},"4":{"start":{"line":14,"column":10},"end":{"line":14,"column":27}},"5":{"start":{"line":15,"column":10},"end":{"line":15,"column":39}},"6":{"start":{"line":16,"column":19},"end":{"line":16,"column":42}},"7":{"start":{"line":17,"column":19},"end":{"line":17,"column":37}},"8":{"start":{"line":20,"column":4},"end":{"line":22,"column":5}},"9":{"start":{"line":21,"column":6},"end":{"line":21,"column":57}},"10":{"start":{"line":23,"column":4},"end":{"line":23,"column":37}},"11":{"start":{"line":27,"column":4},"end":{"line":27,"column":47}},"12":{"start":{"line":28,"column":4},"end":{"line":30,"column":5}},"13":{"start":{"line":29,"column":6},"end":{"line":29,"column":38}},"14":{"start":{"line":31,"column":4},"end":{"line":31,"column":24}},"15":{"start":{"line":32,"column":4},"end":{"line":32,"column":28}},"16":{"start":{"line":36,"column":4},"end":{"line":36,"column":22}},"17":{"start":{"line":37,"column":4},"end":{"line":37,"column":28}},"18":{"start":{"line":41,"column":16},"end":{"line":41,"column":26}},"19":{"start":{"line":42,"column":4},"end":{"line":45,"column":5}},"20":{"start":{"line":43,"column":6},"end":{"line":43,"column":34}},"21":{"start":{"line":44,"column":6},"end":{"line":44,"column":25}},"22":{"start":{"line":49,"column":4},"end":{"line":49,"column":24}},"23":{"start":{"line":50,"column":4},"end":{"line":50,"column":26}},"24":{"start":{"line":51,"column":4},"end":{"line":51,"column":38}},"25":{"start":{"line":55,"column":28},"end":{"line":55,"column":47}},"26":{"start":{"line":57,"column":6},"end":{"line":57,"column":77}},"27":{"start":{"line":59,"column":4},"end":{"line":65,"column":5}},"28":{"start":{"line":60,"column":6},"end":{"line":64,"column":9}},"29":{"start":{"line":69,"column":4},"end":{"line":69,"column":55}},"30":{"start":{"line":69,"column":46},"end":{"line":69,"column":55}},"31":{"start":{"line":71,"column":19},"end":{"line":71,"column":69}},"32":{"start":{"line":71,"column":63},"end":{"line":71,"column":68}},"33":{"start":{"line":72,"column":18},"end":{"line":72,"column":53}},"34":{"start":{"line":73,"column":4},"end":{"line":73,"column":30}},"35":{"start":{"line":77,"column":23},"end":{"line":77,"column":52}},"36":{"start":{"line":78,"column":4},"end":{"line":81,"column":5}},"37":{"start":{"line":79,"column":6},"end":{"line":79,"column":55}},"38":{"start":{"line":80,"column":6},"end":{"line":80,"column":13}},"39":{"start":{"line":83,"column":20},"end":{"line":139,"column":6}},"40":{"start":{"line":141,"column":4},"end":{"line":158,"column":5}},"41":{"start":{"line":142,"column":23},"end":{"line":148,"column":8}},"42":{"start":{"line":150,"column":6},"end":{"line":152,"column":7}},"43":{"start":{"line":151,"column":8},"end":{"line":151,"column":63}},"44":{"start":{"line":154,"column":6},"end":{"line":154,"column":51}},"45":{"start":{"line":156,"column":6},"end":{"line":156,"column":58}},"46":{"start":{"line":157,"column":6},"end":{"line":157,"column":37}},"47":{"start":{"line":162,"column":4},"end":{"line":167,"column":6}},"48":{"start":{"line":172,"column":2},"end":{"line":175,"column":3}},"49":{"start":{"line":173,"column":4},"end":{"line":173,"column":78}},"50":{"start":{"line":174,"column":4},"end":{"line":174,"column":11}},"51":{"start":{"line":177,"column":2},"end":{"line":197,"column":5}},"52":{"start":{"line":191,"column":6},"end":{"line":194,"column":7}},"53":{"start":{"line":192,"column":8},"end":{"line":192,"column":52}},"54":{"start":{"line":193,"column":8},"end":{"line":193,"column":20}},"55":{"start":{"line":195,"column":6},"end":{"line":195,"column":19}},"56":{"start":{"line":199,"column":2},"end":{"line":199,"column":36}},"57":{"start":{"line":171,"column":0},"end":{"line":171,"column":16}},"58":{"start":{"line":202,"column":13},"end":{"line":202,"column":63}}},"fnMap":{"0":{"name":"(anonymous_13)","decl":{"start":{"line":10,"column":0},"end":{"line":10,"column":6}},"loc":{"start":{"line":10,"column":0},"end":{"line":169,"column":1}}},"1":{"name":"(anonymous_14)","decl":{"start":{"line":19,"column":2},"end":{"line":19,"column":8}},"loc":{"start":{"line":19,"column":20},"end":{"line":24,"column":3}}},"2":{"name":"(anonymous_15)","decl":{"start":{"line":26,"column":2},"end":{"line":26,"column":20}},"loc":{"start":{"line":26,"column":41},"end":{"line":33,"column":3}}},"3":{"name":"(anonymous_16)","decl":{"start":{"line":35,"column":2},"end":{"line":35,"column":13}},"loc":{"start":{"line":35,"column":13},"end":{"line":38,"column":3}}},"4":{"name":"(anonymous_17)","decl":{"start":{"line":40,"column":10},"end":{"line":40,"column":26}},"loc":{"start":{"line":40,"column":26},"end":{"line":46,"column":3}}},"5":{"name":"(anonymous_18)","decl":{"start":{"line":48,"column":10},"end":{"line":48,"column":21}},"loc":{"start":{"line":48,"column":21},"end":{"line":52,"column":3}}},"6":{"name":"(anonymous_19)","decl":{"start":{"line":54,"column":10},"end":{"line":54,"column":30}},"loc":{"start":{"line":54,"column":30},"end":{"line":66,"column":3}}},"7":{"name":"(anonymous_20)","decl":{"start":{"line":68,"column":10},"end":{"line":68,"column":22}},"loc":{"start":{"line":68,"column":22},"end":{"line":74,"column":3}}},"8":{"name":"(anonymous_21)","decl":{"start":{"line":71,"column":53},"end":{"line":71,"column":54}},"loc":{"start":{"line":71,"column":63},"end":{"line":71,"column":68}}},"9":{"name":"(anonymous_22)","decl":{"start":{"line":76,"column":16},"end":{"line":76,"column":30}},"loc":{"start":{"line":76,"column":52},"end":{"line":159,"column":null}}},"10":{"name":"(anonymous_24)","decl":{"start":{"line":161,"column":2},"end":{"line":161,"column":12}},"loc":{"start":{"line":161,"column":12},"end":{"line":168,"column":3}}},"11":{"name":"initSentry","decl":{"start":{"line":171,"column":16},"end":{"line":171,"column":26}},"loc":{"start":{"line":171,"column":26},"end":{"line":200,"column":1}}},"12":{"name":"(anonymous_26)","decl":{"start":{"line":189,"column":4},"end":{"line":189,"column":14}},"loc":{"start":{"line":189,"column":20},"end":{"line":196,"column":5}}}},"branchMap":{"0":{"loc":{"start":{"line":20,"column":4},"end":{"line":22,"column":5}},"type":"if","locations":[{"start":{"line":20,"column":4},"end":{"line":22,"column":5}},{"start":{},"end":{}}]},"1":{"loc":{"start":{"line":28,"column":4},"end":{"line":30,"column":5}},"type":"if","locations":[{"start":{"line":28,"column":4},"end":{"line":30,"column":5}},{"start":{},"end":{}}]},"2":{"loc":{"start":{"line":42,"column":4},"end":{"line":45,"column":5}},"type":"if","locations":[{"start":{"line":42,"column":4},"end":{"line":45,"column":5}},{"start":{},"end":{}}]},"3":{"loc":{"start":{"line":57,"column":6},"end":{"line":57,"column":77}},"type":"cond-expr","locations":[{"start":{"line":57,"column":30},"end":{"line":57,"column":73}},{"start":{"line":57,"column":76},"end":{"line":57,"column":77}}]},"4":{"loc":{"start":{"line":59,"column":4},"end":{"line":65,"column":5}},"type":"if","locations":[{"start":{"line":59,"column":4},"end":{"line":65,"column":5}},{"start":{},"end":{}}]},"5":{"loc":{"start":{"line":59,"column":8},"end":{"line":59,"column":47}},"type":"binary-expr","locations":[{"start":{"line":59,"column":8},"end":{"line":59,"column":30}},{"start":{"line":59,"column":34},"end":{"line":59,"column":47}}]},"6":{"loc":{"start":{"line":69,"column":4},"end":{"line":69,"column":55}},"type":"if","locations":[{"start":{"line":69,"column":4},"end":{"line":69,"column":55}},{"start":{},"end":{}}]},"7":{"loc":{"start":{"line":73,"column":11},"end":{"line":73,"column":29}},"type":"binary-expr","locations":[{"start":{"line":73,"column":11},"end":{"line":73,"column":24}},{"start":{"line":73,"column":28},"end":{"line":73,"column":29}}]},"8":{"loc":{"start":{"line":78,"column":4},"end":{"line":81,"column":5}},"type":"if","locations":[{"start":{"line":78,"column":4},"end":{"line":81,"column":5}},{"start":{},"end":{}}]},"9":{"loc":{"start":{"line":110,"column":39},"end":{"line":110,"column":72}},"type":"binary-expr","locations":[{"start":{"line":110,"column":39},"end":{"line":110,"column":59}},{"start":{"line":110,"column":63},"end":{"line":110,"column":72}}]},"10":{"loc":{"start":{"line":119,"column":14},"end":{"line":121,"column":55}},"type":"cond-expr","locations":[{"start":{"line":120,"column":18},"end":{"line":120,"column":68}},{"start":{"line":121,"column":18},"end":{"line":121,"column":55}}]},"11":{"loc":{"start":{"line":150,"column":6},"end":{"line":152,"column":7}},"type":"if","locations":[{"start":{"line":150,"column":6},"end":{"line":152,"column":7}},{"start":{},"end":{}}]},"12":{"loc":{"start":{"line":165,"column":8},"end":{"line":165,"column":79}},"type":"cond-expr","locations":[{"start":{"line":165,"column":32},"end":{"line":165,"column":75}},{"start":{"line":165,"column":78},"end":{"line":165,"column":79}}]},"13":{"loc":{"start":{"line":172,"column":2},"end":{"line":175,"column":3}},"type":"if","locations":[{"start":{"line":172,"column":2},"end":{"line":175,"column":3}},{"start":{},"end":{}}]},"14":{"loc":{"start":{"line":179,"column":17},"end":{"line":179,"column":54}},"type":"binary-expr","locations":[{"start":{"line":179,"column":17},"end":{"line":179,"column":37}},{"start":{"line":179,"column":41},"end":{"line":179,"column":54}}]},"15":{"loc":{"start":{"line":187,"column":22},"end":{"line":187,"column":71}},"type":"cond-expr","locations":[{"start":{"line":187,"column":62},"end":{"line":187,"column":65}},{"start":{"line":187,"column":68},"end":{"line":187,"column":71}}]},"16":{"loc":{"start":{"line":188,"column":24},"end":{"line":188,"column":73}},"type":"cond-expr","locations":[{"start":{"line":188,"column":64},"end":{"line":188,"column":67}},{"start":{"line":188,"column":70},"end":{"line":188,"column":73}}]},"17":{"loc":{"start":{"line":191,"column":6},"end":{"line":194,"column":7}},"type":"if","locations":[{"start":{"line":191,"column":6},"end":{"line":194,"column":7}},{"start":{},"end":{}}]},"18":{"loc":{"start":{"line":191,"column":10},"end":{"line":191,"column":75}},"type":"binary-expr","locations":[{"start":{"line":191,"column":10},"end":{"line":191,"column":48}},{"start":{"line":191,"column":52},"end":{"line":191,"column":75}}]}},"s":{"0":1,"1":1,"2":1,"3":1,"4":1,"5":1,"6":1,"7":1,"8":1,"9":1,"10":1,"11":0,"12":0,"13":0,"14":0,"15":0,"16":0,"17":0,"18":0,"19":0,"20":0,"21":0,"22":0,"23":0,"24":0,"25":0,"26":0,"27":0,"28":0,"29":0,"30":0,"31":0,"32":0,"33":0,"34":0,"35":0,"36":0,"37":0,"38":0,"39":0,"40":0,"41":0,"42":0,"43":0,"44":0,"45":0,"46":0,"47":0,"48":0,"49":0,"50":0,"51":0,"52":0,"53":0,"54":0,"55":0,"56":0,"57":1,"58":1},"f":{"0":1,"1":1,"2":0,"3":0,"4":0,"5":0,"6":0,"7":0,"8":0,"9":0,"10":0,"11":0,"12":0},"b":{"0":[1,0],"1":[0,0],"2":[0,0],"3":[0,0],"4":[0,0],"5":[0,0],"6":[0,0],"7":[0,0],"8":[0,0],"9":[0,0],"10":[0,0],"11":[0,0],"12":[0,0],"13":[0,0],"14":[0,0],"15":[0,0],"16":[0,0],"17":[0,0],"18":[0,0]}}
,"/Users/yusukeyoshioka/projects/youtube/ai-chat/ai-chat-api/src/lib/stripe.ts": {"path":"/Users/yusukeyoshioka/projects/youtube/ai-chat/ai-chat-api/src/lib/stripe.ts","statementMap":{"0":{"start":{"line":1,"column":0},"end":{"line":1,"column":28}},"1":{"start":{"line":3,"column":0},"end":{"line":5,"column":1}},"2":{"start":{"line":4,"column":2},"end":{"line":4,"column":51}},"3":{"start":{"line":7,"column":15},"end":{"line":9,"column":2}},"4":{"start":{"line":11,"column":9},"end":{"line":11,"column":15}},"5":{"start":{"line":14,"column":13},"end":{"line":48,"column":2}},"6":{"start":{"line":51,"column":13},"end":{"line":54,"column":2}},"7":{"start":{"line":65,"column":15},"end":{"line":65,"column":38}},"8":{"start":{"line":67,"column":2},"end":{"line":69,"column":3}},"9":{"start":{"line":68,"column":4},"end":{"line":68,"column":68}},"10":{"start":{"line":71,"column":18},"end":{"line":87,"column":4}},"11":{"start":{"line":89,"column":2},"end":{"line":89,"column":17}},"12":{"start":{"line":59,"column":0},"end":{"line":59,"column":22}},"13":{"start":{"line":101,"column":2},"end":{"line":105,"column":3}},"14":{"start":{"line":102,"column":4},"end":{"line":104,"column":6}},"15":{"start":{"line":107,"column":23},"end":{"line":108,"column":null}},"16":{"start":{"line":111,"column":18},"end":{"line":134,"column":4}},"17":{"start":{"line":136,"column":2},"end":{"line":136,"column":17}},"18":{"start":{"line":95,"column":0},"end":{"line":95,"column":22}},"19":{"start":{"line":143,"column":24},"end":{"line":147,"column":4}},"20":{"start":{"line":149,"column":2},"end":{"line":149,"column":39}},"21":{"start":{"line":142,"column":0},"end":{"line":142,"column":22}},"22":{"start":{"line":156,"column":2},"end":{"line":156,"column":59}},"23":{"start":{"line":155,"column":0},"end":{"line":155,"column":22}},"24":{"start":{"line":166,"column":23},"end":{"line":166,"column":74}},"25":{"start":{"line":168,"column":2},"end":{"line":175,"column":5}},"26":{"start":{"line":162,"column":0},"end":{"line":162,"column":22}}},"fnMap":{"0":{"name":"createCheckoutSession","decl":{"start":{"line":59,"column":22},"end":{"line":59,"column":43}},"loc":{"start":{"line":63,"column":19},"end":{"line":90,"column":null}}},"1":{"name":"createTokenCheckoutSession","decl":{"start":{"line":95,"column":22},"end":{"line":95,"column":48}},"loc":{"start":{"line":99,"column":19},"end":{"line":137,"column":null}}},"2":{"name":"getCustomerSubscription","decl":{"start":{"line":142,"column":22},"end":{"line":142,"column":45}},"loc":{"start":{"line":142,"column":64},"end":{"line":150,"column":null}}},"3":{"name":"cancelSubscription","decl":{"start":{"line":155,"column":22},"end":{"line":155,"column":40}},"loc":{"start":{"line":155,"column":63},"end":{"line":157,"column":null}}},"4":{"name":"updateSubscription","decl":{"start":{"line":162,"column":22},"end":{"line":162,"column":40}},"loc":{"start":{"line":164,"column":20},"end":{"line":176,"column":null}}}},"branchMap":{"0":{"loc":{"start":{"line":3,"column":0},"end":{"line":5,"column":1}},"type":"if","locations":[{"start":{"line":3,"column":0},"end":{"line":5,"column":1}},{"start":{},"end":{}}]},"1":{"loc":{"start":{"line":67,"column":2},"end":{"line":69,"column":3}},"type":"if","locations":[{"start":{"line":67,"column":2},"end":{"line":69,"column":3}},{"start":{},"end":{}}]},"2":{"loc":{"start":{"line":101,"column":2},"end":{"line":105,"column":3}},"type":"if","locations":[{"start":{"line":101,"column":2},"end":{"line":105,"column":3}},{"start":{},"end":{}}]},"3":{"loc":{"start":{"line":149,"column":9},"end":{"line":149,"column":38}},"type":"binary-expr","locations":[{"start":{"line":149,"column":9},"end":{"line":149,"column":30}},{"start":{"line":149,"column":34},"end":{"line":149,"column":38}}]}},"s":{"0":0,"1":0,"2":0,"3":0,"4":0,"5":0,"6":0,"7":0,"8":0,"9":0,"10":0,"11":0,"12":0,"13":0,"14":0,"15":0,"16":0,"17":0,"18":0,"19":0,"20":0,"21":0,"22":0,"23":0,"24":0,"25":0,"26":0},"f":{"0":0,"1":0,"2":0,"3":0,"4":0},"b":{"0":[0,0],"1":[0,0],"2":[0,0],"3":[0,0]}}
,"/Users/yusukeyoshioka/projects/youtube/ai-chat/ai-chat-api/src/lib/telemetry.ts": {"path":"/Users/yusukeyoshioka/projects/youtube/ai-chat/ai-chat-api/src/lib/telemetry.ts","statementMap":{"0":{"start":{"line":1,"column":0},"end":{"line":1,"column":50}},"1":{"start":{"line":2,"column":0},"end":{"line":2,"column":75}},"2":{"start":{"line":3,"column":0},"end":{"line":3,"column":66}},"3":{"start":{"line":4,"column":0},"end":{"line":4,"column":81}},"4":{"start":{"line":5,"column":0},"end":{"line":5,"column":79}},"5":{"start":{"line":6,"column":0},"end":{"line":6,"column":88}},"6":{"start":{"line":7,"column":0},"end":{"line":7,"column":34}},"7":{"start":{"line":10,"column":2},"end":{"line":96,"column":3}},"8":{"start":{"line":11,"column":24},"end":{"line":11,"column":70}},"9":{"start":{"line":12,"column":28},"end":{"line":12,"column":75}},"10":{"start":{"line":14,"column":4},"end":{"line":19,"column":5}},"11":{"start":{"line":15,"column":6},"end":{"line":17,"column":8}},"12":{"start":{"line":18,"column":6},"end":{"line":18,"column":18}},"13":{"start":{"line":22,"column":27},"end":{"line":25,"column":6}},"14":{"start":{"line":28,"column":25},"end":{"line":31,"column":6}},"15":{"start":{"line":34,"column":21},"end":{"line":40,"column":6}},"16":{"start":{"line":43,"column":16},"end":{"line":72,"column":6}},"17":{"start":{"line":53,"column":14},"end":{"line":55,"column":15}},"18":{"start":{"line":54,"column":16},"end":{"line":54,"column":64}},"19":{"start":{"line":61,"column":14},"end":{"line":66,"column":15}},"20":{"start":{"line":62,"column":16},"end":{"line":65,"column":18}},"21":{"start":{"line":75,"column":4},"end":{"line":75,"column":16}},"22":{"start":{"line":77,"column":4},"end":{"line":80,"column":7}},"23":{"start":{"line":83,"column":4},"end":{"line":90,"column":7}},"24":{"start":{"line":84,"column":6},"end":{"line":89,"column":10}},"25":{"start":{"line":86,"column":20},"end":{"line":86,"column":59}},"26":{"start":{"line":88,"column":10},"end":{"line":88,"column":66}},"27":{"start":{"line":92,"column":4},"end":{"line":92,"column":15}},"28":{"start":{"line":94,"column":4},"end":{"line":94,"column":62}},"29":{"start":{"line":95,"column":4},"end":{"line":95,"column":16}},"30":{"start":{"line":9,"column":0},"end":{"line":9,"column":16}},"31":{"start":{"line":100,"column":0},"end":{"line":100,"column":56}},"32":{"start":{"line":102,"column":14},"end":{"line":102,"column":54}},"33":{"start":{"line":105,"column":13},"end":{"line":147,"column":2}},"34":{"start":{"line":155,"column":2},"end":{"line":168,"column":3}},"35":{"start":{"line":156,"column":4},"end":{"line":160,"column":5}},"36":{"start":{"line":157,"column":6},"end":{"line":157,"column":36}},"37":{"start":{"line":158,"column":11},"end":{"line":160,"column":5}},"38":{"start":{"line":159,"column":6},"end":{"line":159,"column":39}},"39":{"start":{"line":162,"column":4},"end":{"line":167,"column":7}},"40":{"start":{"line":150,"column":0},"end":{"line":150,"column":16}}},"fnMap":{"0":{"name":"initializeTelemetry","decl":{"start":{"line":9,"column":16},"end":{"line":9,"column":35}},"loc":{"start":{"line":9,"column":35},"end":{"line":97,"column":1}}},"1":{"name":"(anonymous_1)","decl":{"start":{"line":51,"column":25},"end":{"line":51,"column":26}},"loc":{"start":{"line":51,"column":43},"end":{"line":56,"column":13}}},"2":{"name":"(anonymous_2)","decl":{"start":{"line":59,"column":25},"end":{"line":59,"column":26}},"loc":{"start":{"line":59,"column":40},"end":{"line":67,"column":13}}},"3":{"name":"(anonymous_3)","decl":{"start":{"line":83,"column":26},"end":{"line":83,"column":29}},"loc":{"start":{"line":83,"column":31},"end":{"line":90,"column":5}}},"4":{"name":"(anonymous_4)","decl":{"start":{"line":86,"column":14},"end":{"line":86,"column":17}},"loc":{"start":{"line":86,"column":20},"end":{"line":86,"column":59}}},"5":{"name":"(anonymous_5)","decl":{"start":{"line":87,"column":15},"end":{"line":87,"column":16}},"loc":{"start":{"line":88,"column":10},"end":{"line":88,"column":66}}},"6":{"name":"recordMetric","decl":{"start":{"line":150,"column":16},"end":{"line":150,"column":28}},"loc":{"start":{"line":153,"column":46},"end":{"line":169,"column":1}}}},"branchMap":{"0":{"loc":{"start":{"line":11,"column":24},"end":{"line":11,"column":70}},"type":"binary-expr","locations":[{"start":{"line":11,"column":24},"end":{"line":11,"column":53}},{"start":{"line":11,"column":57},"end":{"line":11,"column":70}}]},"1":{"loc":{"start":{"line":14,"column":4},"end":{"line":19,"column":5}},"type":"if","locations":[{"start":{"line":14,"column":4},"end":{"line":19,"column":5}},{"start":{},"end":{}}]},"2":{"loc":{"start":{"line":37,"column":8},"end":{"line":37,"column":50}},"type":"binary-expr","locations":[{"start":{"line":37,"column":8},"end":{"line":37,"column":39}},{"start":{"line":37,"column":43},"end":{"line":37,"column":50}}]},"3":{"loc":{"start":{"line":39,"column":8},"end":{"line":39,"column":45}},"type":"binary-expr","locations":[{"start":{"line":39,"column":8},"end":{"line":39,"column":28}},{"start":{"line":39,"column":32},"end":{"line":39,"column":45}}]},"4":{"loc":{"start":{"line":53,"column":14},"end":{"line":55,"column":15}},"type":"if","locations":[{"start":{"line":53,"column":14},"end":{"line":55,"column":15}},{"start":{},"end":{}}]},"5":{"loc":{"start":{"line":53,"column":18},"end":{"line":53,"column":49}},"type":"binary-expr","locations":[{"start":{"line":53,"column":18},"end":{"line":53,"column":34}},{"start":{"line":53,"column":38},"end":{"line":53,"column":49}}]},"6":{"loc":{"start":{"line":61,"column":14},"end":{"line":66,"column":15}},"type":"if","locations":[{"start":{"line":61,"column":14},"end":{"line":66,"column":15}},{"start":{},"end":{}}]},"7":{"loc":{"start":{"line":64,"column":19},"end":{"line":64,"column":54}},"type":"binary-expr","locations":[{"start":{"line":64,"column":19},"end":{"line":64,"column":41}},{"start":{"line":64,"column":45},"end":{"line":64,"column":54}}]},"8":{"loc":{"start":{"line":156,"column":4},"end":{"line":160,"column":5}},"type":"if","locations":[{"start":{"line":156,"column":4},"end":{"line":160,"column":5}},{"start":{"line":158,"column":11},"end":{"line":160,"column":5}}]},"9":{"loc":{"start":{"line":158,"column":11},"end":{"line":160,"column":5}},"type":"if","locations":[{"start":{"line":158,"column":11},"end":{"line":160,"column":5}},{"start":{},"end":{}}]}},"s":{"0":1,"1":1,"2":1,"3":1,"4":1,"5":1,"6":1,"7":0,"8":0,"9":0,"10":0,"11":0,"12":0,"13":0,"14":0,"15":0,"16":0,"17":0,"18":0,"19":0,"20":0,"21":0,"22":0,"23":0,"24":0,"25":0,"26":0,"27":0,"28":0,"29":0,"30":1,"31":1,"32":1,"33":1,"34":0,"35":0,"36":0,"37":0,"38":0,"39":0,"40":1},"f":{"0":0,"1":0,"2":0,"3":0,"4":0,"5":0,"6":0},"b":{"0":[0,0],"1":[0,0],"2":[0,0],"3":[0,0],"4":[0,0],"5":[0,0],"6":[0,0],"7":[0,0],"8":[0,0],"9":[0,0]}}
,"/Users/yusukeyoshioka/projects/youtube/ai-chat/ai-chat-api/src/lib/usageTracker.ts": {"path":"/Users/yusukeyoshioka/projects/youtube/ai-chat/ai-chat-api/src/lib/usageTracker.ts","statementMap":{"0":{"start":{"line":2,"column":0},"end":{"line":2,"column":34}},"1":{"start":{"line":3,"column":0},"end":{"line":3,"column":41}},"2":{"start":{"line":23,"column":15},"end":{"line":23,"column":38}},"3":{"start":{"line":24,"column":19},"end":{"line":27,"column":null}},"4":{"start":{"line":30,"column":2},"end":{"line":62,"column":3}},"5":{"start":{"line":32,"column":4},"end":{"line":54,"column":7}},"6":{"start":{"line":56,"column":4},"end":{"line":58,"column":6}},"7":{"start":{"line":60,"column":4},"end":{"line":60,"column":51}},"8":{"start":{"line":61,"column":4},"end":{"line":61,"column":16}},"9":{"start":{"line":22,"column":0},"end":{"line":22,"column":22}},"10":{"start":{"line":69,"column":14},"end":{"line":69,"column":24}},"11":{"start":{"line":70,"column":23},"end":{"line":70,"column":69}},"12":{"start":{"line":71,"column":21},"end":{"line":71,"column":71}},"13":{"start":{"line":73,"column":16},"end":{"line":81,"column":4}},"14":{"start":{"line":83,"column":2},"end":{"line":89,"column":4}},"15":{"start":{"line":84,"column":23},"end":{"line":87,"column":6}},"16":{"start":{"line":68,"column":0},"end":{"line":68,"column":22}},"17":{"start":{"line":96,"column":18},"end":{"line":98,"column":4}},"18":{"start":{"line":100,"column":2},"end":{"line":102,"column":3}},"19":{"start":{"line":101,"column":4},"end":{"line":101,"column":41}},"20":{"start":{"line":104,"column":23},"end":{"line":104,"column":60}},"21":{"start":{"line":105,"column":21},"end":{"line":105,"column":48}},"22":{"start":{"line":107,"column":23},"end":{"line":107,"column":49}},"23":{"start":{"line":108,"column":21},"end":{"line":108,"column":75}},"24":{"start":{"line":110,"column":2},"end":{"line":123,"column":4}},"25":{"start":{"line":95,"column":0},"end":{"line":95,"column":22}},"26":{"start":{"line":130,"column":18},"end":{"line":132,"column":4}},"27":{"start":{"line":134,"column":2},"end":{"line":136,"column":3}},"28":{"start":{"line":135,"column":4},"end":{"line":135,"column":41}},"29":{"start":{"line":138,"column":21},"end":{"line":138,"column":62}},"30":{"start":{"line":140,"column":2},"end":{"line":142,"column":3}},"31":{"start":{"line":141,"column":4},"end":{"line":141,"column":50}},"32":{"start":{"line":144,"column":2},"end":{"line":149,"column":5}},"33":{"start":{"line":151,"column":2},"end":{"line":151,"column":20}},"34":{"start":{"line":129,"column":0},"end":{"line":129,"column":22}},"35":{"start":{"line":162,"column":16},"end":{"line":173,"column":4}},"36":{"start":{"line":175,"column":21},"end":{"line":180,"column":null}},"37":{"start":{"line":176,"column":23},"end":{"line":179,"column":6}},"38":{"start":{"line":183,"column":18},"end":{"line":189,"column":4}},"39":{"start":{"line":191,"column":2},"end":{"line":200,"column":4}},"40":{"start":{"line":157,"column":0},"end":{"line":157,"column":22}},"41":{"start":{"line":207,"column":2},"end":{"line":237,"column":4}},"42":{"start":{"line":207,"column":72},"end":{"line":237,"column":4}},"43":{"start":{"line":208,"column":25},"end":{"line":208,"column":33}},"44":{"start":{"line":210,"column":4},"end":{"line":234,"column":6}},"45":{"start":{"line":212,"column":6},"end":{"line":231,"column":9}},"46":{"start":{"line":212,"column":30},"end":{"line":231,"column":8}},"47":{"start":{"line":213,"column":8},"end":{"line":230,"column":9}},"48":{"start":{"line":214,"column":28},"end":{"line":214,"column":67}},"49":{"start":{"line":216,"column":10},"end":{"line":227,"column":11}},"50":{"start":{"line":219,"column":14},"end":{"line":219,"column":68}},"51":{"start":{"line":220,"column":36},"end":{"line":220,"column":70}},"52":{"start":{"line":222,"column":12},"end":{"line":226,"column":15}},"53":{"start":{"line":229,"column":10},"end":{"line":229,"column":67}},"54":{"start":{"line":233,"column":6},"end":{"line":233,"column":43}},"55":{"start":{"line":236,"column":4},"end":{"line":236,"column":11}},"56":{"start":{"line":206,"column":0},"end":{"line":206,"column":16}}},"fnMap":{"0":{"name":"trackUsage","decl":{"start":{"line":22,"column":22},"end":{"line":22,"column":32}},"loc":{"start":{"line":22,"column":48},"end":{"line":63,"column":null}}},"1":{"name":"getCurrentMonthUsage","decl":{"start":{"line":68,"column":22},"end":{"line":68,"column":42}},"loc":{"start":{"line":68,"column":60},"end":{"line":90,"column":null}}},"2":{"name":"(anonymous_11)","decl":{"start":{"line":84,"column":4},"end":{"line":84,"column":5}},"loc":{"start":{"line":84,"column":23},"end":{"line":87,"column":6}}},"3":{"name":"checkUsageLimits","decl":{"start":{"line":95,"column":22},"end":{"line":95,"column":38}},"loc":{"start":{"line":95,"column":56},"end":{"line":124,"column":null}}},"4":{"name":"deductTokens","decl":{"start":{"line":129,"column":22},"end":{"line":129,"column":34}},"loc":{"start":{"line":129,"column":73},"end":{"line":152,"column":null}}},"5":{"name":"generateUsageReport","decl":{"start":{"line":157,"column":22},"end":{"line":157,"column":41}},"loc":{"start":{"line":160,"column":15},"end":{"line":201,"column":null}}},"6":{"name":"(anonymous_18)","decl":{"start":{"line":176,"column":4},"end":{"line":176,"column":5}},"loc":{"start":{"line":176,"column":23},"end":{"line":179,"column":6}}},"7":{"name":"createUsageTrackingMiddleware","decl":{"start":{"line":206,"column":16},"end":{"line":206,"column":45}},"loc":{"start":{"line":206,"column":45},"end":{"line":238,"column":1}}},"8":{"name":"(anonymous_20)","decl":{"start":{"line":207,"column":9},"end":{"line":207,"column":16}},"loc":{"start":{"line":207,"column":72},"end":{"line":237,"column":4}}},"9":{"name":"(anonymous_21)","decl":{"start":{"line":207,"column":72},"end":{"line":207,"column":null}},"loc":{"start":{"line":207,"column":72},"end":{"line":237,"column":3}}},"10":{"name":"(anonymous_22)","decl":{"start":{"line":210,"column":15},"end":{"line":210,"column":25}},"loc":{"start":{"line":210,"column":46},"end":{"line":234,"column":5}}},"11":{"name":"(anonymous_23)","decl":{"start":{"line":212,"column":19},"end":{"line":212,"column":28}},"loc":{"start":{"line":212,"column":30},"end":{"line":231,"column":8}}},"12":{"name":"(anonymous_24)","decl":{"start":{"line":212,"column":30},"end":{"line":212,"column":null}},"loc":{"start":{"line":212,"column":30},"end":{"line":231,"column":7}}}},"branchMap":{"0":{"loc":{"start":{"line":23,"column":15},"end":{"line":23,"column":38}},"type":"binary-expr","locations":[{"start":{"line":23,"column":15},"end":{"line":23,"column":24}},{"start":{"line":23,"column":28},"end":{"line":23,"column":38}}]},"1":{"loc":{"start":{"line":100,"column":2},"end":{"line":102,"column":3}},"type":"if","locations":[{"start":{"line":100,"column":2},"end":{"line":102,"column":3}},{"start":{},"end":{}}]},"2":{"loc":{"start":{"line":108,"column":49},"end":{"line":108,"column":74}},"type":"binary-expr","locations":[{"start":{"line":108,"column":49},"end":{"line":108,"column":69}},{"start":{"line":108,"column":73},"end":{"line":108,"column":74}}]},"3":{"loc":{"start":{"line":134,"column":2},"end":{"line":136,"column":3}},"type":"if","locations":[{"start":{"line":134,"column":2},"end":{"line":136,"column":3}},{"start":{},"end":{}}]},"4":{"loc":{"start":{"line":138,"column":22},"end":{"line":138,"column":47}},"type":"binary-expr","locations":[{"start":{"line":138,"column":22},"end":{"line":138,"column":42}},{"start":{"line":138,"column":46},"end":{"line":138,"column":47}}]},"5":{"loc":{"start":{"line":140,"column":2},"end":{"line":142,"column":3}},"type":"if","locations":[{"start":{"line":140,"column":2},"end":{"line":142,"column":3}},{"start":{},"end":{}}]},"6":{"loc":{"start":{"line":199,"column":16},"end":{"line":199,"column":60}},"type":"cond-expr","locations":[{"start":{"line":199,"column":26},"end":{"line":199,"column":53}},{"start":{"line":199,"column":56},"end":{"line":199,"column":60}}]},"7":{"loc":{"start":{"line":214,"column":28},"end":{"line":214,"column":67}},"type":"binary-expr","locations":[{"start":{"line":214,"column":28},"end":{"line":214,"column":41}},{"start":{"line":214,"column":45},"end":{"line":214,"column":66}}]},"8":{"loc":{"start":{"line":214,"column":45},"end":{"line":214,"column":66}},"type":"cond-expr","locations":[{"start":{"line":214,"column":55},"end":{"line":214,"column":57}},{"start":{"line":214,"column":55},"end":{"line":214,"column":66}}]},"9":{"loc":{"start":{"line":214,"column":45},"end":{"line":214,"column":57}},"type":"binary-expr","locations":[{"start":{"line":214,"column":45},"end":{"line":214,"column":57}},{"start":{"line":214,"column":55},"end":{"line":214,"column":57}}]},"10":{"loc":{"start":{"line":216,"column":10},"end":{"line":227,"column":11}},"type":"if","locations":[{"start":{"line":216,"column":10},"end":{"line":227,"column":11}},{"start":{},"end":{}}]},"11":{"loc":{"start":{"line":219,"column":14},"end":{"line":219,"column":68}},"type":"cond-expr","locations":[{"start":{"line":219,"column":41},"end":{"line":219,"column":45}},{"start":{"line":219,"column":48},"end":{"line":219,"column":68}}]}},"s":{"0":0,"1":0,"2":0,"3":0,"4":0,"5":0,"6":0,"7":0,"8":0,"9":0,"10":0,"11":0,"12":0,"13":0,"14":0,"15":0,"16":0,"17":0,"18":0,"19":0,"20":0,"21":0,"22":0,"23":0,"24":0,"25":0,"26":0,"27":0,"28":0,"29":0,"30":0,"31":0,"32":0,"33":0,"34":0,"35":0,"36":0,"37":0,"38":0,"39":0,"40":0,"41":0,"42":0,"43":0,"44":0,"45":0,"46":0,"47":0,"48":0,"49":0,"50":0,"51":0,"52":0,"53":0,"54":0,"55":0,"56":0},"f":{"0":0,"1":0,"2":0,"3":0,"4":0,"5":0,"6":0,"7":0,"8":0,"9":0,"10":0,"11":0,"12":0},"b":{"0":[0,0],"1":[0,0],"2":[0,0],"3":[0,0],"4":[0,0],"5":[0,0],"6":[0,0],"7":[0,0],"8":[0,0],"9":[0,0],"10":[0,0],"11":[0,0]}}
,"/Users/yusukeyoshioka/projects/youtube/ai-chat/ai-chat-api/src/lib/websocket.ts": {"path":"/Users/yusukeyoshioka/projects/youtube/ai-chat/ai-chat-api/src/lib/websocket.ts","statementMap":{"0":{"start":{"line":1,"column":0},"end":{"line":1,"column":61}},"1":{"start":{"line":3,"column":0},"end":{"line":3,"column":31}},"2":{"start":{"line":4,"column":0},"end":{"line":4,"column":34}},"3":{"start":{"line":21,"column":13},"end":{"line":32,"column":4}},"4":{"start":{"line":35,"column":2},"end":{"line":65,"column":5}},"5":{"start":{"line":35,"column":76},"end":{"line":65,"column":4}},"6":{"start":{"line":36,"column":4},"end":{"line":64,"column":5}},"7":{"start":{"line":37,"column":20},"end":{"line":37,"column":47}},"8":{"start":{"line":38,"column":24},"end":{"line":38,"column":55}},"9":{"start":{"line":40,"column":6},"end":{"line":59,"column":7}},"10":{"start":{"line":42,"column":24},"end":{"line":42,"column":null}},"11":{"start":{"line":45,"column":8},"end":{"line":45,"column":39}},"12":{"start":{"line":46,"column":13},"end":{"line":59,"column":7}},"13":{"start":{"line":48,"column":23},"end":{"line":50,"column":10}},"14":{"start":{"line":52,"column":8},"end":{"line":54,"column":9}},"15":{"start":{"line":53,"column":10},"end":{"line":53,"column":55}},"16":{"start":{"line":56,"column":8},"end":{"line":56,"column":37}},"17":{"start":{"line":58,"column":8},"end":{"line":58,"column":58}},"18":{"start":{"line":61,"column":6},"end":{"line":61,"column":13}},"19":{"start":{"line":63,"column":6},"end":{"line":63,"column":47}},"20":{"start":{"line":67,"column":2},"end":{"line":148,"column":5}},"21":{"start":{"line":68,"column":4},"end":{"line":68,"column":50}},"22":{"start":{"line":71,"column":4},"end":{"line":75,"column":5}},"23":{"start":{"line":72,"column":6},"end":{"line":72,"column":43}},"24":{"start":{"line":73,"column":11},"end":{"line":75,"column":5}},"25":{"start":{"line":74,"column":6},"end":{"line":74,"column":48}},"26":{"start":{"line":78,"column":4},"end":{"line":131,"column":7}},"27":{"start":{"line":78,"column":62},"end":{"line":131,"column":6}},"28":{"start":{"line":79,"column":6},"end":{"line":130,"column":7}},"29":{"start":{"line":80,"column":28},"end":{"line":80,"column":32}},"30":{"start":{"line":83,"column":24},"end":{"line":96,"column":10}},"31":{"start":{"line":99,"column":8},"end":{"line":102,"column":11}},"32":{"start":{"line":108,"column":8},"end":{"line":124,"column":17}},"33":{"start":{"line":108,"column":30},"end":{"line":124,"column":11}},"34":{"start":{"line":110,"column":12},"end":{"line":110,"column":67}},"35":{"start":{"line":113,"column":10},"end":{"line":116,"column":13}},"36":{"start":{"line":119,"column":10},"end":{"line":123,"column":13}},"37":{"start":{"line":126,"column":8},"end":{"line":126,"column":52}},"38":{"start":{"line":127,"column":8},"end":{"line":129,"column":11}},"39":{"start":{"line":134,"column":4},"end":{"line":142,"column":7}},"40":{"start":{"line":135,"column":19},"end":{"line":137,"column":38}},"41":{"start":{"line":138,"column":6},"end":{"line":141,"column":9}},"42":{"start":{"line":145,"column":4},"end":{"line":147,"column":7}},"43":{"start":{"line":146,"column":6},"end":{"line":146,"column":55}},"44":{"start":{"line":150,"column":2},"end":{"line":150,"column":12}},"45":{"start":{"line":20,"column":0},"end":{"line":20,"column":16}}},"fnMap":{"0":{"name":"initializeWebSocket","decl":{"start":{"line":20,"column":16},"end":{"line":20,"column":35}},"loc":{"start":{"line":20,"column":58},"end":{"line":151,"column":1}}},"1":{"name":"(anonymous_9)","decl":{"start":{"line":35,"column":9},"end":{"line":35,"column":16}},"loc":{"start":{"line":35,"column":76},"end":{"line":65,"column":4}}},"2":{"name":"(anonymous_10)","decl":{"start":{"line":35,"column":76},"end":{"line":35,"column":null}},"loc":{"start":{"line":35,"column":76},"end":{"line":65,"column":3}}},"3":{"name":"(anonymous_11)","decl":{"start":{"line":67,"column":22},"end":{"line":67,"column":23}},"loc":{"start":{"line":67,"column":54},"end":{"line":148,"column":3}}},"4":{"name":"(anonymous_12)","decl":{"start":{"line":78,"column":30},"end":{"line":78,"column":37}},"loc":{"start":{"line":78,"column":62},"end":{"line":131,"column":6}}},"5":{"name":"(anonymous_13)","decl":{"start":{"line":78,"column":62},"end":{"line":78,"column":null}},"loc":{"start":{"line":78,"column":62},"end":{"line":131,"column":5}}},"6":{"name":"(anonymous_14)",
[...]
16},"end":{"line":22,"column":null}},"5":{"start":{"line":26,"column":2},"end":{"line":31,"column":5}},"6":{"start":{"line":33,"column":2},"end":{"line":33,"column":15}},"7":{"start":{"line":14,"column":13},"end":{"line":14,"column":25}},"8":{"start":{"line":37,"column":27},"end":{"line":51,"column":1}},"9":{"start":{"line":38,"column":2},"end":{"line":40,"column":3}},"10":{"start":{"line":39,"column":4},"end":{"line":39,"column":74}},"11":{"start":{"line":42,"column":2},"end":{"line":50,"column":3}},"12":{"start":{"line":43,"column":20},"end":{"line":43,"column":76}},"13":{"start":{"line":44,"column":4},"end":{"line":44,"column":19}},"14":{"start":{"line":46,"column":4},"end":{"line":48,"column":5}},"15":{"start":{"line":47,"column":6},"end":{"line":47,"column":37}},"16":{"start":{"line":49,"column":4},"end":{"line":49,"column":37}},"17":{"start":{"line":37,"column":13},"end":{"line":37,"column":27}}},"fnMap":{"0":{"name":"(anonymous_1)","decl":{"start":{"line":14,"column":25},"end":{"line":14,"column":26}},"loc":{"start":{"line":14,"column":70},"end":{"line":34,"column":1}}},"1":{"name":"(anonymous_2)","decl":{"start":{"line":37,"column":27},"end":{"line":37,"column":28}},"loc":{"start":{"line":37,"column":58},"end":{"line":51,"column":1}}}},"branchMap":{"0":{"loc":{"start":{"line":15,"column":2},"end":{"line":17,"column":3}},"type":"if","locations":[{"start":{"line":15,"column":2},"end":{"line":17,"column":3}},{"start":{},"end":{}}]},"1":{"loc":{"start":{"line":30,"column":14},"end":{"line":30,"column":70}},"type":"cond-expr","locations":[{"start":{"line":30,"column":54},"end":{"line":30,"column":62}},{"start":{"line":30,"column":65},"end":{"line":30,"column":70}}]},"2":{"loc":{"start":{"line":38,"column":2},"end":{"line":40,"column":3}},"type":"if","locations":[{"start":{"line":38,"column":2},"end":{"line":40,"column":3}},{"start":{},"end":{}}]},"3":{"loc":{"start":{"line":46,"column":4},"end":{"line":48,"column":5}},"type":"if","locations":[{"start":{"line":46,"column":4},"end":{"line":48,"column":5}},{"start":{},"end":{}}]},"4":{"loc":{"start":{"line":46,"column":8},"end":{"line":46,"column":68}},"type":"binary-expr","locations":[{"start":{"line":46,"column":8},"end":{"line":46,"column":30}},{"start":{"line":46,"column":34},"end":{"line":46,"column":68}}]}},"s":{"0":7,"1":7,"2":3,"3":1,"4":2,"5":2,"6":2,"7":7,"8":7,"9":9,"10":1,"11":8,"12":8,"13":4,"14":4,"15":2,"16":2,"17":7},"f":{"0":3,"1":9},"b":{"0":[1,2],"1":[1,1],"2":[1,8],"3":[2,2],"4":[4,4]}}
,"/Users/yusukeyoshioka/projects/youtube/ai-chat/ai-chat-api/src/utils/password.ts": {"path":"/Users/yusukeyoshioka/projects/youtube/ai-chat/ai-chat-api/src/utils/password.ts","statementMap":{"0":{"start":{"line":1,"column":0},"end":{"line":1,"column":28}},"1":{"start":{"line":3,"column":20},"end":{"line":3,"column":22}},"2":{"start":{"line":6,"column":28},"end":{"line":8,"column":2}},"3":{"start":{"line":6,"column":72},"end":{"line":8,"column":2}},"4":{"start":{"line":7,"column":2},"end":{"line":7,"column":44}},"5":{"start":{"line":6,"column":13},"end":{"line":6,"column":28}},"6":{"start":{"line":11,"column":30},"end":{"line":16,"column":2}},"7":{"start":{"line":14,"column":22},"end":{"line":16,"column":2}},"8":{"start":{"line":15,"column":2},"end":{"line":15,"column":50}},"9":{"start":{"line":11,"column":13},"end":{"line":11,"column":30}}},"fnMap":{"0":{"name":"(anonymous_8)","decl":{"start":{"line":6,"column":28},"end":{"line":6,"column":35}},"loc":{"start":{"line":6,"column":72},"end":{"line":8,"column":2}}},"1":{"name":"(anonymous_9)","decl":{"start":{"line":6,"column":72},"end":{"line":6,"column":null}},"loc":{"start":{"line":6,"column":72},"end":{"line":8,"column":1}}},"2":{"name":"(anonymous_10)","decl":{"start":{"line":11,"column":30},"end":{"line":11,"column":null}},"loc":{"start":{"line":14,"column":22},"end":{"line":16,"column":2}}},"3":{"name":"(anonymous_11)","decl":{"start":{"line":14,"column":22},"end":{"line":14,"column":null}},"loc":{"start":{"line":14,"column":22},"end":{"line":16,"column":1}}}},"branchMap":{},"s":{"0":1,"1":1,"2":1,"3":0,"4":0,"5":1,"6":1,"7":0,"8":0,"9":1},"f":{"0":0,"1":0,"2":0,"3":0},"b":{}}
,"/Users/yusukeyoshioka/projects/youtube/ai-chat/ai-chat-api/src/utils/rateLimiter.ts": {"path":"/Users/yusukeyoshioka/projects/youtube/ai-chat/ai-chat-api/src/utils/rateLimiter.ts","statementMap":{"0":{"start":{"line":1,"column":0},"end":{"line":1,"column":28}},"1":{"start":{"line":16,"column":10},"end":{"line":16,"column":37}},"2":{"start":{"line":17,"column":10},"end":{"line":18,"column":14}},"3":{"start":{"line":22,"column":4},"end":{"line":49,"column":5}},"4":{"start":{"line":23,"column":6},"end":{"line":46,"column":7}},"5":{"start":{"line":24,"column":8},"end":{"line":27,"column":11}},"6":{"start":{"line":29,"column":8},"end":{"line":31,"column":11}},"7":{"start":{"line":30,"column":10},"end":{"line":30,"column":64}},"8":{"start":{"line":33,"column":8},"end":{"line":39,"column":11}},"9":{"start":{"line":34,"column":10},"end":{"line":37,"column":12}},"10":{"start":{"line":38,"column":10},"end":{"line":38,"column":28}},"11":{"start":{"line":41,"column":8},"end":{"line":44,"column":10}},"12":{"start":{"line":45,"column":8},"end":{"line":45,"column":26}},"13":{"start":{"line":48,"column":6},"end":{"line":48,"column":76}},"14":{"start":{"line":53,"column":40},"end":{"line":53,"column":47}},"15":{"start":{"line":54,"column":16},"end":{"line":54,"column":40}},"16":{"start":{"line":55,"column":16},"end":{"line":55,"column":45}},"17":{"start":{"line":56,"column":22},"end":{"line":56,"column":34}},"18":{"start":{"line":58,"column":4},"end":{"line":62,"column":5}},"19":{"start":{"line":59,"column":6},"end":{"line":59,"column":64}},"20":{"start":{"line":61,"column":6},"end":{"line":61,"column":65}},"21":{"start":{"line":71,"column":18},"end":{"line":71,"column":37}},"22":{"start":{"line":72,"column":4},"end":{"line":72,"column":20}},"23":{"start":{"line":73,"column":4},"end":{"line":73,"column":30}},"24":{"start":{"line":75,"column":20},"end":{"line":75,"column":38}},"25":{"start":{"line":76,"column":18},"end":{"line":76,"column":52}},"26":{"start":{"line":78,"column":4},"end":{"line":82,"column":6}},"27":{"start":{"line":91,"column":16},"end":{"line":91,"column":45}},"28":{"start":{"line":92,"column":21},"end":{"line":92,"column":46}},"29":{"start":{"line":95,"column":4},"end":{"line":97,"column":5}},"30":{"start":{"line":96,"column":6},"end":{"line":96,"column":35}},"31":{"start":{"line":99,"column":20},"end":{"line":99,"column":72}},"32":{"start":{"line":100,"column":4},"end":{"line":100,"column":23}},"33":{"start":{"line":102,"column":4},"end":{"line":104,"column":5}},"34":{"start":{"line":103,"column":6},"end":{"line":103,"column":36}},"35":{"start":{"line":106,"column":4},"end":{"line":106,"column":39}},"36":{"start":{"line":108,"column":4},"end":{"line":112,"column":6}},"37":{"start":{"line":116,"column":4},"end":{"line":118,"column":5}},"38":{"start":{"line":117,"column":6},"end":{"line":117,"column":36}},"39":{"start":{"line":123,"column":13},"end":{"line":123,"column":45}}},"fnMap":{"0":{"name":"(anonymous_8)","decl":{"start":{"line":20,"column":2},"end":{"line":20,"column":null}},"loc":{"start":{"line":20,"column":2},"end":{"line":50,"column":3}}},"1":{"name":"(anonymous_9)","decl":{"start":{"line":29,"column":33},"end":{"line":29,"column":36}},"loc":{"start":{"line":29,"column":38},"end":{"line":31,"column":9}}},"2":{"name":"(anonymous_10)","decl":{"start":{"line":33,"column":31},"end":{"line":33,"column":32}},"loc":{"start":{"line":33,"column":41},"end":{"line":39,"column":9}}},"3":{"name":"(anonymous_11)","decl":{"start":{"line":52,"column":8},"end":{"line":52,"column":25}},"loc":{"start":{"line":52,"column":51},"end":{"line":63,"column":null}}},"4":{"name":"(anonymous_13)","decl":{"start":{"line":65,"column":16},"end":{"line":65,"column":30}},"loc":{"start":{"line":69,"column":21},"end":{"line":83,"column":null}}},"5":{"name":"(anonymous_15)","decl":{"start":{"line":85,"column":10},"end":{"line":85,"column":25}},"loc":{"start":{"line":89,"column":21},"end":{"line":113,"column":3}}},"6":{"name":"(anonymous_16)","decl":{"start":{"line":115,"column":8},"end":{"line":115,"column":18}},"loc":{"start":{"line":115,"column":18},"end":{"line":119,"column":null}}}},"branchMap":{"0":{"loc":{"start":{"line":22,"column":4},"end":{"line":49,"column":5}},"type":"if","locations":[{"start":{"line":22,"column":4},"end":{"line":49,"column":5}},{"start":{"line":47,"column":11},"end":{"line":49,"column":5}}]},"1":{"loc":{"start":{"line":58,"column":4},"end":{"line":62,"column":5}},"type":"if","locations":[{"start":{"line":58,"column":4},"end":{"line":62,"column":5}},{"start":{"line":60,"column":11},"end":{"line":62,"column":5}}]},"2":{"loc":{"start":{"line":76,"column":18},"end":{"line":76,"column":52}},"type":"binary-expr","locations":[{"start":{"line":76,"column":19},"end":{"line":76,"column":47}},{"start":{"line":76,"column":51},"end":{"line":76,"column":52}}]},"3":{"loc":{"start":{"line":76,"column":19},"end":{"line":76,"column":47}},"type":"cond-expr","locations":[{"start":{"line":76,"column":31},"end":{"line":76,"column":34}},{"start":{"line":76,"column":31},"end":{"line":76,"column":47}}]},"4":{"loc":{"start":{"line":76,"column":19},"end":{"line":76,"column":34}},"type":"binary-expr","locations":[{"start":{"line":76,"column":19},"end":{"line":76,"column":34}},{"start":{"line":76,"column":31},"end":{"line":76,"column":34}}]},"5":{"loc":{"start":{"line":76,"column":19},"end":{"line":76,"column":31}},"type":"cond-expr","locations":[{"start":{"line":76,"column":26},"end":{"line":76,"column":29}},{"start":{"line":76,"column":19},"end":{"line":76,"column":31}}]},"6":{"loc":{"start":{"line":76,"column":19},"end":{"line":76,"column":29}},"type":"binary-expr","locations":[{"start":{"line":76,"column":19},"end":{"line":76,"column":29}},{"start":{"line":76,"column":19},"end":{"line":76,"column":29}}]},"7":{"loc":{"start":{"line":95,"column":4},"end":{"line":97,"column":5}},"type":"if","locations":[{"start":{"line":95,"column":4},"end":{"line":97,"column":5}},{"start":{},"end":{}}]},"8":{"loc":{"start":{"line":95,"column":8},"end":{"line":95,"column":45}},"type":"binary-expr","locations":[{"start":{"line":95,"column":8},"end":{"line":95,"column":16}},{"start":{"line":95,"column":20},"end":{"line":95,"column":45}}]},"9":{"loc":{"start":{"line":99,"column":20},"end":{"line":99,"column":72}},"type":"binary-expr","locations":[{"start":{"line":99,"column":20},"end":{"line":99,"column":45}},{"start":{"line":99,"column":49},"end":{"line":99,"column":72}}]},"10":{"loc":{"start":{"line":102,"column":4},"end":{"line":104,"column":5}},"type":"if","locations":[{"start":{"line":102,"column":4},"end":{"line":104,"column":5}},{"start":{},"end":{}}]},"11":{"loc":{"start":{"line":116,"column":4},"end":{"line":118,"column":5}},"type":"if","locations":[{"start":{"line":116,"column":4},"end":{"line":118,"column":5}},{"start":{},"end":{}}]}},"s":{"0":0,"1":0,"2":0,"3":0,"4":0,"5":0,"6":0,"7":0,"8":0,"9":0,"10":0,"11":0,"12":0,"13":0,"14":0,"15":0,"16":0,"17":0,"18":0,"19":0,"20":0,"21":0,"22":0,"23":0,"24":0,"25":0,"26":0,"27":0,"28":0,"29":0,"30":0,"31":0,"32":0,"33":0,"34":0,"35":0,"36":0,"37":0,"38":0,"39":0},"f":{"0":0,"1":0,"2":0,"3":0,"4":0,"5":0,"6":0},"b":{"0":[0,0],"1":[0,0],"2":[0,0],"3":[0,0],"4":[0,0],"5":[0,0],"6":[0,0],"7":[0,0],"8":[0,0],"9":[0,0],"10":[0,0],"11":[0,0]}}
,"/Users/yusukeyoshioka/projects/youtube/ai-chat/ai-chat-api/src/utils/themeUtils.ts": {"path":"/Users/yusukeyoshioka/projects/youtube/ai-chat/ai-chat-api/src/utils/themeUtils.ts","statementMap":{"0":{"start":{"line":11,"column":13},"end":{"line":54,"column":2}},"1":{"start":{"line":56,"column":13},"end":{"line":65,"column":2}},"2":{"start":{"line":71,"column":2},"end":{"line":71,"column":41}},"3":{"start":{"line":70,"column":0},"end":{"line":70,"column":16}},"4":{"start":{"line":78,"column":27},"end":{"line":78,"column":29}},"5":{"start":{"line":80,"column":2},"end":{"line":82,"column":3}},"6":{"start":{"line":81,"column":4},"end":{"line":81,"column":54}},"7":{"start":{"line":84,"column":22},"end":{"line":89,"column":4}},"8":{"start":{"line":90,"column":2},"end":{"line":95,"column":5}},"9":{"start":{"line":91,"column":18},"end":{"line":91,"column":61}},"10":{"start":{"line":92,"column":4},"end":{"line":94,"column":5}},"11":{"start":{"line":93,"column":6},"end":{"line":93,"column":56}},"12":{"start":{"line":97,"column":2},"end":{"line":105,"column":3}},"13":{"start":{"line":98,"column":4},"end":{"line":104,"column":5}},"14":{"start":{"line":103,"column":6},"end":{"line":103,"column":67}},"15":{"start":{"line":107,"column":2},"end":{"line":112,"column":3}},"16":{"start":{"line":109,"column":31},"end":{"line":109,"column":59}},"17":{"start":{"line":111,"column":4},"end":{"line":111,"column":39}},"18":{"start":{"line":114,"column":2},"end":{"line":114,"column":16}},"19":{"start":{"line":77,"column":0},"end":{"line":77,"column":16}},"20":{"start":{"line":121,"column":2},"end":{"line":129,"column":11}},"21":{"start":{"line":120,"column":0},"end":{"line":120,"column":16}},"22":{"start":{"line":139,"column":17},"end":{"line":139,"column":42}},"23":{"start":{"line":140,"column":2},"end":{"line":142,"column":3}},"24":{"start":{"line":141,"column":4},"end":{"line":141,"column":59}},"25":{"start":{"line":144,"column":2},"end":{"line":153,"column":null}},"26":{"start":{"line":135,"column":0},"end":{"line":135,"column":16}}},"fnMap":{"0":{"name":"isValidHexColor","decl":{"start":{"line":70,"column":16},"end":{"line":70,"column":31}},"loc":{"start":{"line":70,"column":45},"end":{"line":72,"column":1}}},"1":{"name":"validateTheme","decl":{"start":{"line":77,"column":16},"end":{"line":77,"column":29}},"loc":{"start":{"line":77,"column":57},"end":{"line":115,"column":1}}},"2":{"name":"(anonymous_2)","decl":{"start":{"line":90,"column":22},"end":{"line":90,"column":23}},"loc":{"start":{"line":90,"column":32},"end":{"line":95,"column":3}}},"3":{"name":"(anonymous_3)","decl":{"start":{"line":109,"column":24},"end":{"line":109,"column":25}},"loc":{"start":{"line":109,"column":31},"end":{"line":109,"column":59}}},"4":{"name":"generateThemeCSS","decl":{"start":{"line":120,"column":16},"end":{"line":120,"column":32}},"loc":{"start":{"line":120,"column":51},"end":{"line":130,"column":1}}},"5":{"name":"applyPresetTheme","decl":{"start":{"line":135,"column":16},"end":{"line":135,"column":32}},"loc":{"start":{"line":137,"column":36},"end":{"line":155,"column":1}}}},"branchMap":{"0":{"loc":{"start":{"line":80,"column":2},"end":{"line":82,"column":3}},"type":"if","locations":[{"start":{"line":80,"column":2},"end":{"line":82,"column":3}},{"start":{},"end":{}}]},"1":{"loc":{"start":{"line":80,"column":6},"end":{"line":80,"column":69}},"type":"binary-expr","locations":[{"start":{"line":80,"column":6},"end":{"line":80,"column":17}},{"start":{"line":80,"column":21},"end":{"line":80,"column":69}}]},"2":{"loc":{"start":{"line":92,"column":4},"end":{"line":94,"column":5}},"type":"if","locations":[{"start":{"line":92,"column":4},"end":{"line":94,"column":5}},{"start":{},"end":{}}]},"3":{"loc":{"start":{"line":92,"column":8},"end":{"line":92,"column":40}},"type":"binary-expr","locations":[{"start":{"line":92,"column":8},"end":{"line":92,"column":13}},{"start":{"line":92,"column":17},"end":{"line":92,"column":40}}]},"4":{"loc":{"start":{"line":97,"column":2},"end":{"line":105,"column":3}},"type":"if","locations":[{"start":{"line":97,"column":2},"end":{"line":105,"column":3}},{"start":{},"end":{}}]},"5":{"loc":{"start":{"line":98,"column":4},"end":{"line":104,"column":5}},"type":"if","locations":[{"start":{"line":98,"column":4},"end":{"line":104,"column":5}},{"start":{},"end":{}}]},"6":{"loc":{"start":{"line":99,"column":6},"end":{"line":101,"column":29}},"type":"binary-expr","locations":[{"start":{"line":99,"column":6},"end":{"line":99,"column":44}},{"start":{"line":100,"column":6},"end":{"line":100,"column":28}},{"start":{"line":101,"column":6},"end":{"line":101,"column":29}}]},"7":{"loc":{"start":{"line":107,"column":2},"end":{"line":112,"column":3}},"type":"if","locations":[{"start":{"line":107,"column":2},"end":{"line":112,"column":3}},{"start":{},"end":{}}]},"8":{"loc":{"start":{"line":108,"column":4},"end":{"line":109,"column":60}},"type":"binary-expr","locations":[{"start":{"line":108,"column":4},"end":{"line":108,"column":20}},{"start":{"line":109,"column":4},"end":{"line":109,"column":60}}]},"9":{"loc":{"start":{"line":140,"column":2},"end":{"line":142,"column":3}},"type":"if","locations":[{"start":{"line":140,"column":2},"end":{"line":142,"column":3}},{"start":{},"end":{}}]}},"s":{"0":0,"1":0,"2":0,"3":0,"4":0,"5":0,"6":0,"7":0,"8":0,"9":0,"10":0,"11":0,"12":0,"13":0,"14":0,"15":0,"16":0,"17":0,"18":0,"19":0,"20":0,"21":0,"22":0,"23":0,"24":0,"25":0,"26":0},"f":{"0":0,"1":0,"2":0,"3":0,"4":0,"5":0},"b":{"0":[0,0],"1":[0,0],"2":[0,0],"3":[0,0],"4":[0,0],"5":[0,0],"6":[0,0,0],"7":[0,0],"8":[0,0],"9":[0,0]}}
,"/Users/yusukeyoshioka/projects/youtube/ai-chat/ai-chat-api/src/utils/validateHexColor.ts": {"path":"/Users/yusukeyoshioka/projects/youtube/ai-chat/ai-chat-api/src/utils/validateHexColor.ts","statementMap":{"0":{"start":{"line":7,"column":2},"end":{"line":7,"column":41}},"1":{"start":{"line":6,"column":0},"end":{"line":6,"column":16}},"2":{"start":{"line":16,"column":18},"end":{"line":16,"column":30}},"3":{"start":{"line":17,"column":19},"end":{"line":17,"column":68}},"4":{"start":{"line":19,"column":2},"end":{"line":21,"column":3}},"5":{"start":{"line":20,"column":4},"end":{"line":20,"column":34}},"6":{"start":{"line":23,"column":2},"end":{"line":23,"column":14}},"7":{"start":{"line":15,"column":0},"end":{"line":15,"column":16}}},"fnMap":{"0":{"name":"validateHexColor","decl":{"start":{"line":6,"column":16},"end":{"line":6,"column":32}},"loc":{"start":{"line":6,"column":46},"end":{"line":8,"column":1}}},"1":{"name":"sanitizeHexColor","decl":{"start":{"line":15,"column":16},"end":{"line":15,"column":32}},"loc":{"start":{"line":15,"column":46},"end":{"line":24,"column":1}}}},"branchMap":{"0":{"loc":{"start":{"line":17,"column":19},"end":{"line":17,"column":68}},"type":"cond-expr","locations":[{"start":{"line":17,"column":45},"end":{"line":17,"column":52}},{"start":{"line":17,"column":55},"end":{"line":17,"column":68}}]},"1":{"loc":{"start":{"line":19,"column":2},"end":{"line":21,"column":3}},"type":"if","locations":[{"start":{"line":19,"column":2},"end":{"line":21,"column":3}},{"start":{},"end":{}}]}},"s":{"0":0,"1":0,"2":0,"3":0,"4":0,"5":0,"6":0,"7":0},"f":{"0":0,"1":0},"b":{"0":[0,0],"1":[0,0]}}
,"/Users/yusukeyoshioka/projects/youtube/ai-chat/ai-chat-api/src/utils/widgetKey.ts": {"path":"/Users/yusukeyoshioka/projects/youtube/ai-chat/ai-chat-api/src/utils/widgetKey.ts","statementMap":{"0":{"start":{"line":1,"column":0},"end":{"line":1,"column":33}},"1":{"start":{"line":8,"column":2},"end":{"line":8,"column":48}},"2":{"start":{"line":7,"column":0},"end":{"line":7,"column":16}},"3":{"start":{"line":18,"column":20},"end":{"line":18,"column":46}},"4":{"start":{"line":19,"column":23},"end":{"line":19,"column":57}},"5":{"start":{"line":21,"column":2},"end":{"line":21,"column":35}},"6":{"start":{"line":16,"column":0},"end":{"line":16,"column":16}}},"fnMap":{"0":{"name":"generateWidgetKey","decl":{"start":{"line":7,"column":16},"end":{"line":7,"column":33}},"loc":{"start":{"line":7,"column":33},"end":{"line":9,"column":1}}},"1":{"name":"isValidWidgetKey","decl":{"start":{"line":16,"column":16},"end":{"line":16,"column":32}},"loc":{"start":{"line":16,"column":44},"end":{"line":22,"column":1}}}},"branchMap":{"0":{"loc":{"start":{"line":21,"column":9},"end":{"line":21,"column":34}},"type":"binary-expr","locations":[{"start":{"line":21,"column":9},"end":{"line":21,"column":18}},{"start":{"line":21,"column":22},"end":{"line":21,"column":34}}]}},"s":{"0":1,"1":0,"2":1,"3":0,"4":0,"5":0,"6":1},"f":{"0":0,"1":0},"b":{"0":[0,0]}}
}
