TN:
SF:src/jobs/knowledgeBaseQueue.ts
FN:13,(anonymous_8)
FN:13,(anonymous_9)
FN:34,(anonymous_10)
FNF:3
FNH:0
FNDA:0,(anonymous_8)
FNDA:0,(anonymous_9)
FNDA:0,(anonymous_10)
DA:1,0
DA:2,0
DA:3,0
DA:5,0
DA:13,0
DA:14,0
DA:16,0
DA:21,0
DA:22,0
DA:23,0
DA:25,0
DA:29,0
DA:34,0
DA:35,0
LF:14
LH:0
BRDA:7,0,0,0
BRDA:7,0,1,0
BRDA:8,1,0,0
BRDA:8,1,1,0
BRF:4
BRH:0
end_of_record
TN:
SF:src/jobs/trainingQueue.ts
FN:13,(anonymous_8)
FN:13,(anonymous_9)
FNF:2
FNH:0
FNDA:0,(anonymous_8)
FNDA:0,(anonymous_9)
DA:1,0
DA:2,0
DA:3,0
DA:5,0
DA:13,0
DA:21,0
DA:23,0
DA:28,0
DA:29,0
DA:38,0
DA:40,0
DA:44,0
LF:12
LH:0
BRDA:7,0,0,0
BRDA:7,0,1,0
BRDA:8,1,0,0
BRDA:8,1,1,0
BRF:4
BRH:0
end_of_record
TN:
SF:src/lib/analytics.ts
FN:37,trackEvent
FN:64,getEventContext
FN:76,generateSessionId
FN:118,trackIdentify
FN:139,trackMessageSent
FN:162,trackConversion
FN:190,getAnalytics
FN:258,(anonymous_19)
FN:278,(anonymous_20)
FN:298,(anonymous_21)
FN:304,(anonymous_22)
FN:315,(anonymous_23)
FNF:12
FNH:0
FNDA:0,trackEvent
FNDA:0,getEventContext
FNDA:0,generateSessionId
FNDA:0,trackIdentify
FNDA:0,trackMessageSent
FNDA:0,trackConversion
FNDA:0,getAnalytics
FNDA:0,(anonymous_19)
FNDA:0,(anonymous_20)
FNDA:0,(anonymous_21)
FNDA:0,(anonymous_22)
FNDA:0,(anonymous_23)
DA:1,0
DA:37,0
DA:38,0
DA:39,0
DA:56,0
DA:64,0
DA:65,0
DA:76,0
DA:77,0
DA:78,0
DA:79,0
DA:81,0
DA:89,0
DA:118,0
DA:127,0
DA:139,0
DA:149,0
DA:162,0
DA:174,0
DA:190,0
DA:217,0
DA:228,0
DA:231,0
DA:236,0
DA:241,0
DA:244,0
DA:248,0
DA:251,0
DA:257,0
DA:258,0
DA:259,0
DA:263,0
DA:273,0
DA:278,0
DA:279,0
DA:280,0
DA:281,0
DA:288,0
DA:289,0
DA:291,0
DA:292,0
DA:294,0
DA:297,0
DA:298,0
DA:304,0
DA:307,0
DA:315,0
DA:321,0
DA:328,0
DA:329,0
DA:331,0
DA:332,0
DA:340,0
DA:342,0
DA:348,0
DA:354,0
DA:357,0
LF:57
LH:0
BRDA:48,0,0,0
BRDA:48,0,1,0
BRDA:49,1,0,0
BRDA:49,1,1,0
BRDA:49,2,0,0
BRDA:49,2,1,0
BRDA:50,3,0,0
BRDA:50,3,1,0
BRDA:50,4,0,0
BRDA:50,4,1,0
BRDA:51,5,0,0
BRDA:51,5,1,0
BRDA:51,6,0,0
BRDA:51,6,1,0
BRDA:52,7,0,0
BRDA:52,7,1,0
BRDA:52,8,0,0
BRDA:52,8,1,0
BRDA:67,9,0,0
BRDA:67,9,1,0
BRDA:77,10,0,0
BRDA:77,10,1,0
BRDA:78,11,0,0
BRDA:78,11,1,0
BRDA:78,11,2,0
BRDA:131,12,0,0
BRDA:131,12,1,0
BRDA:154,13,0,0
BRDA:154,13,1,0
BRDA:181,14,0,0
BRDA:181,14,1,0
BRDA:219,15,0,0
BRDA:219,15,1,0
BRDA:224,16,0,0
BRDA:224,16,1,0
BRDA:280,17,0,0
BRDA:280,17,1,0
BRDA:291,18,0,0
BRDA:291,18,1,0
BRDA:292,19,0,0
BRDA:292,19,1,0
BRDA:294,20,0,0
BRDA:294,20,1,0
BRDA:316,21,0,0
BRDA:316,21,1,0
BRDA:342,22,0,0
BRDA:342,22,1,0
BRDA:344,23,0,0
BRDA:344,23,1,0
BRF:49
BRH:0
end_of_record
TN:
SF:src/lib/dataRetention.ts
FN:7,(anonymous_13)
FN:14,(anonymous_14)
FN:26,(anonymous_16)
FN:49,(anonymous_17)
FN:67,(anonymous_19)
FN:85,(anonymous_20)
FN:106,(anonymous_22)
FN:131,(anonymous_24)
FN:134,(anonymous_25)
FN:134,(anonymous_26)
FN:181,(anonymous_27)
FN:201,(anonymous_29)
FN:203,(anonymous_31)
FN:215,(anonymous_32)
FN:215,(anonymous_33)
FN:217,(anonymous_34)
FN:228,(anonymous_35)
FNF:17
FNH:0
FNDA:0,(anonymous_13)
FNDA:0,(anonymous_14)
FNDA:0,(anonymous_16)
FNDA:0,(anonymous_17)
FNDA:0,(anonymous_19)
FNDA:0,(anonymous_20)
FNDA:0,(anonymous_22)
FNDA:0,(anonymous_24)
FNDA:0,(anonymous_25)
FNDA:0,(anonymous_26)
FNDA:0,(anonymous_27)
FNDA:0,(anonymous_29)
FNDA:0,(anonymous_31)
FNDA:0,(anonymous_32)
FNDA:0,(anonymous_33)
FNDA:0,(anonymous_34)
FNDA:0,(anonymous_35)
DA:1,0
DA:2,0
DA:4,0
DA:8,0
DA:9,0
DA:11,0
DA:15,0
DA:17,0
DA:18,0
DA:26,0
DA:27,0
DA:28,0
DA:29,0
DA:33,0
DA:37,0
DA:41,0
DA:43,0
DA:44,0
DA:45,0
DA:50,0
DA:51,0
DA:54,0
DA:63,0
DA:64,0
DA:67,0
DA:70,0
DA:82,0
DA:86,0
DA:87,0
DA:91,0
DA:92,0
DA:98,0
DA:101,0
DA:102,0
DA:107,0
DA:108,0
DA:112,0
DA:127,0
DA:128,0
DA:131,0
DA:134,0
DA:136,0
DA:147,0
DA:156,0
DA:163,0
DA:169,0
DA:177,0
DA:178,0
DA:182,0
DA:183,0
DA:187,0
DA:188,0
DA:193,0
DA:196,0
DA:197,0
DA:203,0
DA:204,0
DA:205,0
DA:206,0
DA:209,0
DA:210,0
DA:213,0
DA:215,0
DA:216,0
DA:217,0
DA:220,0
DA:225,0
DA:238,0
DA:239,0
DA:240,0
DA:241,0
DA:244,0
DA:276,0
LF:73
LH:0
BRDA:8,0,0,0
BRDA:8,0,1,0
BRDA:28,1,0,0
BRDA:28,1,1,0
BRDA:63,2,0,0
BRDA:63,2,1,0
BRDA:127,3,0,0
BRDA:127,3,1,0
BRDA:209,4,0,0
BRDA:209,4,1,0
BRDA:240,5,0,0
BRDA:240,5,1,0
BRF:12
BRH:0
end_of_record
TN:
SF:src/lib/emailTemplates.ts
FN:17,getWelcomeEmailTemplate
FN:146,getUsageGuideEmailTemplate
FN:312,getSuccessStoriesEmailTemplate
FN:545,(anonymous_3)
FN:577,(anonymous_4)
FNF:5
FNH:0
FNDA:0,getWelcomeEmailTemplate
FNDA:0,getUsageGuideEmailTemplate
FNDA:0,getSuccessStoriesEmailTemplate
FNDA:0,(anonymous_3)
FNDA:0,(anonymous_4)
DA:17,0
DA:18,0
DA:146,0
DA:149,0
DA:312,0
DA:315,0
DA:545,0
DA:577,0
LF:8
LH:0
BRF:0
BRH:0
end_of_record
TN:
SF:src/lib/logger.ts
FN:2,(anonymous_0)
FN:5,(anonymous_1)
FN:8,(anonymous_2)
FN:11,(anonymous_3)
FNF:4
FNH:0
FNDA:0,(anonymous_0)
FNDA:0,(anonymous_1)
FNDA:0,(anonymous_2)
FNDA:0,(anonymous_3)
DA:1,0
DA:3,0
DA:6,0
DA:9,0
DA:12,0
LF:5
LH:0
BRDA:3,0,0,0
BRDA:3,0,1,0
BRDA:6,1,0,0
BRDA:6,1,1,0
BRDA:9,2,0,0
BRDA:9,2,1,0
BRDA:12,3,0,0
BRDA:12,3,1,0
BRF:8
BRH:0
end_of_record
TN:
SF:src/lib/onboardingService.ts
FN:22,(anonymous_7)
FN:25,(anonymous_8)
FN:45,(anonymous_10)
FN:52,(anonymous_11)
FN:61,(anonymous_12)
FN:89,(anonymous_14)
FN:117,(anonymous_16)
FN:145,(anonymous_18)
FN:156,(anonymous_20)
FN:173,(anonymous_22)
FN:177,(anonymous_23)
FN:207,initializeUserOnboarding
FN:216,getUserOnboardingStatus
FNF:13
FNH:0
FNDA:0,(anonymous_7)
FNDA:0,(anonymous_8)
FNDA:0,(anonymous_10)
FNDA:0,(anonymous_11)
FNDA:0,(anonymous_12)
FNDA:0,(anonymous_14)
FNDA:0,(anonymous_16)
FNDA:0,(anonymous_18)
FNDA:0,(anonymous_20)
FNDA:0,(anonymous_22)
FNDA:0,(anonymous_23)
FNDA:0,initializeUserOnboarding
FNDA:0,getUserOnboardingStatus
DA:1,0
DA:23,0
DA:31,0
DA:41,0
DA:42,0
DA:44,0
DA:46,0
DA:51,0
DA:53,0
DA:58,0
DA:62,0
DA:63,0
DA:65,0
DA:74,0
DA:76,0
DA:77,0
DA:78,0
DA:79,0
DA:80,0
DA:82,0
DA:90,0
DA:91,0
DA:93,0
DA:102,0
DA:104,0
DA:105,0
DA:106,0
DA:107,0
DA:108,0
DA:110,0
DA:118,0
DA:119,0
DA:121,0
DA:130,0
DA:132,0
DA:133,0
DA:134,0
DA:135,0
DA:136,0
DA:138,0
DA:146,0
DA:147,0
DA:148,0
DA:149,0
DA:150,0
DA:151,0
DA:152,0
DA:160,0
DA:161,0
DA:167,0
DA:169,0
DA:174,0
DA:181,0
DA:182,0
DA:183,0
DA:186,0
DA:188,0
DA:189,0
DA:190,0
DA:192,0
DA:193,0
DA:194,0
DA:196,0
DA:197,0
DA:198,0
DA:200,0
DA:205,0
DA:207,0
DA:213,0
DA:216,0
DA:217,0
LF:71
LH:0
BRDA:63,0,0,0
BRDA:63,0,1,0
BRDA:63,1,0,0
BRDA:63,1,1,0
BRDA:91,2,0,0
BRDA:91,2,1,0
BRDA:91,3,0,0
BRDA:91,3,1,0
BRDA:119,4,0,0
BRDA:119,4,1,0
BRDA:119,5,0,0
BRDA:119,5,1,0
BRDA:146,6,0,0
BRDA:146,6,1,0
BRDA:174,7,0,0
BRDA:174,7,1,0
BRDA:182,8,0,0
BRDA:182,8,1,0
BRDA:186,9,0,0
BRDA:186,9,1,0
BRDA:186,9,2,0
BRDA:186,9,3,0
BRF:22
BRH:0
end_of_record
TN:
SF:src/lib/prisma.ts
FNF:0
FNH:0
DA:2,0
DA:8,0
DA:12,0
DA:14,0
DA:15,0
LF:5
LH:0
BRDA:12,0,0,0
BRDA:12,0,1,0
BRDA:14,1,0,0
BRDA:14,1,1,0
BRF:4
BRH:0
end_of_record
TN:
SF:src/lib/sentry.ts
FN:10,(anonymous_13)
FN:19,(anonymous_14)
FN:26,(anonymous_15)
FN:35,(anonymous_16)
FN:40,(anonymous_17)
FN:48,(anonymous_18)
FN:54,(anonymous_19)
FN:68,(anonymous_20)
FN:71,(anonymous_21)
FN:76,(anonymous_22)
FN:161,(anonymous_24)
FN:171,initSentry
FN:189,(anonymous_26)
FNF:13
FNH:2
FNDA:1,(anonymous_13)
FNDA:1,(anonymous_14)
FNDA:0,(anonymous_15)
FNDA:0,(anonymous_16)
FNDA:0,(anonymous_17)
FNDA:0,(anonymous_18)
FNDA:0,(anonymous_19)
FNDA:0,(anonymous_20)
FNDA:0,(anonymous_21)
FNDA:0,(anonymous_22)
FNDA:0,(anonymous_24)
FNDA:0,initSentry
FNDA:0,(anonymous_26)
DA:1,1
DA:2,1
DA:12,1
DA:13,1
DA:14,1
DA:15,1
DA:16,1
DA:17,1
DA:20,1
DA:21,1
DA:23,1
DA:27,0
DA:28,0
DA:29,0
DA:31,0
DA:32,0
DA:36,0
DA:37,0
DA:41,0
DA:42,0
DA:43,0
DA:44,0
DA:49,0
DA:50,0
DA:51,0
DA:55,0
DA:57,0
DA:59,0
DA:60,0
DA:69,0
DA:71,0
DA:72,0
DA:73,0
DA:77,0
DA:78,0
DA:79,0
DA:80,0
DA:83,0
DA:141,0
DA:142,0
DA:150,0
DA:151,0
DA:154,0
DA:156,0
DA:157,0
DA:162,0
DA:171,1
DA:172,0
DA:173,0
DA:174,0
DA:177,0
DA:191,0
DA:192,0
DA:193,0
DA:195,0
DA:199,0
DA:202,1
LF:57
LH:13
BRDA:20,0,0,1
BRDA:20,0,1,0
BRDA:28,1,0,0
BRDA:28,1,1,0
BRDA:42,2,0,0
BRDA:42,2,1,0
BRDA:57,3,0,0
BRDA:57,3,1,0
BRDA:59,4,0,0
BRDA:59,4,1,0
BRDA:59,5,0,0
BRDA:59,5,1,0
BRDA:69,6,0,0
BRDA:69,6,1,0
BRDA:73,7,0,0
BRDA:73,7,1,0
BRDA:78,8,0,0
BRDA:78,8,1,0
BRDA:110,9,0,0
BRDA:110,9,1,0
BRDA:119,10,0,0
BRDA:119,10,1,0
BRDA:150,11,0,0
BRDA:150,11,1,0
BRDA:165,12,0,0
BRDA:165,12,1,0
BRDA:172,13,0,0
BRDA:172,13,1,0
BRDA:179,14,0,0
BRDA:179,14,1,0
BRDA:187,15,0,0
BRDA:187,15,1,0
BRDA:188,16,0,0
BRDA:188,16,1,0
BRDA:191,17,0,0
BRDA:191,17,1,0
BRDA:191,18,0,0
BRDA:191,18,1,0
BRF:38
BRH:1
end_of_record
TN:
SF:src/lib/stripe.ts
FN:59,createCheckoutSession
FN:95,createTokenCheckoutSession
FN:142,getCustomerSubscription
FN:155,cancelSubscription
FN:162,updateSubscription
FNF:5
FNH:0
FNDA:0,createCheckoutSession
FNDA:0,createTokenCheckoutSession
FNDA:0,getCustomerSubscription
FNDA:0,cancelSubscription
FNDA:0,updateSubscription
DA:1,0
DA:3,0
DA:4,0
DA:7,0
DA:11,0
DA:14,0
DA:51,0
DA:59,0
DA:65,0
DA:67,0
DA:68,0
DA:71,0
DA:89,0
DA:95,0
DA:101,0
DA:102,0
DA:107,0
DA:111,0
DA:136,0
DA:142,0
DA:143,0
DA:149,0
DA:155,0
DA:156,0
DA:162,0
DA:166,0
DA:168,0
LF:27
LH:0
BRDA:3,0,0,0
BRDA:3,0,1,0
BRDA:67,1,0,0
BRDA:67,1,1,0
BRDA:101,2,0,0
BRDA:101,2,1,0
BRDA:149,3,0,0
BRDA:149,3,1,0
BRF:8
BRH:0
end_of_record
TN:
SF:src/lib/telemetry.ts
FN:9,initializeTelemetry
FN:51,(anonymous_1)
FN:59,(anonymous_2)
FN:83,(anonymous_3)
FN:86,(anonymous_4)
FN:87,(anonymous_5)
FN:150,recordMetric
FNF:7
FNH:0
FNDA:0,initializeTelemetry
FNDA:0,(anonymous_1)
FNDA:0,(anonymous_2)
FNDA:0,(anonymous_3)
FNDA:0,(anonymous_4)
FNDA:0,(anonymous_5)
FNDA:0,recordMetric
DA:1,1
DA:2,1
DA:3,1
DA:4,1
DA:5,1
DA:6,1
DA:7,1
DA:9,1
DA:10,0
DA:11,0
DA:12,0
DA:14,0
DA:15,0
DA:18,0
DA:22,0
DA:28,0
DA:34,0
DA:43,0
DA:53,0
DA:54,0
DA:61,0
DA:62,0
DA:75,0
DA:77,0
DA:83,0
DA:84,0
DA:86,0
DA:88,0
DA:92,0
DA:94,0
DA:95,0
DA:100,1
DA:102,1
DA:105,1
DA:150,1
DA:155,0
DA:156,0
DA:157,0
DA:158,0
DA:159,0
DA:162,0
LF:41
LH:12
BRDA:11,0,0,0
BRDA:11,0,1,0
BRDA:14,1,0,0
BRDA:14,1,1,0
BRDA:37,2,0,0
BRDA:37,2,1,0
BRDA:39,3,0,0
BRDA:39,3,1,0
BRDA:53,4,0,0
BRDA:53,4,1,0
BRDA:53,5,0,0
BRDA:53,5,1,0
BRDA:61,6,0,0
BRDA:61,6,1,0
BRDA:64,7,0,0
BRDA:64,7,1,0
BRDA:156,8,0,0
BRDA:156,8,1,0
BRDA:158,9,0,0
BRDA:158,9,1,0
BRF:20
BRH:0
end_of_record
TN:
SF:src/lib/usageTracker.ts
FN:22,trackUsage
FN:68,getCurrentMonthUsage
FN:84,(anonymous_11)
FN:95,checkUsageLimits
FN:129,deductTokens
FN:157,generateUsageReport
FN:176,(anonymous_18)
FN:206,createUsageTrackingMiddleware
FN:207,(anonymous_20)
FN:207,(anonymous_21)
FN:210,(anonymous_22)
FN:212,(anonymous_23)
FN:212,(anonymous_24)
FNF:13
FNH:0
FNDA:0,trackUsage
FNDA:0,getCurrentMonthUsage
FNDA:0,(anonymous_11)
FNDA:0,checkUsageLimits
FNDA:0,deductTokens
FNDA:0,generateUsageReport
FNDA:0,(anonymous_18)
FNDA:0,createUsageTrackingMiddleware
FNDA:0,(anonymous_20)
FNDA:0,(anonymous_21)
FNDA:0,(anonymous_22)
FNDA:0,(anonymous_23)
FNDA:0,(anonymous_24)
DA:2,0
DA:3,0
DA:22,0
DA:23,0
DA:24,0
DA:30,0
DA:32,0
DA:56,0
DA:60,0
DA:61,0
DA:68,0
DA:69,0
DA:70,0
DA:71,0
DA:73,0
DA:83,0
DA:84,0
DA:95,0
DA:96,0
DA:100,0
DA:101,0
DA:104,0
DA:105,0
DA:107,0
DA:108,0
DA:110,0
DA:129,0
DA:130,0
DA:134,0
DA:135,0
DA:138,0
DA:140,0
DA:141,0
DA:144,0
DA:151,0
DA:157,0
DA:162,0
DA:175,0
DA:176,0
DA:183,0
DA:191,0
DA:206,0
DA:207,0
DA:208,0
DA:210,0
DA:212,0
DA:213,0
DA:214,0
DA:216,0
DA:219,0
DA:220,0
DA:222,0
DA:229,0
DA:233,0
DA:236,0
LF:55
LH:0
BRDA:23,0,0,0
BRDA:23,0,1,0
BRDA:100,1,0,0
BRDA:100,1,1,0
BRDA:108,2,0,0
BRDA:108,2,1,0
BRDA:134,3,0,0
BRDA:134,3,1,0
BRDA:138,4,0,0
BRDA:138,4,1,0
BRDA:140,5,0,0
BRDA:140,5,1,0
BRDA:199,6,0,0
BRDA:199,6,1,0
BRDA:214,7,0,0
BRDA:214,7,1,0
BRDA:214,8,0,0
BRDA:214,8,1,0
BRDA:214,9,0,0
BRDA:214,9,1,0
BRDA:216,10,0,0
BRDA:216,10,1,0
BRDA:219,11,0,0
BRDA:219,11,1,0
BRF:24
BRH:0
end_of_record
TN:
SF:src/lib/websocket.ts
FN:20,initializeWebSocket
FN:35,(anonymous_9)
FN:35,(anonymous_10)
FN:67,(anonymous_11)
FN:78,(anonymous_12)
FN:78,(anonymous_13)
FN:108,(anonymous_14)
FN:108,(anonymous_15)
FN:134,(anonymous_16)
FN:145,(anonymous_17)
FNF:10
FNH:0
FNDA:0,initializeWebSocket
FNDA:0,(anonymous_9)
FNDA:0,(anonymous_10)
FNDA:0,(anonymous_11)
FNDA:0,(anonymous_12)
FNDA:0,(anonymous_13)
FNDA:0,(anonymous_14)
FNDA:0,(anonymous_15)
FNDA:0,(anonymous_16)
FNDA:0,(anonymous_17)
DA:1,0
DA:3,0
DA:4,0
DA:20,0
DA:21,0
DA:35,0
DA:36,0
DA:37,0
DA:38,0
DA:40,0
DA:42,0
DA:45,0
DA:46,0
DA:48,0
DA:52,0
DA:53,0
DA:56,0
DA:58,0
DA:61,0
DA:63,0
DA:67,0
DA:68,0
DA:71,0
DA:72,0
DA:73,0
DA:74,0
DA:78,0
DA:79,0
DA:80,0
DA:83,0
DA:99,0
DA:108,0
DA:110,0
DA:113,0
DA:119,0
DA:126,0
DA:127,0
DA:134,0
DA:135,0
DA:138,0
DA:145,0
DA:146,0
DA:150,0
LF:43
LH:0
BRDA:26,0,0,0
BRDA:26,0,1,0
BRDA:40,1,0,0
BRDA:40,1,1,0
BRDA:46,2,0,0
BRDA:46,2,1,0
BRDA:52,3,0,0
BRDA:52,3,1,0
BRDA:71,4,0,0
BRDA:71,4,1,0
BRDA:73,5,0,0
BRDA:73,5,1,0
BRDA:87,6,0,0
BRDA:87,6,1,0
BRDA:88,7,0,0
BRDA:88,7,1,0
BRDA:89,8,0,0
BRDA:89,8,1,0
BRDA:89,9,0,0
BRDA:89,9,1,0
BRDA:135,10,0,0
BRDA:135,10,1,0
BRDA:139,11,0,0
BRDA:139,11,1,0
BRF:24
BRH:0
end_of_record
TN:
SF:src/middleware/admin.ts
FN:3,(anonymous_0)
FNF:1
FNH:0
FNDA:0,(anonymous_0)
DA:3,1
DA:8,0
DA:9,0
DA:11,0
LF:4
LH:1
BRDA:8,0,0,0
BRDA:8,0,1,0
BRDA:8,1,0,0
BRDA:8,1,1,0
BRF:4
BRH:0
end_of_record
TN:
SF:src/middleware/auth.ts
FN:13,(anonymous_7)
FN:17,(anonymous_8)
FNF:2
FNH:2
FNDA:17,(anonymous_7)
FNDA:17,(anonymous_8)
DA:2,6
DA:3,6
DA:13,6
DA:17,17
DA:18,17
DA:22,17
DA:23,17
DA:24,0
DA:28,17
DA:29,17
DA:32,17
DA:33,12
DA:38,5
DA:39,5
DA:41,2
DA:42,1
DA:44,1
DA:48,3
DA:53,2
DA:54,1
DA:57,1
DA:58,1
DA:60,1
DA:61,1
LF:24
LH:23
BRDA:23,0,0,0
BRDA:23,0,1,17
BRDA:23,1,0,17
BRDA:23,1,1,0
BRDA:28,2,0,17
BRDA:28,2,1,0
BRDA:29,3,0,11
BRDA:29,3,1,6
BRDA:29,4,0,17
BRDA:29,4,1,17
BRDA:32,5,0,12
BRDA:32,5,1,5
BRDA:41,6,0,1
BRDA:41,6,1,1
BRDA:41,7,0,2
BRDA:41,7,1,2
BRDA:53,8,0,1
BRDA:53,8,1,1
BRF:18
BRH:15
end_of_record
TN:
SF:src/middleware/metrics.ts
FN:8,metricsMiddleware
FN:23,(anonymous_7)
FN:56,(anonymous_8)
FN:102,errorTrackingMiddleware
FNF:4
FNH:0
FNDA:0,metricsMiddleware
FNDA:0,(anonymous_7)
FNDA:0,(anonymous_8)
FNDA:0,errorTrackingMiddleware
DA:2,1
DA:3,1
DA:4,1
DA:5,1
DA:6,1
DA:8,1
DA:13,0
DA:16,0
DA:17,0
DA:20,0
DA:23,0
DA:24,0
DA:27,0
DA:30,0
DA:37,0
DA:40,0
DA:42,0
DA:57,0
DA:62,0
DA:63,0
DA:66,0
DA:73,0
DA:82,0
DA:83,0
DA:86,0
DA:99,0
DA:102,1
DA:109,0
DA:125,0
DA:128,0
DA:131,0
DA:132,0
DA:139,0
LF:33
LH:7
BRDA:16,0,0,0
BRDA:16,0,1,0
BRDA:16,1,0,0
BRDA:16,1,1,0
BRDA:16,2,0,0
BRDA:16,2,1,0
BRDA:32,3,0,0
BRDA:32,3,1,0
BRDA:32,4,0,0
BRDA:32,4,1,0
BRDA:32,5,0,0
BRDA:32,5,1,0
BRDA:40,6,0,0
BRDA:40,6,1,0
BRDA:62,7,0,0
BRDA:62,7,1,0
BRDA:68,8,0,0
BRDA:68,8,1,0
BRDA:68,9,0,0
BRDA:68,9,1,0
BRDA:68,10,0,0
BRDA:68,10,1,0
BRDA:82,11,0,0
BRDA:82,11,1,0
BRDA:111,12,0,0
BRDA:111,12,1,0
BRDA:111,13,0,0
BRDA:111,13,1,0
BRDA:111,14,0,0
BRDA:111,14,1,0
BRDA:131,15,0,0
BRDA:131,15,1,0
BRDA:135,16,0,0
BRDA:135,16,1,0
BRF:34
BRH:0
end_of_record
TN:
SF:src/middleware/organizationAccess.ts
FN:7,(anonymous_0)
FNF:1
FNH:0
FNDA:0,(anonymous_0)
DA:7,1
DA:12,0
DA:13,0
DA:15,0
DA:16,0
DA:19,1
LF:6
LH:2
BRDA:12,0,0,0
BRDA:12,0,1,0
BRDA:12,1,0,0
BRDA:12,1,1,0
BRF:4
BRH:0
end_of_record
TN:
SF:src/middleware/requireValidWidget.ts
FN:20,requireValidWidget
FNF:1
FNH:0
FNDA:0,requireValidWidget
DA:2,0
DA:3,0
DA:20,0
DA:25,0
DA:27,0
DA:29,0
DA:30,0
DA:31,0
DA:34,0
DA:35,0
DA:36,0
DA:39,0
DA:52,0
DA:53,0
DA:54,0
DA:57,0
DA:58,0
DA:59,0
DA:63,0
DA:73,0
DA:75,0
DA:76,0
LF:22
LH:0
BRDA:27,0,0,0
BRDA:27,0,1,0
BRDA:27,0,2,0
BRDA:29,1,0,0
BRDA:29,1,1,0
BRDA:34,2,0,0
BRDA:34,2,1,0
BRDA:52,3,0,0
BRDA:52,3,1,0
BRDA:57,4,0,0
BRDA:57,4,1,0
BRF:11
BRH:0
end_of_record
TN:
SF:src/middleware/security.ts
FN:13,(anonymous_8)
FN:14,(anonymous_9)
FN:14,(anonymous_10)
FN:84,(anonymous_11)
FN:85,(anonymous_12)
FN:85,(anonymous_13)
FN:121,(anonymous_14)
FN:122,(anonymous_15)
FN:122,(anonymous_16)
FN:125,(anonymous_17)
FN:135,(anonymous_18)
FN:148,(anonymous_19)
FN:157,(anonymous_20)
FN:160,(anonymous_21)
FN:168,(anonymous_22)
FN:172,(anonymous_23)
FN:189,(anonymous_24)
FN:218,(anonymous_25)
FN:232,(anonymous_26)
FN:243,(anonymous_27)
FNF:20
FNH:2
FNDA:6,(anonymous_8)
FNDA:0,(anonymous_9)
FNDA:0,(anonymous_10)
FNDA:0,(anonymous_11)
FNDA:0,(anonymous_12)
FNDA:0,(anonymous_13)
FNDA:6,(anonymous_14)
FNDA:0,(anonymous_15)
FNDA:0,(anonymous_16)
FNDA:0,(anonymous_17)
FNDA:0,(anonymous_18)
FNDA:0,(anonymous_19)
FNDA:0,(anonymous_20)
FNDA:0,(anonymous_21)
FNDA:0,(anonymous_22)
FNDA:0,(anonymous_23)
FNDA:0,(anonymous_24)
FNDA:0,(anonymous_25)
FNDA:0,(anonymous_26)
FNDA:0,(anonymous_27)
DA:3,1
DA:4,1
DA:8,1
DA:9,1
DA:10,1
DA:13,1
DA:14,6
DA:15,0
DA:16,0
DA:17,0
DA:26,0
DA:29,0
DA:35,0
DA:36,0
DA:48,0
DA:51,0
DA:63,0
DA:65,0
DA:79,0
DA:84,1
DA:85,0
DA:86,0
DA:87,0
DA:88,0
DA:91,0
DA:97,0
DA:98,0
DA:110,0
DA:113,0
DA:115,0
DA:121,1
DA:122,6
DA:123,0
DA:125,0
DA:127,0
DA:128,0
DA:136,0
DA:140,0
DA:143,0
DA:148,1
DA:153,0
DA:158,0
DA:162,0
DA:168,1
DA:172,0
DA:173,0
DA:174,0
DA:175,0
DA:178,0
DA:183,0
DA:187,0
DA:188,0
DA:189,0
DA:190,0
DA:195,0
DA:196,0
DA:208,0
DA:212,0
DA:214,0
DA:218,1
DA:220,0
DA:222,0
DA:223,0
DA:225,0
DA:227,0
DA:230,0
DA:231,0
DA:232,0
DA:233,0
DA:240,0
DA:243,1
DA:244,0
DA:245,0
LF:73
LH:14
BRDA:16,0,0,0
BRDA:16,0,1,0
BRDA:16,1,0,0
BRDA:16,1,1,0
BRDA:16,2,0,0
BRDA:16,2,1,0
BRDA:16,3,0,0
BRDA:16,3,1,0
BRDA:35,4,0,0
BRDA:35,4,1,0
BRDA:66,5,0,0
BRDA:66,5,1,0
BRDA:66,6,0,0
BRDA:66,6,1,0
BRDA:74,7,0,0
BRDA:74,7,1,0
BRDA:87,8,0,0
BRDA:87,8,1,0
BRDA:87,9,0,0
BRDA:87,9,1,0
BRDA:87,10,0,0
BRDA:87,10,1,0
BRDA:87,11,0,0
BRDA:87,11,1,0
BRDA:97,12,0,0
BRDA:97,12,1,0
BRDA:127,13,0,0
BRDA:127,13,1,0
BRDA:127,14,0,0
BRDA:127,14,1,0
BRDA:127,15,0,0
BRDA:127,15,1,0
BRDA:127,16,0,0
BRDA:127,16,1,0
BRDA:156,17,0,0
BRDA:156,17,1,0
BRDA:158,18,0,0
BRDA:158,18,1,0
BRDA:162,19,0,0
BRDA:162,19,1,0
BRDA:162,20,0,0
BRDA:162,20,1,0
BRDA:162,21,0,0
BRDA:162,21,1,0
BRDA:162,22,0,0
BRDA:162,22,1,0
BRDA:162,23,0,0
BRDA:162,23,1,0
BRDA:174,24,0,0
BRDA:174,24,1,0
BRDA:183,25,0,0
BRDA:183,25,1,0
BRDA:183,26,0,0
BRDA:183,26,1,0
BRDA:183,27,0,0
BRDA:183,27,1,0
BRDA:183,28,0,0
BRDA:183,28,1,0
BRDA:187,29,0,0
BRDA:187,29,1,0
BRDA:187,30,0,0
BRDA:187,30,1,0
BRDA:191,31,0,0
BRDA:191,31,1,0
BRDA:191,31,2,0
BRDA:195,32,0,0
BRDA:195,32,1,0
BRDA:197,33,0,0
BRDA:197,33,1,0
BRDA:197,34,0,0
BRDA:197,34,1,0
BRDA:222,35,0,0
BRDA:222,35,1,0
BRDA:223,36,0,0
BRDA:223,36,1,0
BRDA:223,37,0,0
BRDA:223,37,1,0
BRDA:223,38,0,0
BRDA:223,38,1,0
BRDA:227,39,0,0
BRDA:227,39,1,0
BRDA:230,40,0,0
BRDA:230,40,1,0
BRDA:230,41,0,0
BRDA:230,41,1,0
BRDA:230,42,0,0
BRDA:230,42,1,0
BRDA:231,43,0,0
BRDA:231,43,1,0
BRDA:233,44,0,0
BRDA:233,44,1,0
BRDA:233,45,0,0
BRDA:233,45,1,0
BRDA:233,46,0,0
BRDA:233,46,1,0
BRF:95
BRH:0
end_of_record
TN:
SF:src/routes/admin.ts
FN:10,(anonymous_7)
FN:10,(anonymous_8)
FN:18,(anonymous_9)
FN:18,(anonymous_10)
FNF:4
FNH:4
FNDA:21,(anonymous_7)
FNDA:21,(anonymous_8)
FNDA:6,(anonymous_9)
FNDA:6,(anonymous_10)
DA:1,1
DA:2,1
DA:3,1
DA:4,1
DA:6,1
DA:8,1
DA:10,21
DA:11,21
DA:15,20
DA:18,6
DA:19,6
DA:23,5
DA:26,1
LF:13
LH:13
BRF:0
BRH:0
end_of_record
TN:
SF:src/routes/auth.ts
FN:10,(anonymous_8)
FN:10,(anonymous_9)
FN:55,(anonymous_10)
FN:55,(anonymous_11)
FN:103,(anonymous_12)
FN:103,(anonymous_13)
FNF:6
FNH:4
FNDA:2,(anonymous_8)
FNDA:2,(anonymous_9)
FNDA:2,(anonymous_10)
FNDA:2,(anonymous_11)
FNDA:0,(anonymous_12)
FNDA:0,(anonymous_13)
DA:1,1
DA:2,1
DA:3,1
DA:4,1
DA:5,1
DA:7,1
DA:10,2
DA:11,2
DA:12,2
DA:14,2
DA:17,2
DA:18,1
DA:24,1
DA:28,1
DA:29,1
DA:33,0
DA:35,0
DA:36,0
DA:40,0
DA:43,0
DA:44,0
DA:49,0
DA:50,0
DA:55,2
DA:56,2
DA:57,2
DA:60,2
DA:61,0
DA:67,2
DA:71,2
DA:72,2
DA:76,0
DA:79,0
DA:88,0
DA:91,0
DA:92,0
DA:97,0
DA:98,0
DA:103,1
DA:104,0
DA:106,0
DA:110,0
DA:111,0
DA:115,0
DA:116,0
DA:121,0
DA:122,0
DA:126,1
LF:48
LH:24
BRDA:17,0,0,1
BRDA:17,0,1,1
BRDA:17,1,0,2
BRDA:17,1,1,2
BRDA:28,2,0,1
BRDA:28,2,1,0
BRDA:35,3,0,0
BRDA:35,3,1,0
BRDA:60,4,0,0
BRDA:60,4,1,2
BRDA:60,5,0,2
BRDA:60,5,1,2
BRDA:71,6,0,2
BRDA:71,6,1,0
BRDA:83,7,0,0
BRDA:83,7,1,0
BRDA:107,8,0,0
BRDA:107,8,1,0
BRDA:107,9,0,0
BRDA:107,9,1,0
BRDA:110,10,0,0
BRDA:110,10,1,0
BRF:22
BRH:9
end_of_record
TN:
SF:src/routes/chat.ts
FN:37,callChatGPT
FN:78,(anonymous_9)
FN:141,handleChatRequest
FN:197,(anonymous_12)
FN:243,(anonymous_13)
FN:284,(anonymous_14)
FN:328,(anonymous_15)
FN:328,(anonymous_16)
FN:336,(anonymous_17)
FN:336,(anonymous_18)
FN:345,(anonymous_19)
FN:345,(anonymous_20)
FNF:12
FNH:0
FNDA:0,callChatGPT
FNDA:0,(anonymous_9)
FNDA:0,handleChatRequest
FNDA:0,(anonymous_12)
FNDA:0,(anonymous_13)
FNDA:0,(anonymous_14)
FNDA:0,(anonymous_15)
FNDA:0,(anonymous_16)
FNDA:0,(anonymous_17)
FNDA:0,(anonymous_18)
FNDA:0,(anonymous_19)
FNDA:0,(anonymous_20)
DA:1,0
DA:2,0
DA:3,0
DA:4,0
DA:8,0
DA:9,0
DA:10,0
DA:13,0
DA:44,0
DA:45,0
DA:47,0
DA:53,0
DA:57,0
DA:78,0
DA:85,0
DA:97,0
DA:98,0
DA:115,0
DA:116,0
DA:117,0
DA:118,0
DA:123,0
DA:125,0
DA:126,0
DA:127,0
DA:130,0
DA:135,0
DA:136,0
DA:146,0
DA:147,0
DA:149,0
DA:154,0
DA:158,0
DA:162,0
DA:163,0
DA:167,0
DA:171,0
DA:172,0
DA:178,0
DA:179,0
DA:183,0
DA:192,0
DA:193,0
DA:194,0
DA:195,0
DA:196,0
DA:197,0
DA:199,0
DA:204,0
DA:216,0
DA:218,0
DA:229,0
DA:241,0
DA:243,0
DA:249,0
DA:257,0
DA:267,0
DA:269,0
DA:274,0
DA:275,0
DA:285,0
DA:290,0
DA:296,0
DA:298,0
DA:299,0
DA:300,0
DA:304,0
DA:307,0
DA:311,0
DA:316,0
DA:320,0
DA:328,0
DA:329,0
DA:333,0
DA:336,0
DA:337,0
DA:342,0
DA:345,0
DA:346,0
DA:347,0
DA:348,0
DA:349,0
DA:351,0
DA:362,0
DA:368,0
DA:378,0
DA:379,0
DA:387,0
LF:88
LH:0
BRDA:39,0,0,0
BRDA:40,1,0,0
BRDA:41,2,0,0
BRDA:45,3,0,0
BRDA:45,3,1,0
BRDA:45,4,0,0
BRDA:45,4,1,0
BRDA:66,5,0,0
BRDA:66,5,1,0
BRDA:75,6,0,0
BRDA:75,6,1,0
BRDA:105,7,0,0
BRDA:105,7,1,0
BRDA:115,8,0,0
BRDA:115,8,1,0
BRDA:125,9,0,0
BRDA:125,9,1,0
BRDA:131,10,0,0
BRDA:131,10,1,0
BRDA:131,11,0,0
BRDA:131,11,1,0
BRDA:131,12,0,0
BRDA:131,12,1,0
BRDA:131,13,0,0
BRDA:131,13,1,0
BRDA:131,14,0,0
BRDA:131,14,1,0
BRDA:131,15,0,0
BRDA:131,15,1,0
BRDA:131,16,0,0
BRDA:131,16,1,0
BRDA:144,17,0,0
BRDA:149,18,0,0
BRDA:149,18,1,0
BRDA:150,19,0,0
BRDA:150,19,1,0
BRDA:150,19,2,0
BRDA:162,20,0,0
BRDA:162,20,1,0
BRDA:171,21,0,0
BRDA:171,21,1,0
BRDA:171,22,0,0
BRDA:171,22,1,0
BRDA:178,23,0,0
BRDA:178,23,1,0
BRDA:194,24,0,0
BRDA:194,24,1,0
BRDA:194,25,0,0
BRDA:194,25,1,0
BRDA:216,26,0,0
BRDA:216,26,1,0
BRDA:216,27,0,0
BRDA:216,27,1,0
BRDA:231,28,0,0
BRDA:231,28,1,0
BRDA:231,29,0,0
BRDA:231,29,1,0
BRDA:261,30,0,0
BRDA:261,30,1,0
BRDA:261,31,0,0
BRDA:261,31,1,0
BRDA:261,32,0,0
BRDA:261,32,1,0
BRDA:262,33,0,0
BRDA:262,33,1,0
BRDA:262,34,0,0
BRDA:262,34,1,0
BRDA:262,35,0,0
BRDA:262,35,1,0
BRDA:267,36,0,0
BRDA:267,36,1,0
BRDA:267,37,0,0
BRDA:267,37,1,0
BRDA:274,38,0,0
BRDA:274,38,1,0
BRDA:274,39,0,0
BRDA:274,39,1,0
BRDA:274,40,0,0
BRDA:274,40,1,0
BRDA:274,41,0,0
BRDA:274,41,1,0
BRDA:274,42,0,0
BRDA:274,42,1,0
BRDA:298,43,0,0
BRDA:298,43,1,0
BRDA:299,44,0,0
BRDA:299,44,1,0
BRDA:307,45,0,0
BRDA:307,45,1,0
BRDA:308,46,0,0
BRDA:308,46,1,0
BRDA:347,47,0,0
BRDA:347,48,0,0
BRDA:353,49,0,0
BRDA:353,49,1,0
BRDA:353,50,0,0
BRDA:353,50,1,0
BRDA:364,51,0,0
BRDA:364,51,1,0
BRDA:364,52,0,0
BRDA:364,52,1,0
BRF:101
BRH:0
end_of_record
TN:
SF:src/routes/companies.ts
FN:8,(anonymous_7)
FN:8,(anonymous_8)
FNF:2
FNH:0
FNDA:0,(anonymous_7)
FNDA:0,(anonymous_8)
DA:1,0
DA:2,0
DA:3,0
DA:5,0
DA:8,0
DA:9,0
DA:10,0
DA:12,0
DA:13,0
DA:17,0
DA:31,0
DA:32,0
DA:37,0
DA:39,0
DA:41,0
DA:42,0
DA:46,0
LF:17
LH:0
BRDA:10,0,0,0
BRDA:10,0,1,0
BRDA:10,1,0,0
BRDA:10,1,1,0
BRDA:12,2,0,0
BRDA:12,2,1,0
BRDA:31,3,0,0
BRDA:31,3,1,0
BRDA:31,4,0,0
BRDA:31,4,1,0
BRF:10
BRH:0
end_of_record
TN:
SF:src/routes/dashboard.ts
FN:11,(anonymous_7)
FN:11,(anonymous_8)
FNF:2
FNH:2
FNDA:33,(anonymous_7)
FNDA:33,(anonymous_8)
DA:1,1
DA:2,1
DA:3,1
DA:4,1
DA:6,1
DA:8,1
DA:9,1
DA:11,33
DA:12,33
DA:13,33
DA:15,33
DA:40,28
DA:42,28
DA:43,27
DA:45,27
DA:53,4
DA:54,4
DA:58,1
LF:18
LH:18
BRF:0
BRH:0
end_of_record
TN:
SF:src/routes/dataRetention.ts
FN:15,(anonymous_14)
FN:15,(anonymous_15)
FN:39,(anonymous_16)
FN:39,(anonymous_17)
FN:72,(anonymous_18)
FN:72,(anonymous_19)
FN:131,(anonymous_20)
FN:131,(anonymous_21)
FN:156,(anonymous_22)
FN:156,(anonymous_23)
FN:172,(anonymous_24)
FN:172,(anonymous_25)
FNF:12
FNH:0
FNDA:0,(anonymous_14)
FNDA:0,(anonymous_15)
FNDA:0,(anonymous_16)
FNDA:0,(anonymous_17)
FNDA:0,(anonymous_18)
FNDA:0,(anonymous_19)
FNDA:0,(anonymous_20)
FNDA:0,(anonymous_21)
FNDA:0,(anonymous_22)
FNDA:0,(anonymous_23)
FNDA:0,(anonymous_24)
FNDA:0,(anonymous_25)
DA:1,0
DA:2,0
DA:3,0
DA:4,0
DA:5,0
DA:6,0
DA:12,0
DA:15,0
DA:16,0
DA:18,0
DA:23,0
DA:24,0
DA:29,0
DA:32,0
DA:34,0
DA:39,0
DA:40,0
DA:42,0
DA:45,0
DA:50,0
DA:51,0
DA:56,0
DA:60,0
DA:62,0
DA:63,0
DA:67,0
DA:72,0
DA:73,0
DA:75,0
DA:78,0
DA:83,0
DA:84,0
DA:89,0
DA:94,0
DA:96,0
DA:105,0
DA:107,0
DA:111,0
DA:113,0
DA:116,0
DA:121,0
DA:122,0
DA:126,0
DA:131,0
DA:132,0
DA:134,0
DA:139,0
DA:140,0
DA:145,0
DA:149,0
DA:151,0
DA:156,0
DA:157,0
DA:158,0
DA:162,0
DA:164,0
DA:168,0
DA:172,0
DA:173,0
DA:175,0
DA:178,0
DA:180,0
DA:183,0
DA:185,0
DA:188,0
DA:190,0
DA:193,0
DA:198,0
DA:199,0
DA:203,0
DA:208,0
LF:71
LH:0
BRDA:23,0,0,0
BRDA:23,0,1,0
BRDA:23,1,0,0
BRDA:23,1,1,0
BRDA:23,2,0,0
BRDA:23,2,1,0
BRDA:50,3,0,0
BRDA:50,3,1,0
BRDA:50,4,0,0
BRDA:50,4,1,0
BRDA:50,5,0,0
BRDA:50,5,1,0
BRDA:62,6,0,0
BRDA:62,6,1,0
BRDA:62,7,0,0
BRDA:62,7,1,0
BRDA:83,8,0,0
BRDA:83,8,1,0
BRDA:83,9,0,0
BRDA:83,9,1,0
BRDA:83,10,0,0
BRDA:83,10,1,0
BRDA:94,11,0,0
BRDA:94,11,1,0
BRDA:94,11,2,0
BRDA:96,12,0,0
BRDA:96,12,1,0
BRDA:121,13,0,0
BRDA:121,13,1,0
BRDA:121,14,0,0
BRDA:121,14,1,0
BRDA:139,15,0,0
BRDA:139,15,1,0
BRDA:139,16,0,0
BRDA:139,16,1,0
BRDA:139,17,0,0
BRDA:139,17,1,0
BRDA:147,18,0,0
BRDA:147,18,1,0
BRDA:160,19,0,0
BRDA:160,19,1,0
BRDA:178,20,0,0
BRDA:178,20,1,0
BRDA:178,20,2,0
BRDA:181,21,0,0
BRDA:181,21,1,0
BRDA:186,22,0,0
BRDA:186,22,1,0
BRDA:198,23,0,0
BRDA:198,23,1,0
BRDA:198,24,0,0
BRDA:198,24,1,0
BRF:52
BRH:0
end_of_record
TN:
SF:src/routes/faqs.ts
FN:9,(anonymous_7)
FN:9,(anonymous_8)
FN:22,(anonymous_9)
FN:22,(anonymous_10)
FN:37,(anonymous_11)
FN:37,(anonymous_12)
FN:44,(anonymous_13)
FN:44,(anonymous_14)
FN:62,(anonymous_15)
FN:62,(anonymous_16)
FN:72,(anonymous_17)
FN:72,(anonymous_18)
FNF:12
FNH:0
FNDA:0,(anonymous_7)
FNDA:0,(anonymous_8)
FNDA:0,(anonymous_9)
FNDA:0,(anonymous_10)
FNDA:0,(anonymous_11)
FNDA:0,(anonymous_12)
FNDA:0,(anonymous_13)
FNDA:0,(anonymous_14)
FNDA:0,(anonymous_15)
FNDA:0,(anonymous_16)
FNDA:0,(anonymous_17)
FNDA:0,(anonymous_18)
DA:1,0
DA:2,0
DA:3,0
DA:4,0
DA:6,0
DA:9,0
DA:10,0
DA:11,0
DA:12,0
DA:13,0
DA:18,0
DA:22,0
DA:23,0
DA:24,0
DA:25,0
DA:33,0
DA:37,0
DA:38,0
DA:39,0
DA:40,0
DA:44,0
DA:45,0
DA:46,0
DA:47,0
DA:51,0
DA:58,0
DA:62,0
DA:63,0
DA:64,0
DA:68,0
DA:72,0
DA:73,0
DA:74,0
DA:77,0
LF:34
LH:0
BRDA:10,0,0,0
BRDA:10,0,1,0
BRDA:11,1,0,0
BRDA:11,1,1,0
BRDA:24,2,0,0
BRDA:24,2,1,0
BRDA:39,3,0,0
BRDA:39,3,1,0
BRDA:46,4,0,0
BRDA:46,4,1,0
BRDA:46,5,0,0
BRDA:46,5,1,0
BRDA:46,5,2,0
BRF:13
BRH:0
end_of_record
TN:
SF:src/routes/organizations.ts
FN:8,(anonymous_14)
FN:8,(anonymous_15)
FN:15,(anonymous_16)
FN:19,(anonymous_17)
FN:32,(anonymous_18)
FN:32,(anonymous_19)
FN:51,(anonymous_20)
FN:51,(anonymous_21)
FN:71,(anonymous_22)
FN:71,(anonymous_23)
FNF:10
FNH:10
FNDA:5,(anonymous_14)
FNDA:5,(anonymous_15)
FNDA:4,(anonymous_16)
FNDA:2,(anonymous_17)
FNDA:5,(anonymous_18)
FNDA:5,(anonymous_19)
FNDA:6,(anonymous_20)
FNDA:6,(anonymous_21)
FNDA:3,(anonymous_22)
FNDA:3,(anonymous_23)
DA:1,1
DA:2,1
DA:3,1
DA:5,1
DA:8,5
DA:9,5
DA:10,5
DA:15,4
DA:19,2
DA:25,2
DA:27,2
DA:32,5
DA:33,5
DA:34,5
DA:38,1
DA:41,4
DA:43,4
DA:46,4
DA:51,6
DA:52,6
DA:53,6
DA:58,2
DA:61,4
DA:63,4
DA:66,4
DA:71,3
DA:72,3
DA:73,3
DA:74,2
DA:76,1
DA:80,1
LF:31
LH:31
BRDA:22,0,0,3
BRDA:22,0,1,1
BRDA:22,1,0,1
BRDA:22,1,1,2
BRDA:22,2,0,3
BRDA:22,2,1,3
BRDA:41,3,0,4
BRDA:41,3,1,0
BRDA:43,4,0,1
BRDA:43,4,1,3
BRDA:43,5,0,4
BRDA:43,5,1,3
BRDA:61,6,0,4
BRDA:61,6,1,0
BRDA:63,7,0,1
BRDA:63,7,1,3
BRDA:63,8,0,4
BRDA:63,8,1,3
BRF:18
BRH:16
end_of_record
TN:
SF:src/routes/reports.ts
FN:15,(anonymous_7)
FN:15,(anonymous_8)
FN:67,(anonymous_9)
FN:76,(anonymous_10)
FN:81,(anonymous_11)
FN:87,(anonymous_12)
FN:107,(anonymous_13)
FN:107,(anonymous_14)
FN:132,(anonymous_15)
FN:137,(anonymous_16)
FN:157,(anonymous_17)
FN:157,(anonymous_18)
FN:189,(anonymous_19)
FN:226,(anonymous_20)
FN:226,(anonymous_21)
FN:255,(anonymous_22)
FNF:16
FNH:0
FNDA:0,(anonymous_7)
FNDA:0,(anonymous_8)
FNDA:0,(anonymous_9)
FNDA:0,(anonymous_10)
FNDA:0,(anonymous_11)
FNDA:0,(anonymous_12)
FNDA:0,(anonymous_13)
FNDA:0,(anonymous_14)
FNDA:0,(anonymous_15)
FNDA:0,(anonymous_16)
FNDA:0,(anonymous_17)
FNDA:0,(anonymous_18)
FNDA:0,(anonymous_19)
FNDA:0,(anonymous_20)
FNDA:0,(anonymous_21)
FNDA:0,(anonymous_22)
DA:1,0
DA:2,0
DA:3,0
DA:4,0
DA:5,0
DA:7,0
DA:9,0
DA:11,0
DA:12,0
DA:15,0
DA:16,0
DA:17,0
DA:19,0
DA:20,0
DA:21,0
DA:23,0
DA:24,0
DA:27,0
DA:28,0
DA:29,0
DA:31,0
DA:33,0
DA:38,0
DA:39,0
DA:45,0
DA:62,0
DA:67,0
DA:68,0
DA:69,0
DA:70,0
DA:71,0
DA:72,0
DA:75,0
DA:76,0
DA:81,0
DA:84,0
DA:87,0
DA:93,0
DA:101,0
DA:102,0
DA:107,0
DA:108,0
DA:112,0
DA:114,0
DA:130,0
DA:132,0
DA:133,0
DA:134,0
DA:137,0
DA:143,0
DA:151,0
DA:152,0
DA:157,0
DA:158,0
DA:159,0
DA:161,0
DA:162,0
DA:163,0
DA:164,0
DA:165,0
DA:166,0
DA:169,0
DA:189,0
DA:200,0
DA:213,0
DA:214,0
DA:218,0
DA:220,0
DA:221,0
DA:226,0
DA:227,0
DA:228,0
DA:231,0
DA:232,0
DA:237,0
DA:242,0
DA:247,0
DA:254,0
DA:255,0
DA:257,0
DA:258,0
DA:264,0
DA:269,0
DA:270,0
DA:276,0
DA:285,0
DA:286,0
DA:288,0
DA:289,0
DA:291,0
DA:294,0
DA:295,0
DA:298,0
DA:300,0
DA:301,0
DA:305,0
LF:96
LH:0
BRDA:20,0,0,0
BRDA:20,0,1,0
BRDA:23,1,0,0
BRDA:23,1,1,0
BRDA:28,2,0,0
BRDA:28,2,1,0
BRDA:31,3,0,0
BRDA:31,3,1,0
BRDA:31,4,0,0
BRDA:31,4,1,0
BRDA:38,5,0,0
BRDA:38,5,1,0
BRDA:38,6,0,0
BRDA:38,6,1,0
BRDA:38,7,0,0
BRDA:38,7,1,0
BRDA:47,8,0,0
BRDA:47,8,1,0
BRDA:69,9,0,0
BRDA:69,9,1,0
BRDA:84,10,0,0
BRDA:84,10,1,0
BRDA:110,11,0,0
BRDA:111,12,0,0
BRDA:134,13,0,0
BRDA:134,13,1,0
BRDA:162,14,0,0
BRDA:162,14,1,0
BRDA:162,15,0,0
BRDA:162,15,1,0
BRDA:164,16,0,0
BRDA:164,16,1,0
BRDA:165,17,0,0
BRDA:165,17,1,0
BRDA:192,18,0,0
BRDA:192,18,1,0
BRDA:192,19,0,0
BRDA:192,19,1,0
BRDA:192,20,0,0
BRDA:192,20,1,0
BRDA:193,21,0,0
BRDA:193,21,1,0
BRDA:193,22,0,0
BRDA:193,22,1,0
BRDA:193,23,0,0
BRDA:193,23,1,0
BRDA:194,24,0,0
BRDA:194,24,1,0
BRDA:194,25,0,0
BRDA:194,25,1,0
BRDA:194,26,0,0
BRDA:194,26,1,0
BRDA:197,27,0,0
BRDA:197,27,1,0
BRDA:231,28,0,0
BRDA:231,28,1,0
BRDA:231,29,0,0
BRDA:231,29,1,0
BRDA:237,30,0,0
BRDA:237,30,1,0
BRDA:238,31,0,0
BRDA:238,31,1,0
BRDA:238,31,2,0
BRDA:257,32,0,0
BRDA:257,32,1,0
BRDA:269,33,0,0
BRDA:269,33,1,0
BRDA:269,34,0,0
BRDA:269,34,1,0
BRDA:269,35,0,0
BRDA:269,35,1,0
BRDA:279,36,0,0
BRDA:279,36,1,0
BRDA:280,37,0,0
BRDA:280,37,1,0
BRDA:288,38,0,0
BRDA:288,38,1,0
BRF:77
BRH:0
end_of_record
TN:
SF:src/routes/security.ts
FN:19,(anonymous_14)
FN:19,(anonymous_15)
FN:34,(anonymous_16)
FN:34,(anonymous_17)
FN:52,(anonymous_18)
FN:52,(anonymous_19)
FN:79,(anonymous_20)
FN:79,(anonymous_21)
FN:100,(anonymous_22)
FN:100,(anonymous_23)
FN:126,(anonymous_24)
FN:126,(anonymous_25)
FNF:12
FNH:0
FNDA:0,(anonymous_14)
FNDA:0,(anonymous_15)
FNDA:0,(anonymous_16)
FNDA:0,(anonymous_17)
FNDA:0,(anonymous_18)
FNDA:0,(anonymous_19)
FNDA:0,(anonymous_20)
FNDA:0,(anonymous_21)
FNDA:0,(anonymous_22)
FNDA:0,(anonymous_23)
FNDA:0,(anonymous_24)
FNDA:0,(anonymous_25)
DA:1,0
DA:2,0
DA:3,0
DA:4,0
DA:5,0
DA:6,0
DA:7,0
DA:12,0
DA:15,0
DA:19,0
DA:20,0
DA:21,0
DA:22,0
DA:24,0
DA:30,0
DA:34,0
DA:35,0
DA:36,0
DA:40,0
DA:42,0
DA:48,0
DA:52,0
DA:53,0
DA:54,0
DA:56,0
DA:63,0
DA:65,0
DA:66,0
DA:68,0
DA:75,0
DA:79,0
DA:80,0
DA:81,0
DA:88,0
DA:90,0
DA:96,0
DA:100,0
DA:101,0
DA:102,0
DA:104,0
DA:110,0
DA:112,0
DA:113,0
DA:115,0
DA:122,0
DA:126,0
DA:127,0
DA:128,0
DA:131,0
DA:133,0
DA:138,0
LF:51
LH:0
BRDA:65,0,0,0
BRDA:65,0,1,0
BRDA:65,1,0,0
BRDA:65,1,1,0
BRDA:112,2,0,0
BRDA:112,2,1,0
BRDA:112,3,0,0
BRDA:112,3,1,0
BRF:8
BRH:0
end_of_record
TN:
SF:src/routes/settings.ts
FN:16,(anonymous_14)
FN:16,(anonymous_15)
FN:25,(anonymous_16)
FN:25,(anonymous_17)
FN:46,(anonymous_18)
FN:46,(anonymous_19)
FN:61,(anonymous_20)
FN:61,(anonymous_21)
FN:77,(anonymous_22)
FN:77,(anonymous_23)
FN:95,(anonymous_24)
FN:95,(anonymous_25)
FN:113,(anonymous_26)
FN:113,(anonymous_27)
FN:127,(anonymous_28)
FN:127,(anonymous_29)
FN:146,(anonymous_30)
FN:146,(anonymous_31)
FNF:18
FNH:0
FNDA:0,(anonymous_14)
FNDA:0,(anonymous_15)
FNDA:0,(anonymous_16)
FNDA:0,(anonymous_17)
FNDA:0,(anonymous_18)
FNDA:0,(anonymous_19)
FNDA:0,(anonymous_20)
FNDA:0,(anonymous_21)
FNDA:0,(anonymous_22)
FNDA:0,(anonymous_23)
FNDA:0,(anonymous_24)
FNDA:0,(anonymous_25)
FNDA:0,(anonymous_26)
FNDA:0,(anonymous_27)
FNDA:0,(anonymous_28)
FNDA:0,(anonymous_29)
FNDA:0,(anonymous_30)
FNDA:0,(anonymous_31)
DA:1,0
DA:2,0
DA:3,0
DA:4,0
DA:13,0
DA:16,0
DA:17,0
DA:18,0
DA:19,0
DA:21,0
DA:25,0
DA:26,0
DA:27,0
DA:28,0
DA:29,0
DA:32,0
DA:36,0
DA:38,0
DA:42,0
DA:46,0
DA:47,0
DA:48,0
DA:49,0
DA:51,0
DA:57,0
DA:61,0
DA:62,0
DA:63,0
DA:66,0
DA:68,0
DA:73,0
DA:77,0
DA:78,0
DA:79,0
DA:83,0
DA:85,0
DA:91,0
DA:95,0
DA:96,0
DA:97,0
DA:102,0
DA:104,0
DA:109,0
DA:113,0
DA:114,0
DA:115,0
DA:116,0
DA:118,0
DA:123,0
DA:127,0
DA:128,0
DA:129,0
DA:133,0
DA:135,0
DA:142,0
DA:146,0
DA:147,0
DA:148,0
DA:152,0
DA:154,0
DA:159,0
LF:61
LH:0
BRDA:28,0,0,0
BRDA:28,0,1,0
BRDA:28,1,0,0
BRDA:28,1,1,0
BRDA:28,2,0,0
BRDA:28,2,1,0
BRDA:99,3,0,0
BRDA:99,3,1,0
BRDA:99,4,0,0
BRDA:99,4,1,0
BRDA:100,5,0,0
BRDA:100,5,1,0
BRDA:131,6,0,0
BRDA:131,6,1,0
BRDA:131,7,0,0
BRDA:131,7,1,0
BRDA:150,8,0,0
BRDA:150,8,1,0
BRDA:150,9,0,0
BRDA:150,9,1,0
BRF:20
BRH:0
end_of_record
TN:
SF:src/routes/webhooks.ts
FN:10,(anonymous_8)
FN:10,(anonymous_9)
FN:21,(anonymous_10)
FN:21,(anonymous_11)
FN:39,(anonymous_12)
FN:39,(anonymous_13)
FN:70,(anonymous_14)
FN:96,(anonymous_15)
FN:96,(anonymous_16)
FN:115,(anonymous_17)
FN:115,(anonymous_18)
FN:130,(anonymous_19)
FN:130,(anonymous_20)
FN:158,(anonymous_21)
FN:158,(anonymous_22)
FNF:15
FNH:0
FNDA:0,(anonymous_8)
FNDA:0,(anonymous_9)
FNDA:0,(anonymous_10)
FNDA:0,(anonymous_11)
FNDA:0,(anonymous_12)
FNDA:0,(anonymous_13)
FNDA:0,(anonymous_14)
FNDA:0,(anonymous_15)
FNDA:0,(anonymous_16)
FNDA:0,(anonymous_17)
FNDA:0,(anonymous_18)
FNDA:0,(anonymous_19)
FNDA:0,(anonymous_20)
FNDA:0,(anonymous_21)
FNDA:0,(anonymous_22)
DA:1,0
DA:2,0
DA:3,0
DA:4,0
DA:5,0
DA:7,0
DA:10,0
DA:11,0
DA:12,0
DA:13,0
DA:15,0
DA:16,0
DA:21,0
DA:22,0
DA:23,0
DA:27,0
DA:29,0
DA:30,0
DA:32,0
DA:33,0
DA:39,0
DA:40,0
DA:41,0
DA:43,0
DA:44,0
DA:50,0
DA:51,0
DA:53,0
DA:57,0
DA:69,0
DA:70,0
DA:72,0
DA:73,0
DA:79,0
DA:88,0
DA:90,0
DA:91,0
DA:96,0
DA:97,0
DA:98,0
DA:103,0
DA:105,0
DA:106,0
DA:108,0
DA:109,0
DA:115,0
DA:116,0
DA:117,0
DA:118,0
DA:120,0
DA:121,0
DA:123,0
DA:124,0
DA:130,0
DA:131,0
DA:132,0
DA:134,0
DA:146,0
DA:148,0
DA:149,0
DA:151,0
DA:152,0
DA:158,0
DA:159,0
DA:160,0
DA:164,0
DA:166,0
DA:167,0
DA:169,0
DA:170,0
DA:175,0
LF:71
LH:0
BRDA:29,0,0,0
BRDA:29,0,1,0
BRDA:43,1,0,0
BRDA:43,1,1,0
BRDA:43,2,0,0
BRDA:43,2,1,0
BRDA:43,2,2,0
BRDA:43,2,3,0
BRDA:72,3,0,0
BRDA:72,3,1,0
BRDA:105,4,0,0
BRDA:105,4,1,0
BRDA:120,5,0,0
BRDA:120,5,1,0
BRDA:140,6,0,0
BRDA:140,6,1,0
BRDA:141,7,0,0
BRDA:141,7,1,0
BRDA:142,8,0,0
BRDA:142,8,1,0
BRDA:148,9,0,0
BRDA:148,9,1,0
BRDA:166,10,0,0
BRDA:166,10,1,0
BRF:24
BRH:0
end_of_record
TN:
SF:src/routes/widgetLoader.ts
FN:15,(anonymous_7)
FN:15,(anonymous_8)
FN:48,generateLoaderScript
FNF:3
FNH:0
FNDA:0,(anonymous_7)
FNDA:0,(anonymous_8)
FNDA:0,generateLoaderScript
DA:1,0
DA:3,0
DA:12,0
DA:15,0
DA:16,0
DA:17,0
DA:18,0
DA:19,0
DA:22,0
DA:23,0
DA:26,0
DA:28,0
DA:36,0
DA:38,0
DA:39,0
DA:49,0
DA:50,0
DA:52,0
DA:98,0
LF:19
LH:0
BRDA:18,0,0,0
BRDA:18,0,1,0
BRDA:23,1,0,0
BRDA:23,1,1,0
BRDA:23,2,0,0
BRDA:23,2,1,0
BRDA:49,3,0,0
BRDA:49,3,1,0
BRDA:50,4,0,0
BRDA:50,4,1,0
BRF:10
BRH:0
end_of_record
TN:
SF:src/routes/widgets.ts
FN:17,(anonymous_14)
FN:17,(anonymous_15)
FN:45,(anonymous_16)
FN:45,(anonymous_17)
FN:71,(anonymous_18)
FN:71,(anonymous_19)
FN:97,(anonymous_20)
FN:97,(anonymous_21)
FN:124,(anonymous_22)
FN:124,(anonymous_23)
FN:147,(anonymous_24)
FN:147,(anonymous_25)
FNF:12
FNH:0
FNDA:0,(anonymous_14)
FNDA:0,(anonymous_15)
FNDA:0,(anonymous_16)
FNDA:0,(anonymous_17)
FNDA:0,(anonymous_18)
FNDA:0,(anonymous_19)
FNDA:0,(anonymous_20)
FNDA:0,(anonymous_21)
FNDA:0,(anonymous_22)
FNDA:0,(anonymous_23)
FNDA:0,(anonymous_24)
FNDA:0,(anonymous_25)
DA:1,1
DA:2,1
DA:3,1
DA:4,1
DA:5,1
DA:6,1
DA:8,1
DA:11,1
DA:17,0
DA:18,0
DA:19,0
DA:21,0
DA:31,0
DA:33,0
DA:39,1
DA:45,0
DA:46,0
DA:47,0
DA:51,0
DA:54,0
DA:56,0
DA:59,0
DA:65,1
DA:71,0
DA:72,0
DA:73,0
DA:77,0
DA:80,0
DA:82,0
DA:85,0
DA:91,1
DA:97,0
DA:98,0
DA:99,0
DA:104,0
DA:107,0
DA:109,0
DA:112,0
DA:118,1
DA:124,0
DA:125,0
DA:126,0
DA:127,0
DA:130,0
DA:132,0
DA:135,0
DA:141,1
DA:147,0
DA:148,0
DA:149,0
DA:153,0
DA:156,0
DA:160,0
DA:163,0
DA:168,1
LF:55
LH:14
BRDA:24,0,0,0
BRDA:24,0,1,0
BRDA:25,1,0,0
BRDA:25,1,1,0
BRDA:54,2,0,0
BRDA:54,2,1,0
BRDA:56,3,0,0
BRDA:56,3,1,0
BRDA:56,4,0,0
BRDA:56,4,1,0
BRDA:80,5,0,0
BRDA:80,5,1,0
BRDA:82,6,0,0
BRDA:82,6,1,0
BRDA:82,7,0,0
BRDA:82,7,1,0
BRDA:107,8,0,0
BRDA:107,8,1,0
BRDA:109,9,0,0
BRDA:109,9,1,0
BRDA:109,10,0,0
BRDA:109,10,1,0
BRDA:130,11,0,0
BRDA:130,11,1,0
BRDA:132,12,0,0
BRDA:132,12,1,0
BRDA:132,13,0,0
BRDA:132,13,1,0
BRDA:156,14,0,0
BRDA:156,14,1,0
BRDA:160,15,0,0
BRDA:160,15,1,0
BRDA:160,16,0,0
BRDA:160,16,1,0
BRF:34
BRH:0
end_of_record
TN:
SF:src/schemas/dataRetentionSchema.ts
FNF:0
FNH:0
DA:1,0
DA:3,0
DA:14,0
DA:23,0
LF:4
LH:0
BRF:0
BRH:0
end_of_record
TN:
SF:src/schemas/securitySchema.ts
FNF:0
FNH:0
DA:1,0
DA:3,0
DA:32,0
DA:37,0
LF:4
LH:0
BRF:0
BRH:0
end_of_record
TN:
SF:src/services/dataRetentionService.ts
FN:15,(anonymous_7)
FN:17,(anonymous_8)
FN:42,(anonymous_9)
FN:45,(anonymous_10)
FN:59,(anonymous_11)
FN:63,(anonymous_12)
FN:72,(anonymous_13)
FN:83,(anonymous_14)
FN:91,(anonymous_15)
FN:94,(anonymous_16)
FN:169,(anonymous_17)
FN:169,(anonymous_18)
FN:229,(anonymous_19)
FN:232,(anonymous_20)
FN:301,(anonymous_21)
FN:301,(anonymous_22)
FN:361,(anonymous_23)
FN:364,(anonymous_24)
FN:402,(anonymous_25)
FN:442,(anonymous_26)
FN:445,(anonymous_27)
FNF:21
FNH:0
FNDA:0,(anonymous_7)
FNDA:0,(anonymous_8)
FNDA:0,(anonymous_9)
FNDA:0,(anonymous_10)
FNDA:0,(anonymous_11)
FNDA:0,(anonymous_12)
FNDA:0,(anonymous_13)
FNDA:0,(anonymous_14)
FNDA:0,(anonymous_15)
FNDA:0,(anonymous_16)
FNDA:0,(anonymous_17)
FNDA:0,(anonymous_18)
FNDA:0,(anonymous_19)
FNDA:0,(anonymous_20)
FNDA:0,(anonymous_21)
FNDA:0,(anonymous_22)
FNDA:0,(anonymous_23)
FNDA:0,(anonymous_24)
FNDA:0,(anonymous_25)
FNDA:0,(anonymous_26)
FNDA:0,(anonymous_27)
DA:1,0
DA:2,0
DA:15,0
DA:17,0
DA:18,0
DA:22,0
DA:24,0
DA:39,0
DA:42,0
DA:45,0
DA:46,0
DA:59,0
DA:63,0
DA:64,0
DA:72,0
DA:83,0
DA:84,0
DA:91,0
DA:94,0
DA:95,0
DA:96,0
DA:98,0
DA:104,0
DA:105,0
DA:111,0
DA:125,0
DA:138,0
DA:145,0
DA:151,0
DA:153,0
DA:159,0
DA:164,0
DA:169,0
DA:170,0
DA:171,0
DA:173,0
DA:178,0
DA:179,0
DA:184,0
DA:192,0
DA:200,0
DA:207,0
DA:212,0
DA:214,0
DA:220,0
DA:224,0
DA:229,0
DA:232,0
DA:233,0
DA:234,0
DA:236,0
DA:242,0
DA:243,0
DA:248,0
DA:259,0
DA:270,0
DA:277,0
DA:283,0
DA:285,0
DA:291,0
DA:296,0
DA:301,0
DA:302,0
DA:303,0
DA:305,0
DA:310,0
DA:311,0
DA:316,0
DA:324,0
DA:332,0
DA:339,0
DA:344,0
DA:346,0
DA:352,0
DA:356,0
DA:361,0
DA:364,0
DA:365,0
DA:366,0
DA:368,0
DA:374,0
DA:375,0
DA:381,0
DA:399,0
DA:402,0
DA:411,0
DA:418,0
DA:424,0
DA:426,0
DA:432,0
DA:437,0
DA:442,0
DA:445,0
DA:446,0
LF:94
LH:0
BRDA:22,0,0,0
BRDA:22,0,1,0
BRDA:155,1,0,0
BRDA:155,1,1,0
BRDA:161,2,0,0
BRDA:161,2,1,0
BRDA:216,3,0,0
BRDA:216,3,1,0
BRDA:221,4,0,0
BRDA:221,4,1,0
BRDA:287,5,0,0
BRDA:287,5,1,0
BRDA:293,6,0,0
BRDA:293,6,1,0
BRDA:348,7,0,0
BRDA:348,7,1,0
BRDA:353,8,0,0
BRDA:353,8,1,0
BRDA:428,9,0,0
BRDA:428,9,1,0
BRDA:434,10,0,0
BRDA:434,10,1,0
BRDA:444,11,0,0
BRDA:447,12,0,0
BRDA:447,12,1,0
BRDA:450,13,0,0
BRDA:450,13,1,0
BRF:27
BRH:0
end_of_record
TN:
SF:src/services/faqSuggestionService.ts
FN:30,generateFAQFromMessage
FN:93,clusterSimilarMessages
FN:126,calculateSimpleSimilarity
FN:130,(anonymous_12)
FN:137,calculatePriority
FN:150,generateFAQSuggestions
FN:194,(anonymous_16)
FN:199,(anonymous_17)
FN:201,(anonymous_18)
FN:205,(anonymous_19)
FN:213,(anonymous_20)
FN:214,(anonymous_21)
FN:250,(anonymous_22)
FN:258,(anonymous_23)
FN:275,approveFAQSuggestion
FN:353,(anonymous_26)
FN:370,rejectFAQSuggestion
FN:392,runWeeklyFAQSuggestionBatch
FN:419,getFAQSuggestionStats
FNF:19
FNH:0
FNDA:0,generateFAQFromMessage
FNDA:0,clusterSimilarMessages
FNDA:0,calculateSimpleSimilarity
FNDA:0,(anonymous_12)
FNDA:0,calculatePriority
FNDA:0,generateFAQSuggestions
FNDA:0,(anonymous_16)
FNDA:0,(anonymous_17)
FNDA:0,(anonymous_18)
FNDA:0,(anonymous_19)
FNDA:0,(anonymous_20)
FNDA:0,(anonymous_21)
FNDA:0,(anonymous_22)
FNDA:0,(anonymous_23)
FNDA:0,approveFAQSuggestion
FNDA:0,(anonymous_26)
FNDA:0,rejectFAQSuggestion
FNDA:0,runWeeklyFAQSuggestionBatch
FNDA:0,getFAQSuggestionStats
DA:1,0
DA:2,0
DA:3,0
DA:5,0
DA:6,0
DA:35,0
DA:36,0
DA:57,0
DA:64,0
DA:65,0
DA:66,0
DA:69,0
DA:70,0
DA:71,0
DA:80,0
DA:87,0
DA:88,0
DA:96,0
DA:97,0
DA:99,0
DA:100,0
DA:102,0
DA:103,0
DA:106,0
DA:107,0
DA:109,0
DA:113,0
DA:114,0
DA:115,0
DA:119,0
DA:122,0
DA:127,0
DA:128,0
DA:130,0
DA:131,0
DA:133,0
DA:142,0
DA:144,0
DA:145,0
DA:146,0
DA:150,0
DA:154,0
DA:155,0
DA:160,0
DA:164,0
DA:165,0
DA:169,0
DA:179,0
DA:181,0
DA:182,0
DA:186,0
DA:189,0
DA:191,0
DA:192,0
DA:194,0
DA:195,0
DA:199,0
DA:201,0
DA:205,0
DA:206,0
DA:212,0
DA:213,0
DA:214,0
DA:219,0
DA:226,0
DA:232,0
DA:238,0
DA:250,0
DA:252,0
DA:253,0
DA:258,0
DA:259,0
DA:260,0
DA:266,0
DA:267,0
DA:269,0
DA:270,0
DA:275,0
DA:280,0
DA:282,0
DA:289,0
DA:290,0
DA:294,0
DA:295,0
DA:297,0
DA:298,0
DA:302,0
DA:307,0
DA:308,0
DA:312,0
DA:325,0
DA:335,0
DA:338,0
DA:350,0
DA:351,0
DA:353,0
DA:361,0
DA:362,0
DA:364,0
DA:365,0
DA:370,0
DA:375,0
DA:376,0
DA:384,0
DA:386,0
DA:387,0
DA:392,0
DA:393,0
DA:394,0
DA:397,0
DA:401,0
DA:402,0
DA:403,0
DA:404,0
DA:408,0
DA:412,0
DA:414,0
DA:419,0
DA:420,0
DA:421,0
DA:437,0
DA:445,0
DA:446,0
LF:123
LH:0
BRDA:46,0,0,0
BRDA:46,0,1,0
BRDA:64,1,0,0
BRDA:64,1,1,0
BRDA:64,2,0,0
BRDA:64,2,1,0
BRDA:64,3,0,0
BRDA:64,3,1,0
BRDA:64,4,0,0
BRDA:64,4,1,0
BRDA:65,5,0,0
BRDA:65,5,1,0
BRDA:72,6,0,0
BRDA:72,6,1,0
BRDA:74,7,0,0
BRDA:74,7,1,0
BRDA:76,8,0,0
BRDA:76,8,1,0
BRDA:100,9,0,0
BRDA:100,9,1,0
BRDA:107,10,0,0
BRDA:107,10,1,0
BRDA:113,11,0,0
BRDA:113,11,1,0
BRDA:144,12,0,0
BRDA:144,12,1,0
BRDA:145,13,0,0
BRDA:145,13,1,0
BRDA:152,14,0,0
BRDA:164,15,0,0
BRDA:164,15,1,0
BRDA:181,16,0,0
BRDA:181,16,1,0
BRDA:195,17,0,0
BRDA:195,17,1,0
BRDA:201,18,0,0
BRDA:201,18,1,0
BRDA:206,19,0,0
BRDA:206,19,1,0
BRDA:261,20,0,0
BRDA:261,20,1,0
BRDA:289,21,0,0
BRDA:289,21,1,0
BRDA:294,22,0,0
BRDA:294,22,1,0
BRDA:294,23,0,0
BRDA:294,23,1,0
BRDA:295,24,0,0
BRDA:295,24,1,0
BRDA:295,25,0,0
BRDA:295,25,1,0
BRDA:297,26,0,0
BRDA:297,26,1,0
BRDA:297,27,0,0
BRDA:297,27,1,0
BRDA:304,28,0,0
BRDA:304,28,1,0
BRDA:304,29,0,0
BRDA:304,29,1,0
BRDA:304,30,0,0
BRDA:304,30,1,0
BRDA:307,31,0,0
BRDA:307,31,1,0
BRDA:308,32,0,0
BRDA:308,32,1,0
BRDA:318,33,0,0
BRDA:318,33,1,0
BRDA:318,34,0,0
BRDA:318,34,1,0
BRDA:318,35,0,0
BRDA:318,35,1,0
BRDA:350,36,0,0
BRDA:350,36,1,0
BRDA:442,37,0,0
BRDA:442,37,1,0
BRF:75
BRH:0
end_of_record
TN:
SF:src/services/knowledgeBaseService.ts
FN:27,processKnowledgeBaseFile
FN:144,searchKnowledgeBase
FN:179,(anonymous_18)
FN:193,streamToBuffer
FNF:4
FNH:0
FNDA:0,processKnowledgeBaseFile
FNDA:0,searchKnowledgeBase
FNDA:0,(anonymous_18)
FNDA:0,streamToBuffer
DA:1,0
DA:2,0
DA:3,0
DA:4,0
DA:5,0
DA:6,0
DA:7,0
DA:9,0
DA:18,0
DA:23,0
DA:27,0
DA:32,0
DA:34,0
DA:40,0
DA:47,0
DA:53,0
DA:54,0
DA:55,0
DA:58,0
DA:59,0
DA:63,0
DA:68,0
DA:71,0
DA:72,0
DA:75,0
DA:76,0
DA:86,0
DA:87,0
DA:90,0
DA:95,0
DA:98,0
DA:114,0
DA:118,0
DA:128,0
DA:133,0
DA:140,0
DA:144,0
DA:149,0
DA:151,0
DA:156,0
DA:159,0
DA:166,0
DA:167,0
DA:170,0
DA:173,0
DA:179,0
DA:185,0
DA:187,0
DA:188,0
DA:194,0
DA:195,0
DA:196,0
DA:198,0
LF:53
LH:0
BRDA:53,0,0,0
BRDA:53,0,1,0
BRDA:137,1,0,0
BRDA:137,1,1,0
BRDA:147,2,0,0
BRDA:166,3,0,0
BRDA:166,3,1,0
BRDA:181,4,0,0
BRDA:181,4,1,0
BRDA:181,5,0,0
BRDA:181,5,1,0
BRDA:181,6,0,0
BRDA:181,6,1,0
BRDA:182,7,0,0
BRDA:182,7,1,0
BRDA:182,8,0,0
BRDA:182,8,1,0
BRF:17
BRH:0
end_of_record
TN:
SF:src/services/linkRuleService.ts
FN:29,matchLinkRules
FN:96,generateLinkMetadata
FN:145,recordLinkClick
FN:191,getLinkRuleStats
FN:227,(anonymous_15)
FN:229,(anonymous_16)
FN:237,(anonymous_17)
FN:259,insertLinkCards
FN:270,(anonymous_19)
FN:296,escapeHtml
FN:304,(anonymous_21)
FN:308,testLinkRule
FN:321,(anonymous_24)
FN:345,getPopularLinkRules
FN:375,(anonymous_27)
FN:389,getUnusedLinkRules
FN:425,(anonymous_30)
FN:439,analyzeLinkRuleEffectiveness
FN:454,(anonymous_33)
FN:455,(anonymous_34)
FN:460,(anonymous_35)
FN:461,(anonymous_36)
FN:463,(anonymous_37)
FN:471,(anonymous_38)
FN:473,(anonymous_39)
FN:483,(anonymous_40)
FN:486,(anonymous_41)
FNF:27
FNH:0
FNDA:0,matchLinkRules
FNDA:0,generateLinkMetadata
FNDA:0,recordLinkClick
FNDA:0,getLinkRuleStats
FNDA:0,(anonymous_15)
FNDA:0,(anonymous_16)
FNDA:0,(anonymous_17)
FNDA:0,insertLinkCards
FNDA:0,(anonymous_19)
FNDA:0,escapeHtml
FNDA:0,(anonymous_21)
FNDA:0,testLinkRule
FNDA:0,(anonymous_24)
FNDA:0,getPopularLinkRules
FNDA:0,(anonymous_27)
FNDA:0,getUnusedLinkRules
FNDA:0,(anonymous_30)
FNDA:0,analyzeLinkRuleEffectiveness
FNDA:0,(anonymous_33)
FNDA:0,(anonymous_34)
FNDA:0,(anonymous_35)
FNDA:0,(anonymous_36)
FNDA:0,(anonymous_37)
FNDA:0,(anonymous_38)
FNDA:0,(anonymous_39)
FNDA:0,(anonymous_40)
FNDA:0,(anonymous_41)
DA:1,0
DA:3,0
DA:29,0
DA:33,0
DA:34,0
DA:40,0
DA:50,0
DA:55,0
DA:56,0
DA:57,0
DA:59,0
DA:60,0
DA:63,0
DA:65,0
DA:75,0
DA:76,0
DA:79,0
DA:81,0
DA:85,0
DA:88,0
DA:90,0
DA:91,0
DA:99,0
DA:104,0
DA:124,0
DA:125,0
DA:129,0
DA:130,0
DA:131,0
DA:136,0
DA:139,0
DA:140,0
DA:145,0
DA:153,0
DA:154,0
DA:157,0
DA:166,0
DA:183,0
DA:185,0
DA:191,0
DA:205,0
DA:206,0
DA:207,0
DA:210,0
DA:216,0
DA:227,0
DA:228,0
DA:230,0
DA:231,0
DA:232,0
DA:234,0
DA:237,0
DA:239,0
DA:251,0
DA:253,0
DA:254,0
DA:259,0
DA:263,0
DA:264,0
DA:268,0
DA:270,0
DA:292,0
DA:297,0
DA:304,0
DA:308,0
DA:312,0
DA:313,0
DA:317,0
DA:318,0
DA:321,0
DA:322,0
DA:323,0
DA:324,0
DA:329,0
DA:337,0
DA:339,0
DA:340,0
DA:345,0
DA:357,0
DA:358,0
DA:375,0
DA:383,0
DA:384,0
DA:389,0
DA:401,0
DA:402,0
DA:403,0
DA:405,0
DA:425,0
DA:433,0
DA:434,0
DA:439,0
DA:449,0
DA:450,0
DA:454,0
DA:455,0
DA:457,0
DA:459,0
DA:460,0
DA:461,0
DA:463,0
DA:468,0
DA:469,0
DA:471,0
DA:473,0
DA:484,0
DA:486,0
DA:489,0
DA:498,0
DA:499,0
LF:110
LH:0
BRDA:59,0,0,0
BRDA:59,0,1,0
BRDA:67,1,0,0
BRDA:67,1,1,0
BRDA:69,2,0,0
BRDA:69,2,1,0
BRDA:124,3,0,0
BRDA:124,3,1,0
BRDA:125,4,0,0
BRDA:125,4,1,0
BRDA:193,5,0,0
BRDA:232,6,0,0
BRDA:232,6,1,0
BRDA:232,7,0,0
BRDA:232,7,1,0
BRDA:244,8,0,0
BRDA:244,8,1,0
BRDA:263,9,0,0
BRDA:263,9,1,0
BRDA:275,10,0,0
BRDA:275,10,1,0
BRDA:276,11,0,0
BRDA:276,11,1,0
BRDA:279,12,0,0
BRDA:279,12,1,0
BRDA:282,13,0,0
BRDA:282,13,1,0
BRDA:317,14,0,0
BRDA:317,14,1,0
BRDA:332,15,0,0
BRDA:332,15,1,0
BRDA:347,16,0,0
BRDA:380,17,0,0
BRDA:380,17,1,0
BRDA:391,18,0,0
BRDA:430,19,0,0
BRDA:430,19,1,0
BRDA:457,20,0,0
BRDA:457,20,1,0
BRDA:471,21,0,0
BRDA:471,21,1,0
BRDA:471,21,2,0
BRDA:475,22,0,0
BRDA:475,22,1,0
BRDA:484,23,0,0
BRDA:484,23,1,0
BRF:46
BRH:0
end_of_record
TN:
SF:src/services/organizationService.ts
FN:3,(anonymous_7)
FN:3,(anonymous_8)
FN:39,(anonymous_9)
FN:39,(anonymous_10)
FN:91,(anonymous_11)
FN:98,(anonymous_12)
FN:128,(anonymous_13)
FN:128,(anonymous_14)
FNF:8
FNH:0
FNDA:0,(anonymous_7)
FNDA:0,(anonymous_8)
FNDA:0,(anonymous_9)
FNDA:0,(anonymous_10)
FNDA:0,(anonymous_11)
FNDA:0,(anonymous_12)
FNDA:0,(anonymous_13)
FNDA:0,(anonymous_14)
DA:1,1
DA:3,1
DA:4,0
DA:39,1
DA:40,0
DA:84,0
DA:85,0
DA:88,0
DA:91,1
DA:98,0
DA:100,0
DA:114,0
DA:115,0
DA:118,0
DA:128,1
DA:130,0
DA:172,0
LF:17
LH:5
BRDA:84,0,0,0
BRDA:84,0,1,0
BRDA:114,1,0,0
BRDA:114,1,1,0
BRF:4
BRH:0
end_of_record
TN:
SF:src/services/rbacService.ts
FN:90,(anonymous_7)
FN:90,(anonymous_8)
FN:110,(anonymous_9)
FN:113,(anonymous_10)
FN:137,(anonymous_11)
FN:151,(anonymous_12)
FN:155,(anonymous_13)
FN:160,(anonymous_14)
FN:164,(anonymous_15)
FN:166,(anonymous_16)
FN:169,(anonymous_17)
FN:174,(anonymous_18)
FN:197,(anonymous_19)
FN:202,(anonymous_20)
FN:225,(anonymous_21)
FN:225,(anonymous_22)
FNF:16
FNH:0
FNDA:0,(anonymous_7)
FNDA:0,(anonymous_8)
FNDA:0,(anonymous_9)
FNDA:0,(anonymous_10)
FNDA:0,(anonymous_11)
FNDA:0,(anonymous_12)
FNDA:0,(anonymous_13)
FNDA:0,(anonymous_14)
FNDA:0,(anonymous_15)
FNDA:0,(anonymous_16)
FNDA:0,(anonymous_17)
FNDA:0,(anonymous_18)
FNDA:0,(anonymous_19)
FNDA:0,(anonymous_20)
FNDA:0,(anonymous_21)
FNDA:0,(anonymous_22)
DA:1,1
DA:5,1
DA:90,1
DA:91,0
DA:92,0
DA:93,0
DA:110,1
DA:113,0
DA:114,0
DA:123,0
DA:124,0
DA:128,0
DA:137,0
DA:140,0
DA:141,0
DA:142,0
DA:144,0
DA:148,0
DA:151,1
DA:155,0
DA:156,0
DA:157,0
DA:160,1
DA:164,0
DA:165,0
DA:166,0
DA:169,1
DA:174,0
DA:175,0
DA:197,1
DA:202,0
DA:203,0
DA:225,1
DA:226,0
LF:34
LH:9
BRDA:123,0,0,0
BRDA:123,0,1,0
BRDA:141,1,0,0
BRDA:141,1,1,0
BRF:4
BRH:0
end_of_record
TN:
SF:src/services/securityService.ts
FN:26,(anonymous_7)
FN:26,(anonymous_8)
FN:61,(anonymous_9)
FN:61,(anonymous_10)
FN:74,(anonymous_11)
FN:74,(anonymous_12)
FN:111,(anonymous_13)
FN:115,(anonymous_14)
FN:196,(anonymous_15)
FN:201,(anonymous_16)
FN:209,(anonymous_17)
FN:209,(anonymous_18)
FNF:12
FNH:0
FNDA:0,(anonymous_7)
FNDA:0,(anonymous_8)
FNDA:0,(anonymous_9)
FNDA:0,(anonymous_10)
FNDA:0,(anonymous_11)
FNDA:0,(anonymous_12)
FNDA:0,(anonymous_13)
FNDA:0,(anonymous_14)
FNDA:0,(anonymous_15)
FNDA:0,(anonymous_16)
FNDA:0,(anonymous_17)
FNDA:0,(anonymous_18)
DA:1,1
DA:2,1
DA:26,1
DA:27,0
DA:28,0
DA:44,0
DA:45,0
DA:52,0
DA:54,0
DA:61,1
DA:62,0
DA:63,0
DA:67,0
DA:74,1
DA:75,0
DA:77,0
DA:78,0
DA:81,0
DA:92,0
DA:93,0
DA:111,1
DA:115,0
DA:123,0
DA:186,0
DA:196,0
DA:201,0
DA:209,1
DA:210,0
DA:211,0
DA:214,0
DA:231,0
DA:243,0
LF:32
LH:7
BRDA:39,0,0,0
BRDA:39,0,1,0
BRDA:44,1,0,0
BRDA:44,1,1,0
BRDA:44,2,0,0
BRDA:44,2,1,0
BRDA:55,3,0,0
BRDA:55,3,1,0
BRDA:68,4,0,0
BRDA:68,4,1,0
BRDA:75,5,0,0
BRDA:75,5,1,0
BRDA:75,6,0,0
BRDA:75,6,1,0
BRDA:92,7,0,0
BRDA:92,7,1,0
BRDA:192,8,0,0
BRDA:192,8,1,0
BRF:18
BRH:0
end_of_record
TN:
SF:src/services/storageService.ts
FN:14,(anonymous_8)
FN:19,(anonymous_9)
FN:24,(anonymous_10)
FN:63,(anonymous_12)
FN:84,(anonymous_14)
FN:101,(anonymous_15)
FN:128,(anonymous_17)
FN:142,(anonymous_19)
FN:187,(anonymous_22)
FN:210,(anonymous_23)
FNF:10
FNH:0
FNDA:0,(anonymous_8)
FNDA:0,(anonymous_9)
FNDA:0,(anonymous_10)
FNDA:0,(anonymous_12)
FNDA:0,(anonymous_14)
FNDA:0,(anonymous_15)
FNDA:0,(anonymous_17)
FNDA:0,(anonymous_19)
FNDA:0,(anonymous_22)
FNDA:0,(anonymous_23)
DA:1,0
DA:2,0
DA:4,0
DA:11,0
DA:15,0
DA:20,0
DA:30,0
DA:32,0
DA:33,0
DA:46,0
DA:51,0
DA:53,0
DA:58,0
DA:64,0
DA:68,0
DA:69,0
DA:77,0
DA:84,0
DA:85,0
DA:86,0
DA:89,0
DA:91,0
DA:96,0
DA:105,0
DA:107,0
DA:108,0
DA:116,0
DA:118,0
DA:123,0
DA:129,0
DA:133,0
DA:135,0
DA:142,0
DA:143,0
DA:144,0
DA:147,0
DA:154,0
DA:159,0
DA:164,0
DA:174,0
DA:178,0
DA:180,0
DA:187,0
DA:188,0
DA:189,0
DA:192,0
DA:198,0
DA:200,0
DA:205,0
DA:213,0
DA:217,0
LF:51
LH:0
BRDA:15,0,0,0
BRDA:15,0,1,0
BRDA:56,1,0,0
BRDA:56,1,1,0
BRDA:64,2,0,0
BRDA:64,2,1,0
BRDA:84,3,0,0
BRDA:84,3,1,0
BRDA:84,4,0,0
BRDA:84,4,1,0
BRDA:85,5,0,0
BRDA:85,5,1,0
BRDA:85,6,0,0
BRDA:85,6,1,0
BRDA:85,7,0,0
BRDA:85,7,1,0
BRDA:94,8,0,0
BRDA:94,8,1,0
BRDA:105,9,0,0
BRDA:105,9,1,0
BRDA:116,10,0,0
BRDA:116,10,1,0
BRDA:121,11,0,0
BRDA:121,11,1,0
BRDA:129,12,0,0
BRDA:129,12,1,0
BRDA:142,13,0,0
BRDA:142,13,1,0
BRDA:142,14,0,0
BRDA:142,14,1,0
BRDA:143,15,0,0
BRDA:143,15,1,0
BRDA:143,16,0,0
BRDA:143,16,1,0
BRDA:143,17,0,0
BRDA:143,17,1,0
BRDA:162,18,0,0
BRDA:162,18,1,0
BRDA:172,19,0,0
BRDA:174,20,0,0
BRDA:174,20,1,0
BRDA:187,21,0,0
BRDA:187,21,1,0
BRDA:187,22,0,0
BRDA:187,22,1,0
BRDA:188,23,0,0
BRDA:188,23,1,0
BRDA:188,24,0,0
BRDA:188,24,1,0
BRDA:188,25,0,0
BRDA:188,25,1,0
BRDA:203,26,0,0
BRDA:203,26,1,0
BRF:53
BRH:0
end_of_record
TN:
SF:src/services/trainingService.ts
FN:18,improveResponse
FNF:1
FNH:0
FNDA:0,improveResponse
DA:1,0
DA:2,0
DA:3,0
DA:5,0
DA:18,0
DA:26,0
DA:28,0
DA:30,0
DA:52,0
DA:58,0
DA:65,0
DA:75,0
DA:77,0
DA:83,0
DA:84,0
LF:15
LH:0
BRDA:61,0,0,0
BRDA:61,0,1,0
BRDA:61,1,0,0
BRDA:61,1,1,0
BRDA:75,2,0,0
BRDA:75,2,1,0
BRF:6
BRH:0
end_of_record
TN:
SF:src/services/widgetService.ts
FN:4,(anonymous_7)
FN:12,(anonymous_8)
FN:69,(anonymous_9)
FN:80,(anonymous_10)
FN:119,(anonymous_11)
FN:119,(anonymous_12)
FN:160,(anonymous_13)
FN:175,(anonymous_14)
FN:208,(anonymous_15)
FN:208,(anonymous_16)
FN:228,(anonymous_17)
FN:231,(anonymous_18)
FN:286,(anonymous_19)
FNF:13
FNH:0
FNDA:0,(anonymous_7)
FNDA:0,(anonymous_8)
FNDA:0,(anonymous_9)
FNDA:0,(anonymous_10)
FNDA:0,(anonymous_11)
FNDA:0,(anonymous_12)
FNDA:0,(anonymous_13)
FNDA:0,(anonymous_14)
FNDA:0,(anonymous_15)
FNDA:0,(anonymous_16)
FNDA:0,(anonymous_17)
FNDA:0,(anonymous_18)
FNDA:0,(anonymous_19)
DA:1,1
DA:2,1
DA:4,1
DA:12,0
DA:13,0
DA:15,0
DA:17,0
DA:34,0
DA:58,0
DA:69,1
DA:80,0
DA:82,0
DA:89,0
DA:90,0
DA:93,0
DA:95,0
DA:119,1
DA:120,0
DA:153,0
DA:154,0
DA:157,0
DA:160,1
DA:175,0
DA:177,0
DA:186,0
DA:187,0
DA:190,0
DA:208,1
DA:210,0
DA:219,0
DA:220,0
DA:223,0
DA:228,1
DA:231,0
DA:233,0
DA:242,0
DA:243,0
DA:246,0
DA:249,0
DA:282,0
DA:286,0
LF:41
LH:8
BRDA:6,0,0,0
BRDA:13,1,0,0
BRDA:13,2,0,0
BRDA:13,3,0,0
BRDA:21,4,0,0
BRDA:21,4,1,0
BRDA:29,5,0,0
BRDA:29,5,1,0
BRDA:89,6,0,0
BRDA:89,6,1,0
BRDA:99,7,0,0
BRDA:99,7,1,0
BRDA:100,8,0,0
BRDA:100,8,1,0
BRDA:101,9,0,0
BRDA:101,9,1,0
BRDA:102,10,0,0
BRDA:102,10,1,0
BRDA:103,11,0,0
BRDA:103,11,1,0
BRDA:104,12,0,0
BRDA:104,12,1,0
BRDA:105,13,0,0
BRDA:105,13,1,0
BRDA:153,14,0,0
BRDA:153,14,1,0
BRDA:186,15,0,0
BRDA:186,15,1,0
BRDA:219,16,0,0
BRDA:219,16,1,0
BRDA:242,17,0,0
BRDA:242,17,1,0
BRDA:285,18,0,0
BRDA:285,18,1,0
BRF:34
BRH:0
end_of_record
TN:
SF:src/utils/csvExporter.ts
FN:10,(anonymous_0)
FN:54,(anonymous_1)
FN:71,(anonymous_2)
FNF:3
FNH:0
FNDA:0,(anonymous_0)
FNDA:0,(anonymous_1)
FNDA:0,(anonymous_2)
DA:1,0
DA:10,0
DA:19,0
DA:22,0
DA:23,0
DA:31,0
DA:37,0
DA:38,0
DA:42,0
DA:43,0
DA:46,0
DA:47,0
DA:50,0
DA:54,0
DA:55,0
DA:57,0
DA:60,0
DA:61,0
DA:62,0
DA:63,0
DA:64,0
DA:65,0
DA:67,0
DA:71,0
DA:72,0
DA:73,0
DA:77,0
DA:78,0
DA:82,0
DA:83,0
DA:87,0
DA:90,0
DA:92,0
DA:96,0
LF:34
LH:0
BRDA:12,0,0,0
BRDA:16,1,0,0
BRDA:17,2,0,0
BRDA:18,3,0,0
BRDA:22,4,0,0
BRDA:22,4,1,0
BRDA:22,5,0,0
BRDA:22,5,1,0
BRDA:37,6,0,0
BRDA:37,6,1,0
BRDA:37,7,0,0
BRDA:37,7,1,0
BRDA:46,8,0,0
BRDA:46,8,1,0
BRDA:55,9,0,0
BRDA:55,9,1,0
BRDA:57,10,0,0
BRDA:57,10,1,0
BRDA:72,11,0,0
BRDA:72,11,1,0
BRDA:72,12,0,0
BRDA:72,12,1,0
BRDA:77,13,0,0
BRDA:77,13,1,0
BRDA:78,14,0,0
BRDA:78,14,1,0
BRDA:82,15,0,0
BRDA:82,15,1,0
BRF:28
BRH:0
end_of_record
TN:
SF:src/utils/email.ts
FN:16,(anonymous_8)
FN:16,(anonymous_9)
FN:46,(anonymous_10)
FN:49,(anonymous_11)
FN:61,(anonymous_12)
FN:64,(anonymous_13)
FNF:6
FNH:0
FNDA:0,(anonymous_8)
FNDA:0,(anonymous_9)
FNDA:0,(anonymous_10)
FNDA:0,(anonymous_11)
FNDA:0,(anonymous_12)
FNDA:0,(anonymous_13)
DA:1,1
DA:4,1
DA:5,1
DA:16,1
DA:17,0
DA:24,0
DA:25,0
DA:27,0
DA:28,0
DA:31,0
DA:33,0
DA:34,0
DA:37,0
DA:38,0
DA:40,0
DA:41,0
DA:46,1
DA:49,0
DA:50,0
DA:61,1
DA:64,0
DA:65,0
LF:22
LH:6
BRDA:4,0,0,1
BRDA:4,0,1,0
BRDA:19,1,0,0
BRDA:19,1,1,0
BRDA:19,1,2,0
BRDA:24,2,0,0
BRDA:24,2,1,0
BRDA:27,3,0,0
BRDA:27,3,1,0
BRDA:31,4,0,0
BRDA:31,4,1,0
BRF:11
BRH:1
end_of_record
TN:
SF:src/utils/jwt.ts
FN:14,(anonymous_1)
FN:37,(anonymous_2)
FNF:2
FNH:2
FNDA:3,(anonymous_1)
FNDA:9,(anonymous_2)
DA:1,7
DA:14,7
DA:15,3
DA:16,1
DA:19,2
DA:26,2
DA:33,2
DA:37,7
DA:38,9
DA:39,1
DA:42,8
DA:43,8
DA:44,4
DA:46,4
DA:47,2
DA:49,2
LF:16
LH:16
BRDA:15,0,0,1
BRDA:15,0,1,2
BRDA:30,1,0,1
BRDA:30,1,1,1
BRDA:38,2,0,1
BRDA:38,2,1,8
BRDA:46,3,0,2
BRDA:46,3,1,2
BRDA:46,4,0,4
BRDA:46,4,1,4
BRF:10
BRH:10
end_of_record
TN:
SF:src/utils/password.ts
FN:6,(anonymous_8)
FN:6,(anonymous_9)
FN:11,(anonymous_10)
FN:14,(anonymous_11)
FNF:4
FNH:0
FNDA:0,(anonymous_8)
FNDA:0,(anonymous_9)
FNDA:0,(anonymous_10)
FNDA:0,(anonymous_11)
DA:1,1
DA:3,1
DA:6,1
DA:7,0
DA:11,1
DA:14,0
DA:15,0
LF:7
LH:4
BRF:0
BRH:0
end_of_record
TN:
SF:src/utils/rateLimiter.ts
FN:20,(anonymous_8)
FN:29,(anonymous_9)
FN:33,(anonymous_10)
FN:52,(anonymous_11)
FN:65,(anonymous_13)
FN:85,(anonymous_15)
FN:115,(anonymous_16)
FNF:7
FNH:0
FNDA:0,(anonymous_8)
FNDA:0,(anonymous_9)
FNDA:0,(anonymous_10)
FNDA:0,(anonymous_11)
FNDA:0,(anonymous_13)
FNDA:0,(anonymous_15)
FNDA:0,(anonymous_16)
DA:1,0
DA:16,0
DA:17,0
DA:22,0
DA:23,0
DA:24,0
DA:29,0
DA:30,0
DA:33,0
DA:34,0
DA:38,0
DA:41,0
DA:45,0
DA:48,0
DA:53,0
DA:54,0
DA:55,0
DA:56,0
DA:58,0
DA:59,0
DA:61,0
DA:71,0
DA:72,0
DA:73,0
DA:75,0
DA:76,0
DA:78,0
DA:91,0
DA:92,0
DA:95,0
DA:96,0
DA:99,0
DA:100,0
DA:102,0
DA:103,0
DA:106,0
DA:108,0
DA:116,0
DA:117,0
DA:123,0
LF:40
LH:0
BRDA:22,0,0,0
BRDA:22,0,1,0
BRDA:58,1,0,0
BRDA:58,1,1,0
BRDA:76,2,0,0
BRDA:76,2,1,0
BRDA:76,3,0,0
BRDA:76,3,1,0
BRDA:76,4,0,0
BRDA:76,4,1,0
BRDA:76,5,0,0
BRDA:76,5,1,0
BRDA:76,6,0,0
BRDA:76,6,1,0
BRDA:95,7,0,0
BRDA:95,7,1,0
BRDA:95,8,0,0
BRDA:95,8,1,0
BRDA:99,9,0,0
BRDA:99,9,1,0
BRDA:102,10,0,0
BRDA:102,10,1,0
BRDA:116,11,0,0
BRDA:116,11,1,0
BRF:24
BRH:0
end_of_record
TN:
SF:src/utils/themeUtils.ts
FN:70,isValidHexColor
FN:77,validateTheme
FN:90,(anonymous_2)
FN:109,(anonymous_3)
FN:120,generateThemeCSS
FN:135,applyPresetTheme
FNF:6
FNH:0
FNDA:0,isValidHexColor
FNDA:0,validateTheme
FNDA:0,(anonymous_2)
FNDA:0,(anonymous_3)
FNDA:0,generateThemeCSS
FNDA:0,applyPresetTheme
DA:11,0
DA:56,0
DA:70,0
DA:71,0
DA:77,0
DA:78,0
DA:80,0
DA:81,0
DA:84,0
DA:90,0
DA:91,0
DA:92,0
DA:93,0
DA:97,0
DA:98,0
DA:103,0
DA:107,0
DA:109,0
DA:111,0
DA:114,0
DA:120,0
DA:121,0
DA:135,0
DA:139,0
DA:140,0
DA:141,0
DA:144,0
LF:27
LH:0
BRDA:80,0,0,0
BRDA:80,0,1,0
BRDA:80,1,0,0
BRDA:80,1,1,0
BRDA:92,2,0,0
BRDA:92,2,1,0
BRDA:92,3,0,0
BRDA:92,3,1,0
BRDA:97,4,0,0
BRDA:97,4,1,0
BRDA:98,5,0,0
BRDA:98,5,1,0
BRDA:99,6,0,0
BRDA:99,6,1,0
BRDA:99,6,2,0
BRDA:107,7,0,0
BRDA:107,7,1,0
BRDA:108,8,0,0
BRDA:108,8,1,0
BRDA:140,9,0,0
BRDA:140,9,1,0
BRF:21
BRH:0
end_of_record
TN:
SF:src/utils/validateHexColor.ts
FN:6,validateHexColor
FN:15,sanitizeHexColor
FNF:2
FNH:0
FNDA:0,validateHexColor
FNDA:0,sanitizeHexColor
DA:6,0
DA:7,0
DA:15,0
DA:16,0
DA:17,0
DA:19,0
DA:20,0
DA:23,0
LF:8
LH:0
BRDA:17,0,0,0
BRDA:17,0,1,0
BRDA:19,1,0,0
BRDA:19,1,1,0
BRF:4
BRH:0
end_of_record
TN:
SF:src/utils/widgetKey.ts
FN:7,generateWidgetKey
FN:16,isValidWidgetKey
FNF:2
FNH:0
FNDA:0,generateWidgetKey
FNDA:0,isValidWidgetKey
DA:1,1
DA:7,1
DA:8,0
DA:16,1
DA:18,0
DA:19,0
DA:21,0
LF:7
LH:3
BRDA:21,0,0,0
BRDA:21,0,1,0
BRF:2
BRH:0
end_of_record
